Flow report for truth_table_v3
Sun Mar 13 15:59:10 2011
Quartus II Version 10.1 Build 153 11/29/2010 SJ Web Edition


---------------------
; Table of Contents ;
---------------------
  1. Legal Notice
  2. Flow Summary
  3. Flow Settings
  4. Flow Non-Default Global Settings
  5. Flow Elapsed Time
  6. Flow OS Summary
  7. Flow Log



----------------
; Legal Notice ;
----------------
Copyright (C) 1991-2010 Altera Corporation
Your use of Altera Corporation's design tools, logic functions 
and other software and tools, and its AMPP partner logic 
functions, and any output files from any of the foregoing 
(including device programming or simulation files), and any 
associated documentation or information are expressly subject 
to the terms and conditions of the Altera Program License 
Subscription Agreement, Altera MegaCore Function License 
Agreement, or other applicable license agreement, including, 
without limitation, that your use is for the sole purpose of 
programming logic devices manufactured by Altera and sold by 
Altera or its authorized distributors.  Please refer to the 
applicable agreement for further details.



+-------------------------------------------------------------------------------+
; Flow Summary                                                                  ;
+------------------------------------+------------------------------------------+
; Flow Status                        ; Successful - Sun Mar 13 15:59:03 2011    ;
; Quartus II Version                 ; 10.1 Build 153 11/29/2010 SJ Web Edition ;
; Revision Name                      ; truth_table_v3                           ;
; Top-level Entity Name              ; truth_table_v3                           ;
; Family                             ; Cyclone IV GX                            ;
; Total logic elements               ; 0 / 14,400 ( 0 % )                       ;
;     Total combinational functions  ; 0 / 14,400 ( 0 % )                       ;
;     Dedicated logic registers      ; 0 / 14,400 ( 0 % )                       ;
; Total registers                    ; 0                                        ;
; Total pins                         ; 3 / 81 ( 4 % )                           ;
; Total virtual pins                 ; 0                                        ;
; Total memory bits                  ; 0 / 552,960 ( 0 % )                      ;
; Embedded Multiplier 9-bit elements ; 0                                        ;
; Total GXB Receiver Channel PCS     ; 0 / 2 ( 0 % )                            ;
; Total GXB Receiver Channel PMA     ; 0 / 2 ( 0 % )                            ;
; Total GXB Transmitter Channel PCS  ; 0 / 2 ( 0 % )                            ;
; Total GXB Transmitter Channel PMA  ; 0 / 2 ( 0 % )                            ;
; Total PLLs                         ; 0 / 3 ( 0 % )                            ;
; Device                             ; EP4CGX15BF14C6                           ;
; Timing Models                      ; Final                                    ;
+------------------------------------+------------------------------------------+


+-----------------------------------------+
; Flow Settings                           ;
+-------------------+---------------------+
; Option            ; Setting             ;
+-------------------+---------------------+
; Start date & time ; 03/13/2011 15:57:54 ;
; Main task         ; Compilation         ;
; Revision Name     ; truth_table_v3      ;
+-------------------+---------------------+


+----------------------------------------------------------------------------------------------------------------+
; Flow Non-Default Global Settings                                                                               ;
+-------------------------------------+-------------------------------+---------------+-------------+------------+
; Assignment Name                     ; Value                         ; Default Value ; Entity Name ; Section Id ;
+-------------------------------------+-------------------------------+---------------+-------------+------------+
; COMPILER_SIGNATURE_ID               ; 8796755056041.130002107402284 ; --            ; --          ; --         ;
; PARTITION_COLOR                     ; 16764057                      ; --            ; --          ; Top        ;
; PARTITION_FITTER_PRESERVATION_LEVEL ; PLACEMENT_AND_ROUTING         ; --            ; --          ; Top        ;
; PARTITION_NETLIST_TYPE              ; SOURCE                        ; --            ; --          ; Top        ;
+-------------------------------------+-------------------------------+---------------+-------------+------------+


+-------------------------------------------------------------------------------------------------------------------------------+
; Flow Elapsed Time                                                                                                             ;
+---------------------------+--------------+-------------------------+---------------------+------------------------------------+
; Module Name               ; Elapsed Time ; Average Processors Used ; Peak Virtual Memory ; Total CPU Time (on all processors) ;
+---------------------------+--------------+-------------------------+---------------------+------------------------------------+
; Analysis & Synthesis      ; 00:00:08     ; 1.0                     ; --                  ; 00:00:04                           ;
; Fitter                    ; 00:00:27     ; 1.0                     ; --                  ; 00:00:17                           ;
; Assembler                 ; 00:00:09     ; 1.0                     ; --                  ; 00:00:03                           ;
; TimeQuest Timing Analyzer ; 00:00:19     ; 1.0                     ; --                  ; 00:00:10                           ;
; Total                     ; 00:01:03     ; --                      ; --                  ; 00:00:34                           ;
+---------------------------+--------------+-------------------------+---------------------+------------------------------------+


+---------------------------------------------------------------------------------------------+
; Flow OS Summary                                                                             ;
+---------------------------+------------------+----------------+------------+----------------+
; Module Name               ; Machine Hostname ; OS Name        ; OS Version ; Processor type ;
+---------------------------+------------------+----------------+------------+----------------+
; Analysis & Synthesis      ; steel1004-laptop ; Ubuntu 10.04.2 ; 10         ; i686           ;
; Fitter                    ; steel1004-laptop ; Ubuntu 10.04.2 ; 10         ; i686           ;
; Assembler                 ; steel1004-laptop ; Ubuntu 10.04.2 ; 10         ; i686           ;
; TimeQuest Timing Analyzer ; steel1004-laptop ; Ubuntu 10.04.2 ; 10         ; i686           ;
+---------------------------+------------------+----------------+------------+----------------+


------------
; Flow Log ;
------------
quartus_map --read_settings_files=on --write_settings_files=off truth_table_v3 -c truth_table_v3
quartus_fit --read_settings_files=off --write_settings_files=off truth_table_v3 -c truth_table_v3
quartus_asm --read_settings_files=off --write_settings_files=off truth_table_v3 -c truth_table_v3
quartus_sta truth_table_v3 -c truth_table_v3



