TimeQuest Timing Analyzer report for counter
Sun Mar 13 19:05:07 2011
Quartus II Version 10.1 Build 153 11/29/2010 SJ Web Edition


---------------------
; Table of Contents ;
---------------------
  1. Legal Notice
  2. TimeQuest Timing Analyzer Summary
  3. Clocks
  4. Slow 1200mV 85C Model Fmax Summary
  5. Slow 1200mV 85C Model Setup Summary
  6. Slow 1200mV 85C Model Hold Summary
  7. Slow 1200mV 85C Model Recovery Summary
  8. Slow 1200mV 85C Model Removal Summary
  9. Slow 1200mV 85C Model Minimum Pulse Width Summary
 10. Slow 1200mV 85C Model Setup: 'clk_i'
 11. Slow 1200mV 85C Model Hold: 'clk_i'
 12. Slow 1200mV 85C Model Minimum Pulse Width: 'clk_i'
 13. Setup Times
 14. Hold Times
 15. Clock to Output Times
 16. Minimum Clock to Output Times
 17. Slow 1200mV 85C Model Metastability Report
 18. Slow 1200mV 0C Model Fmax Summary
 19. Slow 1200mV 0C Model Setup Summary
 20. Slow 1200mV 0C Model Hold Summary
 21. Slow 1200mV 0C Model Recovery Summary
 22. Slow 1200mV 0C Model Removal Summary
 23. Slow 1200mV 0C Model Minimum Pulse Width Summary
 24. Slow 1200mV 0C Model Setup: 'clk_i'
 25. Slow 1200mV 0C Model Hold: 'clk_i'
 26. Slow 1200mV 0C Model Minimum Pulse Width: 'clk_i'
 27. Setup Times
 28. Hold Times
 29. Clock to Output Times
 30. Minimum Clock to Output Times
 31. Slow 1200mV 0C Model Metastability Report
 32. Fast 1200mV 0C Model Setup Summary
 33. Fast 1200mV 0C Model Hold Summary
 34. Fast 1200mV 0C Model Recovery Summary
 35. Fast 1200mV 0C Model Removal Summary
 36. Fast 1200mV 0C Model Minimum Pulse Width Summary
 37. Fast 1200mV 0C Model Setup: 'clk_i'
 38. Fast 1200mV 0C Model Hold: 'clk_i'
 39. Fast 1200mV 0C Model Minimum Pulse Width: 'clk_i'
 40. Setup Times
 41. Hold Times
 42. Clock to Output Times
 43. Minimum Clock to Output Times
 44. Fast 1200mV 0C Model Metastability Report
 45. Multicorner Timing Analysis Summary
 46. Setup Times
 47. Hold Times
 48. Clock to Output Times
 49. Minimum Clock to Output Times
 50. Board Trace Model Assignments
 51. Input Transition Times
 52. Signal Integrity Metrics (Slow 1200mv 0c Model)
 53. Signal Integrity Metrics (Slow 1200mv 85c Model)
 54. Signal Integrity Metrics (Fast 1200mv 0c Model)
 55. Setup Transfers
 56. Hold Transfers
 57. Report TCCS
 58. Report RSKM
 59. Unconstrained Paths
 60. TimeQuest Timing Analyzer Messages



----------------
; Legal Notice ;
----------------
Copyright (C) 1991-2010 Altera Corporation
Your use of Altera Corporation's design tools, logic functions 
and other software and tools, and its AMPP partner logic 
functions, and any output files from any of the foregoing 
(including device programming or simulation files), and any 
associated documentation or information are expressly subject 
to the terms and conditions of the Altera Program License 
Subscription Agreement, Altera MegaCore Function License 
Agreement, or other applicable license agreement, including, 
without limitation, that your use is for the sole purpose of 
programming logic devices manufactured by Altera and sold by 
Altera or its authorized distributors.  Please refer to the 
applicable agreement for further details.



+-----------------------------------------------------------------------+
; TimeQuest Timing Analyzer Summary                                     ;
+--------------------+--------------------------------------------------+
; Quartus II Version ; Version 10.1 Build 153 11/29/2010 SJ Web Edition ;
; Revision Name      ; counter                                          ;
; Device Family      ; Cyclone IV GX                                    ;
; Device Name        ; EP4CGX15BF14C6                                   ;
; Timing Models      ; Final                                            ;
; Delay Model        ; Combined                                         ;
; Rise/Fall Delays   ; Enabled                                          ;
+--------------------+--------------------------------------------------+


+-----------------------------------------------------------------------------------------------------------------------------------------------------------------------------------+
; Clocks                                                                                                                                                                            ;
+------------+------+--------+------------+-------+-------+------------+-----------+-------------+-------+--------+-----------+------------+----------+--------+--------+-----------+
; Clock Name ; Type ; Period ; Frequency  ; Rise  ; Fall  ; Duty Cycle ; Divide by ; Multiply by ; Phase ; Offset ; Edge List ; Edge Shift ; Inverted ; Master ; Source ; Targets   ;
+------------+------+--------+------------+-------+-------+------------+-----------+-------------+-------+--------+-----------+------------+----------+--------+--------+-----------+
; clk_i      ; Base ; 1.000  ; 1000.0 MHz ; 0.000 ; 0.500 ;            ;           ;             ;       ;        ;           ;            ;          ;        ;        ; { clk_i } ;
+------------+------+--------+------------+-------+-------+------------+-----------+-------------+-------+--------+-----------+------------+----------+--------+--------+-----------+


+-----------------------------------------------------------------------------------------------------------+
; Slow 1200mV 85C Model Fmax Summary                                                                        ;
+------------+-----------------+------------+---------------------------------------------------------------+
; Fmax       ; Restricted Fmax ; Clock Name ; Note                                                          ;
+------------+-----------------+------------+---------------------------------------------------------------+
; 629.33 MHz ; 250.0 MHz       ; clk_i      ; limit due to minimum period restriction (max I/O toggle rate) ;
+------------+-----------------+------------+---------------------------------------------------------------+
This panel reports FMAX for every clock in the design, regardless of the user-specified clock periods.  FMAX is only computed for paths where the source and destination registers or ports are driven by the same clock.  Paths of different clocks, including generated clocks, are ignored.  For paths between a clock and its inversion, FMAX is computed as if the rising and falling edges are scaled along with FMAX, such that the duty cycle (in terms of a percentage) is maintained. Altera recommends that you always use clock constraints and other slack reports for sign-off analysis.


+-------------------------------------+
; Slow 1200mV 85C Model Setup Summary ;
+-------+--------+--------------------+
; Clock ; Slack  ; End Point TNS      ;
+-------+--------+--------------------+
; clk_i ; -0.589 ; -1.721             ;
+-------+--------+--------------------+


+------------------------------------+
; Slow 1200mV 85C Model Hold Summary ;
+-------+-------+--------------------+
; Clock ; Slack ; End Point TNS      ;
+-------+-------+--------------------+
; clk_i ; 0.387 ; 0.000              ;
+-------+-------+--------------------+


------------------------------------------
; Slow 1200mV 85C Model Recovery Summary ;
------------------------------------------
No paths to report.


-----------------------------------------
; Slow 1200mV 85C Model Removal Summary ;
-----------------------------------------
No paths to report.


+---------------------------------------------------+
; Slow 1200mV 85C Model Minimum Pulse Width Summary ;
+-------+--------+----------------------------------+
; Clock ; Slack  ; End Point TNS                    ;
+-------+--------+----------------------------------+
; clk_i ; -3.000 ; -7.000                           ;
+-------+--------+----------------------------------+


+----------------------------------------------------------------------------------------------------------------+
; Slow 1200mV 85C Model Setup: 'clk_i'                                                                           ;
+--------+----------------+----------------+--------------+-------------+--------------+------------+------------+
; Slack  ; From Node      ; To Node        ; Launch Clock ; Latch Clock ; Relationship ; Clock Skew ; Data Delay ;
+--------+----------------+----------------+--------------+-------------+--------------+------------+------------+
; -0.589 ; data_o[0]~reg0 ; data_o[3]~reg0 ; clk_i        ; clk_i       ; 1.000        ; -0.064     ; 1.520      ;
; -0.585 ; data_o[1]~reg0 ; data_o[2]~reg0 ; clk_i        ; clk_i       ; 1.000        ; -0.064     ; 1.516      ;
; -0.579 ; data_o[1]~reg0 ; data_o[3]~reg0 ; clk_i        ; clk_i       ; 1.000        ; -0.064     ; 1.510      ;
; -0.504 ; data_o[0]~reg0 ; data_o[2]~reg0 ; clk_i        ; clk_i       ; 1.000        ; -0.064     ; 1.435      ;
; -0.474 ; data_o[2]~reg0 ; data_o[3]~reg0 ; clk_i        ; clk_i       ; 1.000        ; -0.064     ; 1.405      ;
; -0.473 ; data_o[0]~reg0 ; data_o[1]~reg0 ; clk_i        ; clk_i       ; 1.000        ; -0.064     ; 1.404      ;
; -0.074 ; data_o[0]~reg0 ; data_o[0]~reg0 ; clk_i        ; clk_i       ; 1.000        ; -0.064     ; 1.005      ;
; -0.074 ; data_o[2]~reg0 ; data_o[2]~reg0 ; clk_i        ; clk_i       ; 1.000        ; -0.064     ; 1.005      ;
; -0.049 ; data_o[1]~reg0 ; data_o[1]~reg0 ; clk_i        ; clk_i       ; 1.000        ; -0.064     ; 0.980      ;
; 0.226  ; data_o[3]~reg0 ; data_o[3]~reg0 ; clk_i        ; clk_i       ; 1.000        ; -0.064     ; 0.705      ;
+--------+----------------+----------------+--------------+-------------+--------------+------------+------------+


+---------------------------------------------------------------------------------------------------------------+
; Slow 1200mV 85C Model Hold: 'clk_i'                                                                           ;
+-------+----------------+----------------+--------------+-------------+--------------+------------+------------+
; Slack ; From Node      ; To Node        ; Launch Clock ; Latch Clock ; Relationship ; Clock Skew ; Data Delay ;
+-------+----------------+----------------+--------------+-------------+--------------+------------+------------+
; 0.387 ; data_o[3]~reg0 ; data_o[3]~reg0 ; clk_i        ; clk_i       ; 0.000        ; 0.064      ; 0.608      ;
; 0.574 ; data_o[1]~reg0 ; data_o[1]~reg0 ; clk_i        ; clk_i       ; 0.000        ; 0.064      ; 0.795      ;
; 0.575 ; data_o[2]~reg0 ; data_o[2]~reg0 ; clk_i        ; clk_i       ; 0.000        ; 0.064      ; 0.796      ;
; 0.588 ; data_o[0]~reg0 ; data_o[0]~reg0 ; clk_i        ; clk_i       ; 0.000        ; 0.064      ; 0.809      ;
; 0.848 ; data_o[1]~reg0 ; data_o[2]~reg0 ; clk_i        ; clk_i       ; 0.000        ; 0.064      ; 1.069      ;
; 0.862 ; data_o[0]~reg0 ; data_o[1]~reg0 ; clk_i        ; clk_i       ; 0.000        ; 0.064      ; 1.083      ;
; 0.863 ; data_o[2]~reg0 ; data_o[3]~reg0 ; clk_i        ; clk_i       ; 0.000        ; 0.064      ; 1.084      ;
; 0.864 ; data_o[0]~reg0 ; data_o[2]~reg0 ; clk_i        ; clk_i       ; 0.000        ; 0.064      ; 1.085      ;
; 0.958 ; data_o[1]~reg0 ; data_o[3]~reg0 ; clk_i        ; clk_i       ; 0.000        ; 0.064      ; 1.179      ;
; 0.974 ; data_o[0]~reg0 ; data_o[3]~reg0 ; clk_i        ; clk_i       ; 0.000        ; 0.064      ; 1.195      ;
+-------+----------------+----------------+--------------+-------------+--------------+------------+------------+


+--------------------------------------------------------------------------------------------------------------+
; Slow 1200mV 85C Model Minimum Pulse Width: 'clk_i'                                                           ;
+--------+--------------+----------------+------------------+-------+------------+-----------------------------+
; Slack  ; Actual Width ; Required Width ; Type             ; Clock ; Clock Edge ; Target                      ;
+--------+--------------+----------------+------------------+-------+------------+-----------------------------+
; -3.000 ; 1.000        ; 4.000          ; Port Rate        ; clk_i ; Rise       ; clk_i                       ;
; -1.000 ; 1.000        ; 2.000          ; Min Period       ; clk_i ; Rise       ; data_o[0]~reg0              ;
; -1.000 ; 1.000        ; 2.000          ; Min Period       ; clk_i ; Rise       ; data_o[1]~reg0              ;
; -1.000 ; 1.000        ; 2.000          ; Min Period       ; clk_i ; Rise       ; data_o[2]~reg0              ;
; -1.000 ; 1.000        ; 2.000          ; Min Period       ; clk_i ; Rise       ; data_o[3]~reg0              ;
; 0.208  ; 0.392        ; 0.184          ; Low Pulse Width  ; clk_i ; Rise       ; data_o[0]~reg0              ;
; 0.208  ; 0.392        ; 0.184          ; Low Pulse Width  ; clk_i ; Rise       ; data_o[1]~reg0              ;
; 0.208  ; 0.392        ; 0.184          ; Low Pulse Width  ; clk_i ; Rise       ; data_o[2]~reg0              ;
; 0.208  ; 0.392        ; 0.184          ; Low Pulse Width  ; clk_i ; Rise       ; data_o[3]~reg0              ;
; 0.326  ; 0.326        ; 0.000          ; Low Pulse Width  ; clk_i ; Rise       ; clk_i~input|o               ;
; 0.337  ; 0.337        ; 0.000          ; Low Pulse Width  ; clk_i ; Rise       ; clk_i~inputclkctrl|inclk[0] ;
; 0.337  ; 0.337        ; 0.000          ; Low Pulse Width  ; clk_i ; Rise       ; clk_i~inputclkctrl|outclk   ;
; 0.368  ; 0.368        ; 0.000          ; Low Pulse Width  ; clk_i ; Rise       ; data_o[0]~reg0|clk          ;
; 0.368  ; 0.368        ; 0.000          ; Low Pulse Width  ; clk_i ; Rise       ; data_o[1]~reg0|clk          ;
; 0.368  ; 0.368        ; 0.000          ; Low Pulse Width  ; clk_i ; Rise       ; data_o[2]~reg0|clk          ;
; 0.368  ; 0.368        ; 0.000          ; Low Pulse Width  ; clk_i ; Rise       ; data_o[3]~reg0|clk          ;
; 0.392  ; 0.608        ; 0.216          ; High Pulse Width ; clk_i ; Rise       ; data_o[0]~reg0              ;
; 0.392  ; 0.608        ; 0.216          ; High Pulse Width ; clk_i ; Rise       ; data_o[1]~reg0              ;
; 0.392  ; 0.608        ; 0.216          ; High Pulse Width ; clk_i ; Rise       ; data_o[2]~reg0              ;
; 0.392  ; 0.608        ; 0.216          ; High Pulse Width ; clk_i ; Rise       ; data_o[3]~reg0              ;
; 0.500  ; 0.500        ; 0.000          ; High Pulse Width ; clk_i ; Rise       ; clk_i~input|i               ;
; 0.500  ; 0.500        ; 0.000          ; Low Pulse Width  ; clk_i ; Rise       ; clk_i~input|i               ;
; 0.630  ; 0.630        ; 0.000          ; High Pulse Width ; clk_i ; Rise       ; data_o[0]~reg0|clk          ;
; 0.630  ; 0.630        ; 0.000          ; High Pulse Width ; clk_i ; Rise       ; data_o[1]~reg0|clk          ;
; 0.630  ; 0.630        ; 0.000          ; High Pulse Width ; clk_i ; Rise       ; data_o[2]~reg0|clk          ;
; 0.630  ; 0.630        ; 0.000          ; High Pulse Width ; clk_i ; Rise       ; data_o[3]~reg0|clk          ;
; 0.662  ; 0.662        ; 0.000          ; High Pulse Width ; clk_i ; Rise       ; clk_i~inputclkctrl|inclk[0] ;
; 0.662  ; 0.662        ; 0.000          ; High Pulse Width ; clk_i ; Rise       ; clk_i~inputclkctrl|outclk   ;
; 0.674  ; 0.674        ; 0.000          ; High Pulse Width ; clk_i ; Rise       ; clk_i~input|o               ;
+--------+--------------+----------------+------------------+-------+------------+-----------------------------+


+-----------------------------------------------------------------------+
; Setup Times                                                           ;
+-----------+------------+-------+-------+------------+-----------------+
; Data Port ; Clock Port ; Rise  ; Fall  ; Clock Edge ; Clock Reference ;
+-----------+------------+-------+-------+------------+-----------------+
; en_i      ; clk_i      ; 2.975 ; 3.296 ; Rise       ; clk_i           ;
; rst_i     ; clk_i      ; 2.414 ; 2.891 ; Rise       ; clk_i           ;
+-----------+------------+-------+-------+------------+-----------------+


+-------------------------------------------------------------------------+
; Hold Times                                                              ;
+-----------+------------+--------+--------+------------+-----------------+
; Data Port ; Clock Port ; Rise   ; Fall   ; Clock Edge ; Clock Reference ;
+-----------+------------+--------+--------+------------+-----------------+
; en_i      ; clk_i      ; -1.884 ; -2.341 ; Rise       ; clk_i           ;
; rst_i     ; clk_i      ; -2.009 ; -2.473 ; Rise       ; clk_i           ;
+-----------+------------+--------+--------+------------+-----------------+


+------------------------------------------------------------------------+
; Clock to Output Times                                                  ;
+------------+------------+-------+-------+------------+-----------------+
; Data Port  ; Clock Port ; Rise  ; Fall  ; Clock Edge ; Clock Reference ;
+------------+------------+-------+-------+------------+-----------------+
; data_o[*]  ; clk_i      ; 6.309 ; 6.231 ; Rise       ; clk_i           ;
;  data_o[0] ; clk_i      ; 6.309 ; 6.231 ; Rise       ; clk_i           ;
;  data_o[1] ; clk_i      ; 5.879 ; 5.819 ; Rise       ; clk_i           ;
;  data_o[2] ; clk_i      ; 6.120 ; 6.053 ; Rise       ; clk_i           ;
;  data_o[3] ; clk_i      ; 6.139 ; 6.073 ; Rise       ; clk_i           ;
+------------+------------+-------+-------+------------+-----------------+


+------------------------------------------------------------------------+
; Minimum Clock to Output Times                                          ;
+------------+------------+-------+-------+------------+-----------------+
; Data Port  ; Clock Port ; Rise  ; Fall  ; Clock Edge ; Clock Reference ;
+------------+------------+-------+-------+------------+-----------------+
; data_o[*]  ; clk_i      ; 5.688 ; 5.627 ; Rise       ; clk_i           ;
;  data_o[0] ; clk_i      ; 6.101 ; 6.022 ; Rise       ; clk_i           ;
;  data_o[1] ; clk_i      ; 5.688 ; 5.627 ; Rise       ; clk_i           ;
;  data_o[2] ; clk_i      ; 5.920 ; 5.851 ; Rise       ; clk_i           ;
;  data_o[3] ; clk_i      ; 5.938 ; 5.871 ; Rise       ; clk_i           ;
+------------+------------+-------+-------+------------+-----------------+


----------------------------------------------
; Slow 1200mV 85C Model Metastability Report ;
----------------------------------------------
No synchronizer chains to report.


+-----------------------------------------------------------------------------------------------------------+
; Slow 1200mV 0C Model Fmax Summary                                                                         ;
+------------+-----------------+------------+---------------------------------------------------------------+
; Fmax       ; Restricted Fmax ; Clock Name ; Note                                                          ;
+------------+-----------------+------------+---------------------------------------------------------------+
; 707.21 MHz ; 250.0 MHz       ; clk_i      ; limit due to minimum period restriction (max I/O toggle rate) ;
+------------+-----------------+------------+---------------------------------------------------------------+
This panel reports FMAX for every clock in the design, regardless of the user-specified clock periods.  FMAX is only computed for paths where the source and destination registers or ports are driven by the same clock.  Paths of different clocks, including generated clocks, are ignored.  For paths between a clock and its inversion, FMAX is computed as if the rising and falling edges are scaled along with FMAX, such that the duty cycle (in terms of a percentage) is maintained. Altera recommends that you always use clock constraints and other slack reports for sign-off analysis.


+------------------------------------+
; Slow 1200mV 0C Model Setup Summary ;
+-------+--------+-------------------+
; Clock ; Slack  ; End Point TNS     ;
+-------+--------+-------------------+
; clk_i ; -0.414 ; -1.133            ;
+-------+--------+-------------------+


+-----------------------------------+
; Slow 1200mV 0C Model Hold Summary ;
+-------+-------+-------------------+
; Clock ; Slack ; End Point TNS     ;
+-------+-------+-------------------+
; clk_i ; 0.345 ; 0.000             ;
+-------+-------+-------------------+


-----------------------------------------
; Slow 1200mV 0C Model Recovery Summary ;
-----------------------------------------
No paths to report.


----------------------------------------
; Slow 1200mV 0C Model Removal Summary ;
----------------------------------------
No paths to report.


+--------------------------------------------------+
; Slow 1200mV 0C Model Minimum Pulse Width Summary ;
+-------+--------+---------------------------------+
; Clock ; Slack  ; End Point TNS                   ;
+-------+--------+---------------------------------+
; clk_i ; -3.000 ; -7.000                          ;
+-------+--------+---------------------------------+


+----------------------------------------------------------------------------------------------------------------+
; Slow 1200mV 0C Model Setup: 'clk_i'                                                                            ;
+--------+----------------+----------------+--------------+-------------+--------------+------------+------------+
; Slack  ; From Node      ; To Node        ; Launch Clock ; Latch Clock ; Relationship ; Clock Skew ; Data Delay ;
+--------+----------------+----------------+--------------+-------------+--------------+------------+------------+
; -0.414 ; data_o[0]~reg0 ; data_o[3]~reg0 ; clk_i        ; clk_i       ; 1.000        ; -0.056     ; 1.353      ;
; -0.405 ; data_o[1]~reg0 ; data_o[2]~reg0 ; clk_i        ; clk_i       ; 1.000        ; -0.056     ; 1.344      ;
; -0.387 ; data_o[1]~reg0 ; data_o[3]~reg0 ; clk_i        ; clk_i       ; 1.000        ; -0.056     ; 1.326      ;
; -0.340 ; data_o[0]~reg0 ; data_o[2]~reg0 ; clk_i        ; clk_i       ; 1.000        ; -0.056     ; 1.279      ;
; -0.315 ; data_o[2]~reg0 ; data_o[3]~reg0 ; clk_i        ; clk_i       ; 1.000        ; -0.056     ; 1.254      ;
; -0.314 ; data_o[0]~reg0 ; data_o[1]~reg0 ; clk_i        ; clk_i       ; 1.000        ; -0.056     ; 1.253      ;
; 0.048  ; data_o[0]~reg0 ; data_o[0]~reg0 ; clk_i        ; clk_i       ; 1.000        ; -0.056     ; 0.891      ;
; 0.048  ; data_o[2]~reg0 ; data_o[2]~reg0 ; clk_i        ; clk_i       ; 1.000        ; -0.056     ; 0.891      ;
; 0.063  ; data_o[1]~reg0 ; data_o[1]~reg0 ; clk_i        ; clk_i       ; 1.000        ; -0.056     ; 0.876      ;
; 0.306  ; data_o[3]~reg0 ; data_o[3]~reg0 ; clk_i        ; clk_i       ; 1.000        ; -0.056     ; 0.633      ;
+--------+----------------+----------------+--------------+-------------+--------------+------------+------------+


+---------------------------------------------------------------------------------------------------------------+
; Slow 1200mV 0C Model Hold: 'clk_i'                                                                            ;
+-------+----------------+----------------+--------------+-------------+--------------+------------+------------+
; Slack ; From Node      ; To Node        ; Launch Clock ; Latch Clock ; Relationship ; Clock Skew ; Data Delay ;
+-------+----------------+----------------+--------------+-------------+--------------+------------+------------+
; 0.345 ; data_o[3]~reg0 ; data_o[3]~reg0 ; clk_i        ; clk_i       ; 0.000        ; 0.056      ; 0.545      ;
; 0.519 ; data_o[1]~reg0 ; data_o[1]~reg0 ; clk_i        ; clk_i       ; 0.000        ; 0.056      ; 0.719      ;
; 0.520 ; data_o[2]~reg0 ; data_o[2]~reg0 ; clk_i        ; clk_i       ; 0.000        ; 0.056      ; 0.720      ;
; 0.533 ; data_o[0]~reg0 ; data_o[0]~reg0 ; clk_i        ; clk_i       ; 0.000        ; 0.056      ; 0.733      ;
; 0.764 ; data_o[1]~reg0 ; data_o[2]~reg0 ; clk_i        ; clk_i       ; 0.000        ; 0.056      ; 0.964      ;
; 0.768 ; data_o[0]~reg0 ; data_o[1]~reg0 ; clk_i        ; clk_i       ; 0.000        ; 0.056      ; 0.968      ;
; 0.769 ; data_o[2]~reg0 ; data_o[3]~reg0 ; clk_i        ; clk_i       ; 0.000        ; 0.056      ; 0.969      ;
; 0.775 ; data_o[0]~reg0 ; data_o[2]~reg0 ; clk_i        ; clk_i       ; 0.000        ; 0.056      ; 0.975      ;
; 0.853 ; data_o[1]~reg0 ; data_o[3]~reg0 ; clk_i        ; clk_i       ; 0.000        ; 0.056      ; 1.053      ;
; 0.864 ; data_o[0]~reg0 ; data_o[3]~reg0 ; clk_i        ; clk_i       ; 0.000        ; 0.056      ; 1.064      ;
+-------+----------------+----------------+--------------+-------------+--------------+------------+------------+


+--------------------------------------------------------------------------------------------------------------+
; Slow 1200mV 0C Model Minimum Pulse Width: 'clk_i'                                                            ;
+--------+--------------+----------------+------------------+-------+------------+-----------------------------+
; Slack  ; Actual Width ; Required Width ; Type             ; Clock ; Clock Edge ; Target                      ;
+--------+--------------+----------------+------------------+-------+------------+-----------------------------+
; -3.000 ; 1.000        ; 4.000          ; Port Rate        ; clk_i ; Rise       ; clk_i                       ;
; -1.000 ; 1.000        ; 2.000          ; Min Period       ; clk_i ; Rise       ; data_o[0]~reg0              ;
; -1.000 ; 1.000        ; 2.000          ; Min Period       ; clk_i ; Rise       ; data_o[1]~reg0              ;
; -1.000 ; 1.000        ; 2.000          ; Min Period       ; clk_i ; Rise       ; data_o[2]~reg0              ;
; -1.000 ; 1.000        ; 2.000          ; Min Period       ; clk_i ; Rise       ; data_o[3]~reg0              ;
; 0.216  ; 0.400        ; 0.184          ; Low Pulse Width  ; clk_i ; Rise       ; data_o[0]~reg0              ;
; 0.216  ; 0.400        ; 0.184          ; Low Pulse Width  ; clk_i ; Rise       ; data_o[1]~reg0              ;
; 0.216  ; 0.400        ; 0.184          ; Low Pulse Width  ; clk_i ; Rise       ; data_o[2]~reg0              ;
; 0.216  ; 0.400        ; 0.184          ; Low Pulse Width  ; clk_i ; Rise       ; data_o[3]~reg0              ;
; 0.344  ; 0.344        ; 0.000          ; Low Pulse Width  ; clk_i ; Rise       ; clk_i~input|o               ;
; 0.346  ; 0.346        ; 0.000          ; Low Pulse Width  ; clk_i ; Rise       ; clk_i~inputclkctrl|inclk[0] ;
; 0.346  ; 0.346        ; 0.000          ; Low Pulse Width  ; clk_i ; Rise       ; clk_i~inputclkctrl|outclk   ;
; 0.376  ; 0.376        ; 0.000          ; Low Pulse Width  ; clk_i ; Rise       ; data_o[0]~reg0|clk          ;
; 0.376  ; 0.376        ; 0.000          ; Low Pulse Width  ; clk_i ; Rise       ; data_o[1]~reg0|clk          ;
; 0.376  ; 0.376        ; 0.000          ; Low Pulse Width  ; clk_i ; Rise       ; data_o[2]~reg0|clk          ;
; 0.376  ; 0.376        ; 0.000          ; Low Pulse Width  ; clk_i ; Rise       ; data_o[3]~reg0|clk          ;
; 0.384  ; 0.600        ; 0.216          ; High Pulse Width ; clk_i ; Rise       ; data_o[0]~reg0              ;
; 0.384  ; 0.600        ; 0.216          ; High Pulse Width ; clk_i ; Rise       ; data_o[1]~reg0              ;
; 0.384  ; 0.600        ; 0.216          ; High Pulse Width ; clk_i ; Rise       ; data_o[2]~reg0              ;
; 0.384  ; 0.600        ; 0.216          ; High Pulse Width ; clk_i ; Rise       ; data_o[3]~reg0              ;
; 0.500  ; 0.500        ; 0.000          ; High Pulse Width ; clk_i ; Rise       ; clk_i~input|i               ;
; 0.500  ; 0.500        ; 0.000          ; Low Pulse Width  ; clk_i ; Rise       ; clk_i~input|i               ;
; 0.624  ; 0.624        ; 0.000          ; High Pulse Width ; clk_i ; Rise       ; data_o[0]~reg0|clk          ;
; 0.624  ; 0.624        ; 0.000          ; High Pulse Width ; clk_i ; Rise       ; data_o[1]~reg0|clk          ;
; 0.624  ; 0.624        ; 0.000          ; High Pulse Width ; clk_i ; Rise       ; data_o[2]~reg0|clk          ;
; 0.624  ; 0.624        ; 0.000          ; High Pulse Width ; clk_i ; Rise       ; data_o[3]~reg0|clk          ;
; 0.654  ; 0.654        ; 0.000          ; High Pulse Width ; clk_i ; Rise       ; clk_i~inputclkctrl|inclk[0] ;
; 0.654  ; 0.654        ; 0.000          ; High Pulse Width ; clk_i ; Rise       ; clk_i~inputclkctrl|outclk   ;
; 0.656  ; 0.656        ; 0.000          ; High Pulse Width ; clk_i ; Rise       ; clk_i~input|o               ;
+--------+--------------+----------------+------------------+-------+------------+-----------------------------+


+-----------------------------------------------------------------------+
; Setup Times                                                           ;
+-----------+------------+-------+-------+------------+-----------------+
; Data Port ; Clock Port ; Rise  ; Fall  ; Clock Edge ; Clock Reference ;
+-----------+------------+-------+-------+------------+-----------------+
; en_i      ; clk_i      ; 2.580 ; 2.820 ; Rise       ; clk_i           ;
; rst_i     ; clk_i      ; 2.095 ; 2.479 ; Rise       ; clk_i           ;
+-----------+------------+-------+-------+------------+-----------------+


+-------------------------------------------------------------------------+
; Hold Times                                                              ;
+-----------+------------+--------+--------+------------+-----------------+
; Data Port ; Clock Port ; Rise   ; Fall   ; Clock Edge ; Clock Reference ;
+-----------+------------+--------+--------+------------+-----------------+
; en_i      ; clk_i      ; -1.625 ; -1.973 ; Rise       ; clk_i           ;
; rst_i     ; clk_i      ; -1.734 ; -2.109 ; Rise       ; clk_i           ;
+-----------+------------+--------+--------+------------+-----------------+


+------------------------------------------------------------------------+
; Clock to Output Times                                                  ;
+------------+------------+-------+-------+------------+-----------------+
; Data Port  ; Clock Port ; Rise  ; Fall  ; Clock Edge ; Clock Reference ;
+------------+------------+-------+-------+------------+-----------------+
; data_o[*]  ; clk_i      ; 5.641 ; 5.563 ; Rise       ; clk_i           ;
;  data_o[0] ; clk_i      ; 5.641 ; 5.563 ; Rise       ; clk_i           ;
;  data_o[1] ; clk_i      ; 5.251 ; 5.188 ; Rise       ; clk_i           ;
;  data_o[2] ; clk_i      ; 5.467 ; 5.403 ; Rise       ; clk_i           ;
;  data_o[3] ; clk_i      ; 5.496 ; 5.416 ; Rise       ; clk_i           ;
+------------+------------+-------+-------+------------+-----------------+


+------------------------------------------------------------------------+
; Minimum Clock to Output Times                                          ;
+------------+------------+-------+-------+------------+-----------------+
; Data Port  ; Clock Port ; Rise  ; Fall  ; Clock Edge ; Clock Reference ;
+------------+------------+-------+-------+------------+-----------------+
; data_o[*]  ; clk_i      ; 5.079 ; 5.015 ; Rise       ; clk_i           ;
;  data_o[0] ; clk_i      ; 5.454 ; 5.375 ; Rise       ; clk_i           ;
;  data_o[1] ; clk_i      ; 5.079 ; 5.015 ; Rise       ; clk_i           ;
;  data_o[2] ; clk_i      ; 5.286 ; 5.222 ; Rise       ; clk_i           ;
;  data_o[3] ; clk_i      ; 5.314 ; 5.235 ; Rise       ; clk_i           ;
+------------+------------+-------+-------+------------+-----------------+


---------------------------------------------
; Slow 1200mV 0C Model Metastability Report ;
---------------------------------------------
No synchronizer chains to report.


+------------------------------------+
; Fast 1200mV 0C Model Setup Summary ;
+-------+-------+--------------------+
; Clock ; Slack ; End Point TNS      ;
+-------+-------+--------------------+
; clk_i ; 0.111 ; 0.000              ;
+-------+-------+--------------------+


+-----------------------------------+
; Fast 1200mV 0C Model Hold Summary ;
+-------+-------+-------------------+
; Clock ; Slack ; End Point TNS     ;
+-------+-------+-------------------+
; clk_i ; 0.204 ; 0.000             ;
+-------+-------+-------------------+


-----------------------------------------
; Fast 1200mV 0C Model Recovery Summary ;
-----------------------------------------
No paths to report.


----------------------------------------
; Fast 1200mV 0C Model Removal Summary ;
----------------------------------------
No paths to report.


+--------------------------------------------------+
; Fast 1200mV 0C Model Minimum Pulse Width Summary ;
+-------+--------+---------------------------------+
; Clock ; Slack  ; End Point TNS                   ;
+-------+--------+---------------------------------+
; clk_i ; -3.000 ; -7.124                          ;
+-------+--------+---------------------------------+


+---------------------------------------------------------------------------------------------------------------+
; Fast 1200mV 0C Model Setup: 'clk_i'                                                                           ;
+-------+----------------+----------------+--------------+-------------+--------------+------------+------------+
; Slack ; From Node      ; To Node        ; Launch Clock ; Latch Clock ; Relationship ; Clock Skew ; Data Delay ;
+-------+----------------+----------------+--------------+-------------+--------------+------------+------------+
; 0.111 ; data_o[1]~reg0 ; data_o[3]~reg0 ; clk_i        ; clk_i       ; 1.000        ; -0.037     ; 0.839      ;
; 0.115 ; data_o[1]~reg0 ; data_o[2]~reg0 ; clk_i        ; clk_i       ; 1.000        ; -0.037     ; 0.835      ;
; 0.120 ; data_o[0]~reg0 ; data_o[3]~reg0 ; clk_i        ; clk_i       ; 1.000        ; -0.037     ; 0.830      ;
; 0.163 ; data_o[0]~reg0 ; data_o[2]~reg0 ; clk_i        ; clk_i       ; 1.000        ; -0.037     ; 0.787      ;
; 0.188 ; data_o[0]~reg0 ; data_o[1]~reg0 ; clk_i        ; clk_i       ; 1.000        ; -0.037     ; 0.762      ;
; 0.188 ; data_o[2]~reg0 ; data_o[3]~reg0 ; clk_i        ; clk_i       ; 1.000        ; -0.037     ; 0.762      ;
; 0.398 ; data_o[0]~reg0 ; data_o[0]~reg0 ; clk_i        ; clk_i       ; 1.000        ; -0.037     ; 0.552      ;
; 0.398 ; data_o[2]~reg0 ; data_o[2]~reg0 ; clk_i        ; clk_i       ; 1.000        ; -0.037     ; 0.552      ;
; 0.408 ; data_o[1]~reg0 ; data_o[1]~reg0 ; clk_i        ; clk_i       ; 1.000        ; -0.037     ; 0.542      ;
; 0.567 ; data_o[3]~reg0 ; data_o[3]~reg0 ; clk_i        ; clk_i       ; 1.000        ; -0.037     ; 0.383      ;
+-------+----------------+----------------+--------------+-------------+--------------+------------+------------+


+---------------------------------------------------------------------------------------------------------------+
; Fast 1200mV 0C Model Hold: 'clk_i'                                                                            ;
+-------+----------------+----------------+--------------+-------------+--------------+------------+------------+
; Slack ; From Node      ; To Node        ; Launch Clock ; Latch Clock ; Relationship ; Clock Skew ; Data Delay ;
+-------+----------------+----------------+--------------+-------------+--------------+------------+------------+
; 0.204 ; data_o[3]~reg0 ; data_o[3]~reg0 ; clk_i        ; clk_i       ; 0.000        ; 0.037      ; 0.325      ;
; 0.309 ; data_o[1]~reg0 ; data_o[1]~reg0 ; clk_i        ; clk_i       ; 0.000        ; 0.037      ; 0.430      ;
; 0.309 ; data_o[2]~reg0 ; data_o[2]~reg0 ; clk_i        ; clk_i       ; 0.000        ; 0.037      ; 0.430      ;
; 0.315 ; data_o[0]~reg0 ; data_o[0]~reg0 ; clk_i        ; clk_i       ; 0.000        ; 0.037      ; 0.436      ;
; 0.458 ; data_o[1]~reg0 ; data_o[2]~reg0 ; clk_i        ; clk_i       ; 0.000        ; 0.037      ; 0.579      ;
; 0.467 ; data_o[2]~reg0 ; data_o[3]~reg0 ; clk_i        ; clk_i       ; 0.000        ; 0.037      ; 0.588      ;
; 0.467 ; data_o[0]~reg0 ; data_o[1]~reg0 ; clk_i        ; clk_i       ; 0.000        ; 0.037      ; 0.588      ;
; 0.470 ; data_o[0]~reg0 ; data_o[2]~reg0 ; clk_i        ; clk_i       ; 0.000        ; 0.037      ; 0.591      ;
; 0.521 ; data_o[1]~reg0 ; data_o[3]~reg0 ; clk_i        ; clk_i       ; 0.000        ; 0.037      ; 0.642      ;
; 0.533 ; data_o[0]~reg0 ; data_o[3]~reg0 ; clk_i        ; clk_i       ; 0.000        ; 0.037      ; 0.654      ;
+-------+----------------+----------------+--------------+-------------+--------------+------------+------------+


+--------------------------------------------------------------------------------------------------------------+
; Fast 1200mV 0C Model Minimum Pulse Width: 'clk_i'                                                            ;
+--------+--------------+----------------+------------------+-------+------------+-----------------------------+
; Slack  ; Actual Width ; Required Width ; Type             ; Clock ; Clock Edge ; Target                      ;
+--------+--------------+----------------+------------------+-------+------------+-----------------------------+
; -3.000 ; 1.000        ; 4.000          ; Port Rate        ; clk_i ; Rise       ; clk_i                       ;
; -1.000 ; 1.000        ; 2.000          ; Min Period       ; clk_i ; Rise       ; data_o[0]~reg0              ;
; -1.000 ; 1.000        ; 2.000          ; Min Period       ; clk_i ; Rise       ; data_o[1]~reg0              ;
; -1.000 ; 1.000        ; 2.000          ; Min Period       ; clk_i ; Rise       ; data_o[2]~reg0              ;
; -1.000 ; 1.000        ; 2.000          ; Min Period       ; clk_i ; Rise       ; data_o[3]~reg0              ;
; -0.031 ; 0.153        ; 0.184          ; Low Pulse Width  ; clk_i ; Rise       ; data_o[0]~reg0              ;
; -0.031 ; 0.153        ; 0.184          ; Low Pulse Width  ; clk_i ; Rise       ; data_o[1]~reg0              ;
; -0.031 ; 0.153        ; 0.184          ; Low Pulse Width  ; clk_i ; Rise       ; data_o[2]~reg0              ;
; -0.031 ; 0.153        ; 0.184          ; Low Pulse Width  ; clk_i ; Rise       ; data_o[3]~reg0              ;
; 0.125  ; 0.125        ; 0.000          ; Low Pulse Width  ; clk_i ; Rise       ; clk_i~input|o               ;
; 0.139  ; 0.139        ; 0.000          ; Low Pulse Width  ; clk_i ; Rise       ; clk_i~inputclkctrl|inclk[0] ;
; 0.139  ; 0.139        ; 0.000          ; Low Pulse Width  ; clk_i ; Rise       ; clk_i~inputclkctrl|outclk   ;
; 0.148  ; 0.148        ; 0.000          ; Low Pulse Width  ; clk_i ; Rise       ; data_o[0]~reg0|clk          ;
; 0.148  ; 0.148        ; 0.000          ; Low Pulse Width  ; clk_i ; Rise       ; data_o[1]~reg0|clk          ;
; 0.148  ; 0.148        ; 0.000          ; Low Pulse Width  ; clk_i ; Rise       ; data_o[2]~reg0|clk          ;
; 0.148  ; 0.148        ; 0.000          ; Low Pulse Width  ; clk_i ; Rise       ; data_o[3]~reg0|clk          ;
; 0.500  ; 0.500        ; 0.000          ; High Pulse Width ; clk_i ; Rise       ; clk_i~input|i               ;
; 0.500  ; 0.500        ; 0.000          ; Low Pulse Width  ; clk_i ; Rise       ; clk_i~input|i               ;
; 0.630  ; 0.846        ; 0.216          ; High Pulse Width ; clk_i ; Rise       ; data_o[0]~reg0              ;
; 0.630  ; 0.846        ; 0.216          ; High Pulse Width ; clk_i ; Rise       ; data_o[1]~reg0              ;
; 0.630  ; 0.846        ; 0.216          ; High Pulse Width ; clk_i ; Rise       ; data_o[2]~reg0              ;
; 0.630  ; 0.846        ; 0.216          ; High Pulse Width ; clk_i ; Rise       ; data_o[3]~reg0              ;
; 0.851  ; 0.851        ; 0.000          ; High Pulse Width ; clk_i ; Rise       ; data_o[0]~reg0|clk          ;
; 0.851  ; 0.851        ; 0.000          ; High Pulse Width ; clk_i ; Rise       ; data_o[1]~reg0|clk          ;
; 0.851  ; 0.851        ; 0.000          ; High Pulse Width ; clk_i ; Rise       ; data_o[2]~reg0|clk          ;
; 0.851  ; 0.851        ; 0.000          ; High Pulse Width ; clk_i ; Rise       ; data_o[3]~reg0|clk          ;
; 0.861  ; 0.861        ; 0.000          ; High Pulse Width ; clk_i ; Rise       ; clk_i~inputclkctrl|inclk[0] ;
; 0.861  ; 0.861        ; 0.000          ; High Pulse Width ; clk_i ; Rise       ; clk_i~inputclkctrl|outclk   ;
; 0.875  ; 0.875        ; 0.000          ; High Pulse Width ; clk_i ; Rise       ; clk_i~input|o               ;
+--------+--------------+----------------+------------------+-------+------------+-----------------------------+


+-----------------------------------------------------------------------+
; Setup Times                                                           ;
+-----------+------------+-------+-------+------------+-----------------+
; Data Port ; Clock Port ; Rise  ; Fall  ; Clock Edge ; Clock Reference ;
+-----------+------------+-------+-------+------------+-----------------+
; en_i      ; clk_i      ; 1.683 ; 2.219 ; Rise       ; clk_i           ;
; rst_i     ; clk_i      ; 1.357 ; 1.962 ; Rise       ; clk_i           ;
+-----------+------------+-------+-------+------------+-----------------+


+-------------------------------------------------------------------------+
; Hold Times                                                              ;
+-----------+------------+--------+--------+------------+-----------------+
; Data Port ; Clock Port ; Rise   ; Fall   ; Clock Edge ; Clock Reference ;
+-----------+------------+--------+--------+------------+-----------------+
; en_i      ; clk_i      ; -1.075 ; -1.679 ; Rise       ; clk_i           ;
; rst_i     ; clk_i      ; -1.126 ; -1.723 ; Rise       ; clk_i           ;
+-----------+------------+--------+--------+------------+-----------------+


+------------------------------------------------------------------------+
; Clock to Output Times                                                  ;
+------------+------------+-------+-------+------------+-----------------+
; Data Port  ; Clock Port ; Rise  ; Fall  ; Clock Edge ; Clock Reference ;
+------------+------------+-------+-------+------------+-----------------+
; data_o[*]  ; clk_i      ; 3.671 ; 3.726 ; Rise       ; clk_i           ;
;  data_o[0] ; clk_i      ; 3.671 ; 3.726 ; Rise       ; clk_i           ;
;  data_o[1] ; clk_i      ; 3.425 ; 3.459 ; Rise       ; clk_i           ;
;  data_o[2] ; clk_i      ; 3.567 ; 3.617 ; Rise       ; clk_i           ;
;  data_o[3] ; clk_i      ; 3.573 ; 3.621 ; Rise       ; clk_i           ;
+------------+------------+-------+-------+------------+-----------------+


+------------------------------------------------------------------------+
; Minimum Clock to Output Times                                          ;
+------------+------------+-------+-------+------------+-----------------+
; Data Port  ; Clock Port ; Rise  ; Fall  ; Clock Edge ; Clock Reference ;
+------------+------------+-------+-------+------------+-----------------+
; data_o[*]  ; clk_i      ; 3.310 ; 3.342 ; Rise       ; clk_i           ;
;  data_o[0] ; clk_i      ; 3.546 ; 3.598 ; Rise       ; clk_i           ;
;  data_o[1] ; clk_i      ; 3.310 ; 3.342 ; Rise       ; clk_i           ;
;  data_o[2] ; clk_i      ; 3.447 ; 3.494 ; Rise       ; clk_i           ;
;  data_o[3] ; clk_i      ; 3.453 ; 3.498 ; Rise       ; clk_i           ;
+------------+------------+-------+-------+------------+-----------------+


---------------------------------------------
; Fast 1200mV 0C Model Metastability Report ;
---------------------------------------------
No synchronizer chains to report.


+------------------------------------------------------------------------------+
; Multicorner Timing Analysis Summary                                          ;
+------------------+--------+-------+----------+---------+---------------------+
; Clock            ; Setup  ; Hold  ; Recovery ; Removal ; Minimum Pulse Width ;
+------------------+--------+-------+----------+---------+---------------------+
; Worst-case Slack ; -0.589 ; 0.204 ; N/A      ; N/A     ; -3.000              ;
;  clk_i           ; -0.589 ; 0.204 ; N/A      ; N/A     ; -3.000              ;
; Design-wide TNS  ; -1.721 ; 0.0   ; 0.0      ; 0.0     ; -7.124              ;
;  clk_i           ; -1.721 ; 0.000 ; N/A      ; N/A     ; -7.124              ;
+------------------+--------+-------+----------+---------+---------------------+


+-----------------------------------------------------------------------+
; Setup Times                                                           ;
+-----------+------------+-------+-------+------------+-----------------+
; Data Port ; Clock Port ; Rise  ; Fall  ; Clock Edge ; Clock Reference ;
+-----------+------------+-------+-------+------------+-----------------+
; en_i      ; clk_i      ; 2.975 ; 3.296 ; Rise       ; clk_i           ;
; rst_i     ; clk_i      ; 2.414 ; 2.891 ; Rise       ; clk_i           ;
+-----------+------------+-------+-------+------------+-----------------+


+-------------------------------------------------------------------------+
; Hold Times                                                              ;
+-----------+------------+--------+--------+------------+-----------------+
; Data Port ; Clock Port ; Rise   ; Fall   ; Clock Edge ; Clock Reference ;
+-----------+------------+--------+--------+------------+-----------------+
; en_i      ; clk_i      ; -1.075 ; -1.679 ; Rise       ; clk_i           ;
; rst_i     ; clk_i      ; -1.126 ; -1.723 ; Rise       ; clk_i           ;
+-----------+------------+--------+--------+------------+-----------------+


+------------------------------------------------------------------------+
; Clock to Output Times                                                  ;
+------------+------------+-------+-------+------------+-----------------+
; Data Port  ; Clock Port ; Rise  ; Fall  ; Clock Edge ; Clock Reference ;
+------------+------------+-------+-------+------------+-----------------+
; data_o[*]  ; clk_i      ; 6.309 ; 6.231 ; Rise       ; clk_i           ;
;  data_o[0] ; clk_i      ; 6.309 ; 6.231 ; Rise       ; clk_i           ;
;  data_o[1] ; clk_i      ; 5.879 ; 5.819 ; Rise       ; clk_i           ;
;  data_o[2] ; clk_i      ; 6.120 ; 6.053 ; Rise       ; clk_i           ;
;  data_o[3] ; clk_i      ; 6.139 ; 6.073 ; Rise       ; clk_i           ;
+------------+------------+-------+-------+------------+-----------------+


+------------------------------------------------------------------------+
; Minimum Clock to Output Times                                          ;
+------------+------------+-------+-------+------------+-----------------+
; Data Port  ; Clock Port ; Rise  ; Fall  ; Clock Edge ; Clock Reference ;
+------------+------------+-------+-------+------------+-----------------+
; data_o[*]  ; clk_i      ; 3.310 ; 3.342 ; Rise       ; clk_i           ;
;  data_o[0] ; clk_i      ; 3.546 ; 3.598 ; Rise       ; clk_i           ;
;  data_o[1] ; clk_i      ; 3.310 ; 3.342 ; Rise       ; clk_i           ;
;  data_o[2] ; clk_i      ; 3.447 ; 3.494 ; Rise       ; clk_i           ;
;  data_o[3] ; clk_i      ; 3.453 ; 3.498 ; Rise       ; clk_i           ;
+------------+------------+-------+-------+------------+-----------------+


+------------------------------------------------------------------------------------------------------------------------------------------------------------------------------------------------------------------------------------------------------------------------------------------------------------------------------------------------------------------+
; Board Trace Model Assignments                                                                                                                                                                                                                                                                                                                                    ;
+---------------+--------------+-------------------+-------------------------+-------------------------+---------------+---------------------+----------------+------------------+--------+------------------+------------------------+------------------------+--------------+---------------+-----------------+-------+---------------------+--------------------+
; Pin           ; I/O Standard ; Near Tline Length ; Near Tline L per Length ; Near Tline C per Length ; Near Series R ; Near Differential R ; Near Pull-up R ; Near Pull-down R ; Near C ; Far Tline Length ; Far Tline L per Length ; Far Tline C per Length ; Far Series R ; Far Pull-up R ; Far Pull-down R ; Far C ; Termination Voltage ; Far Differential R ;
+---------------+--------------+-------------------+-------------------------+-------------------------+---------------+---------------------+----------------+------------------+--------+------------------+------------------------+------------------------+--------------+---------------+-----------------+-------+---------------------+--------------------+
; data_o[0]     ; 2.5 V        ; 0 in              ; 0 H/in                  ; 0 F/in                  ; short         ; -                   ; open           ; open             ; open   ; 0 in             ; 0 H/in                 ; 0 F/in                 ; short        ; open          ; open            ; open  ; 0 V                 ; -                  ;
; data_o[1]     ; 2.5 V        ; 0 in              ; 0 H/in                  ; 0 F/in                  ; short         ; -                   ; open           ; open             ; open   ; 0 in             ; 0 H/in                 ; 0 F/in                 ; short        ; open          ; open            ; open  ; 0 V                 ; -                  ;
; data_o[2]     ; 2.5 V        ; 0 in              ; 0 H/in                  ; 0 F/in                  ; short         ; -                   ; open           ; open             ; open   ; 0 in             ; 0 H/in                 ; 0 F/in                 ; short        ; open          ; open            ; open  ; 0 V                 ; -                  ;
; data_o[3]     ; 2.5 V        ; 0 in              ; 0 H/in                  ; 0 F/in                  ; short         ; -                   ; open           ; open             ; open   ; 0 in             ; 0 H/in                 ; 0 F/in                 ; short        ; open          ; open            ; open  ; 0 V                 ; -                  ;
; ~ALTERA_NCEO~ ; 2.5 V        ; 0 in              ; 0 H/in                  ; 0 F/in                  ; short         ; -                   ; open           ; open             ; open   ; 0 in             ; 0 H/in                 ; 0 F/in                 ; short        ; open          ; open            ; open  ; 0 V                 ; -                  ;
; ~ALTERA_DCLK~ ; 2.5 V        ; 0 in              ; 0 H/in                  ; 0 F/in                  ; short         ; -                   ; open           ; open             ; open   ; 0 in             ; 0 H/in                 ; 0 F/in                 ; short        ; open          ; open            ; open  ; 0 V                 ; -                  ;
+---------------+--------------+-------------------+-------------------------+-------------------------+---------------+---------------------+----------------+------------------+--------+------------------+------------------------+------------------------+--------------+---------------+-----------------+-------+---------------------+--------------------+


+-------------------------------------------------------------------+
; Input Transition Times                                            ;
+----------------+--------------+-----------------+-----------------+
; Pin            ; I/O Standard ; 10-90 Rise Time ; 90-10 Fall Time ;
+----------------+--------------+-----------------+-----------------+
; clk_i          ; 2.5 V        ; 2000 ps         ; 2000 ps         ;
; en_i           ; 2.5 V        ; 2000 ps         ; 2000 ps         ;
; rst_i          ; 2.5 V        ; 2000 ps         ; 2000 ps         ;
; ~ALTERA_DATA0~ ; 2.5 V        ; 2000 ps         ; 2000 ps         ;
; ~ALTERA_ASDO~  ; 2.5 V        ; 2000 ps         ; 2000 ps         ;
; ~ALTERA_NCSO~  ; 2.5 V        ; 2000 ps         ; 2000 ps         ;
+----------------+--------------+-----------------+-----------------+


+--------------------------------------------------------------------------------------------------------------------------------------------------------------------------------------------------------------------------------------------------------------------------------------------------------------------------------------------------------------------------------------------------------------------------------------------------------------------------------------------------------------------------------------------------------------------------------------------------------------------------------------------------------------------------------------------+
; Signal Integrity Metrics (Slow 1200mv 0c Model)                                                                                                                                                                                                                                                                                                                                                                                                                                                                                                                                                                                                                                            ;
+---------------+--------------+---------------------+---------------------+------------------------------+------------------------------+---------------------+---------------------+--------------------------------------+--------------------------------------+-----------------------------+-----------------------------+----------------------------+----------------------------+-----------------------------+-----------------------------+--------------------+--------------------+-------------------------------------+-------------------------------------+----------------------------+----------------------------+---------------------------+---------------------------+
; Pin           ; I/O Standard ; Board Delay on Rise ; Board Delay on Fall ; Steady State Voh at FPGA Pin ; Steady State Vol at FPGA Pin ; Voh Max at FPGA Pin ; Vol Min at FPGA Pin ; Ringback Voltage on Rise at FPGA Pin ; Ringback Voltage on Fall at FPGA Pin ; 10-90 Rise Time at FPGA Pin ; 90-10 Fall Time at FPGA Pin ; Monotonic Rise at FPGA Pin ; Monotonic Fall at FPGA Pin ; Steady State Voh at Far-end ; Steady State Vol at Far-end ; Voh Max at Far-end ; Vol Min at Far-end ; Ringback Voltage on Rise at Far-end ; Ringback Voltage on Fall at Far-end ; 10-90 Rise Time at Far-end ; 90-10 Fall Time at Far-end ; Monotonic Rise at Far-end ; Monotonic Fall at Far-end ;
+---------------+--------------+---------------------+---------------------+------------------------------+------------------------------+---------------------+---------------------+--------------------------------------+--------------------------------------+-----------------------------+-----------------------------+----------------------------+----------------------------+-----------------------------+-----------------------------+--------------------+--------------------+-------------------------------------+-------------------------------------+----------------------------+----------------------------+---------------------------+---------------------------+
; data_o[0]     ; 2.5 V        ; 0 s                 ; 0 s                 ; 2.32 V                       ; 7.29e-09 V                   ; 2.39 V              ; -0.00339 V          ; 0.206 V                              ; 0.007 V                              ; 2.77e-10 s                  ; 3.24e-10 s                  ; Yes                        ; Yes                        ; 2.32 V                      ; 7.29e-09 V                  ; 2.39 V             ; -0.00339 V         ; 0.206 V                             ; 0.007 V                             ; 2.77e-10 s                 ; 3.24e-10 s                 ; Yes                       ; Yes                       ;
; data_o[1]     ; 2.5 V        ; 0 s                 ; 0 s                 ; 2.32 V                       ; 7.29e-09 V                   ; 2.39 V              ; -0.00339 V          ; 0.206 V                              ; 0.007 V                              ; 2.77e-10 s                  ; 3.24e-10 s                  ; Yes                        ; Yes                        ; 2.32 V                      ; 7.29e-09 V                  ; 2.39 V             ; -0.00339 V         ; 0.206 V                             ; 0.007 V                             ; 2.77e-10 s                 ; 3.24e-10 s                 ; Yes                       ; Yes                       ;
; data_o[2]     ; 2.5 V        ; 0 s                 ; 0 s                 ; 2.32 V                       ; 7.29e-09 V                   ; 2.39 V              ; -0.00339 V          ; 0.206 V                              ; 0.007 V                              ; 2.77e-10 s                  ; 3.24e-10 s                  ; Yes                        ; Yes                        ; 2.32 V                      ; 7.29e-09 V                  ; 2.39 V             ; -0.00339 V         ; 0.206 V                             ; 0.007 V                             ; 2.77e-10 s                 ; 3.24e-10 s                 ; Yes                       ; Yes                       ;
; data_o[3]     ; 2.5 V        ; 0 s                 ; 0 s                 ; 2.32 V                       ; 7.29e-09 V                   ; 2.39 V              ; -0.00339 V          ; 0.206 V                              ; 0.007 V                              ; 2.77e-10 s                  ; 3.24e-10 s                  ; Yes                        ; Yes                        ; 2.32 V                      ; 7.29e-09 V                  ; 2.39 V             ; -0.00339 V         ; 0.206 V                             ; 0.007 V                             ; 2.77e-10 s                 ; 3.24e-10 s                 ; Yes                       ; Yes                       ;
; ~ALTERA_NCEO~ ; 2.5 V        ; 0 s                 ; 0 s                 ; 2.32 V                       ; 4.76e-09 V                   ; 2.4 V               ; -0.034 V            ; 0.102 V                              ; 0.065 V                              ; 2.49e-10 s                  ; 3.49e-10 s                  ; Yes                        ; Yes                        ; 2.32 V                      ; 4.76e-09 V                  ; 2.4 V              ; -0.034 V           ; 0.102 V                             ; 0.065 V                             ; 2.49e-10 s                 ; 3.49e-10 s                 ; Yes                       ; Yes                       ;
; ~ALTERA_DCLK~ ; 2.5 V        ; 0 s                 ; 0 s                 ; 2.32 V                       ; 5.94e-09 V                   ; 2.39 V              ; -0.0349 V           ; 0.156 V                              ; 0.09 V                               ; 2.68e-10 s                  ; 2.6e-10 s                   ; Yes                        ; Yes                        ; 2.32 V                      ; 5.94e-09 V                  ; 2.39 V             ; -0.0349 V          ; 0.156 V                             ; 0.09 V                              ; 2.68e-10 s                 ; 2.6e-10 s                  ; Yes                       ; Yes                       ;
+---------------+--------------+---------------------+---------------------+------------------------------+------------------------------+---------------------+---------------------+--------------------------------------+--------------------------------------+-----------------------------+-----------------------------+----------------------------+----------------------------+-----------------------------+-----------------------------+--------------------+--------------------+-------------------------------------+-------------------------------------+----------------------------+----------------------------+---------------------------+---------------------------+


+--------------------------------------------------------------------------------------------------------------------------------------------------------------------------------------------------------------------------------------------------------------------------------------------------------------------------------------------------------------------------------------------------------------------------------------------------------------------------------------------------------------------------------------------------------------------------------------------------------------------------------------------------------------------------------------------+
; Signal Integrity Metrics (Slow 1200mv 85c Model)                                                                                                                                                                                                                                                                                                                                                                                                                                                                                                                                                                                                                                           ;
+---------------+--------------+---------------------+---------------------+------------------------------+------------------------------+---------------------+---------------------+--------------------------------------+--------------------------------------+-----------------------------+-----------------------------+----------------------------+----------------------------+-----------------------------+-----------------------------+--------------------+--------------------+-------------------------------------+-------------------------------------+----------------------------+----------------------------+---------------------------+---------------------------+
; Pin           ; I/O Standard ; Board Delay on Rise ; Board Delay on Fall ; Steady State Voh at FPGA Pin ; Steady State Vol at FPGA Pin ; Voh Max at FPGA Pin ; Vol Min at FPGA Pin ; Ringback Voltage on Rise at FPGA Pin ; Ringback Voltage on Fall at FPGA Pin ; 10-90 Rise Time at FPGA Pin ; 90-10 Fall Time at FPGA Pin ; Monotonic Rise at FPGA Pin ; Monotonic Fall at FPGA Pin ; Steady State Voh at Far-end ; Steady State Vol at Far-end ; Voh Max at Far-end ; Vol Min at Far-end ; Ringback Voltage on Rise at Far-end ; Ringback Voltage on Fall at Far-end ; 10-90 Rise Time at Far-end ; 90-10 Fall Time at Far-end ; Monotonic Rise at Far-end ; Monotonic Fall at Far-end ;
+---------------+--------------+---------------------+---------------------+------------------------------+------------------------------+---------------------+---------------------+--------------------------------------+--------------------------------------+-----------------------------+-----------------------------+----------------------------+----------------------------+-----------------------------+-----------------------------+--------------------+--------------------+-------------------------------------+-------------------------------------+----------------------------+----------------------------+---------------------------+---------------------------+
; data_o[0]     ; 2.5 V        ; 0 s                 ; 0 s                 ; 2.32 V                       ; 1.21e-06 V                   ; 2.37 V              ; -0.00606 V          ; 0.107 V                              ; 0.021 V                              ; 4.26e-10 s                  ; 4.03e-10 s                  ; Yes                        ; Yes                        ; 2.32 V                      ; 1.21e-06 V                  ; 2.37 V             ; -0.00606 V         ; 0.107 V                             ; 0.021 V                             ; 4.26e-10 s                 ; 4.03e-10 s                 ; Yes                       ; Yes                       ;
; data_o[1]     ; 2.5 V        ; 0 s                 ; 0 s                 ; 2.32 V                       ; 1.21e-06 V                   ; 2.37 V              ; -0.00606 V          ; 0.107 V                              ; 0.021 V                              ; 4.26e-10 s                  ; 4.03e-10 s                  ; Yes                        ; Yes                        ; 2.32 V                      ; 1.21e-06 V                  ; 2.37 V             ; -0.00606 V         ; 0.107 V                             ; 0.021 V                             ; 4.26e-10 s                 ; 4.03e-10 s                 ; Yes                       ; Yes                       ;
; data_o[2]     ; 2.5 V        ; 0 s                 ; 0 s                 ; 2.32 V                       ; 1.21e-06 V                   ; 2.37 V              ; -0.00606 V          ; 0.107 V                              ; 0.021 V                              ; 4.26e-10 s                  ; 4.03e-10 s                  ; Yes                        ; Yes                        ; 2.32 V                      ; 1.21e-06 V                  ; 2.37 V             ; -0.00606 V         ; 0.107 V                             ; 0.021 V                             ; 4.26e-10 s                 ; 4.03e-10 s                 ; Yes                       ; Yes                       ;
; data_o[3]     ; 2.5 V        ; 0 s                 ; 0 s                 ; 2.32 V                       ; 1.21e-06 V                   ; 2.37 V              ; -0.00606 V          ; 0.107 V                              ; 0.021 V                              ; 4.26e-10 s                  ; 4.03e-10 s                  ; Yes                        ; Yes                        ; 2.32 V                      ; 1.21e-06 V                  ; 2.37 V             ; -0.00606 V         ; 0.107 V                             ; 0.021 V                             ; 4.26e-10 s                 ; 4.03e-10 s                 ; Yes                       ; Yes                       ;
; ~ALTERA_NCEO~ ; 2.5 V        ; 0 s                 ; 0 s                 ; 2.32 V                       ; 7.93e-07 V                   ; 2.37 V              ; -0.0278 V           ; 0.106 V                              ; 0.115 V                              ; 2.69e-10 s                  ; 4.05e-10 s                  ; Yes                        ; Yes                        ; 2.32 V                      ; 7.93e-07 V                  ; 2.37 V             ; -0.0278 V          ; 0.106 V                             ; 0.115 V                             ; 2.69e-10 s                 ; 4.05e-10 s                 ; Yes                       ; Yes                       ;
; ~ALTERA_DCLK~ ; 2.5 V        ; 0 s                 ; 0 s                 ; 2.32 V                       ; 9.76e-07 V                   ; 2.36 V              ; -0.00496 V          ; 0.088 V                              ; 0.006 V                              ; 4.05e-10 s                  ; 3.35e-10 s                  ; Yes                        ; Yes                        ; 2.32 V                      ; 9.76e-07 V                  ; 2.36 V             ; -0.00496 V         ; 0.088 V                             ; 0.006 V                             ; 4.05e-10 s                 ; 3.35e-10 s                 ; Yes                       ; Yes                       ;
+---------------+--------------+---------------------+---------------------+------------------------------+------------------------------+---------------------+---------------------+--------------------------------------+--------------------------------------+-----------------------------+-----------------------------+----------------------------+----------------------------+-----------------------------+-----------------------------+--------------------+--------------------+-------------------------------------+-------------------------------------+----------------------------+----------------------------+---------------------------+---------------------------+


+--------------------------------------------------------------------------------------------------------------------------------------------------------------------------------------------------------------------------------------------------------------------------------------------------------------------------------------------------------------------------------------------------------------------------------------------------------------------------------------------------------------------------------------------------------------------------------------------------------------------------------------------------------------------------------------------+
; Signal Integrity Metrics (Fast 1200mv 0c Model)                                                                                                                                                                                                                                                                                                                                                                                                                                                                                                                                                                                                                                            ;
+---------------+--------------+---------------------+---------------------+------------------------------+------------------------------+---------------------+---------------------+--------------------------------------+--------------------------------------+-----------------------------+-----------------------------+----------------------------+----------------------------+-----------------------------+-----------------------------+--------------------+--------------------+-------------------------------------+-------------------------------------+----------------------------+----------------------------+---------------------------+---------------------------+
; Pin           ; I/O Standard ; Board Delay on Rise ; Board Delay on Fall ; Steady State Voh at FPGA Pin ; Steady State Vol at FPGA Pin ; Voh Max at FPGA Pin ; Vol Min at FPGA Pin ; Ringback Voltage on Rise at FPGA Pin ; Ringback Voltage on Fall at FPGA Pin ; 10-90 Rise Time at FPGA Pin ; 90-10 Fall Time at FPGA Pin ; Monotonic Rise at FPGA Pin ; Monotonic Fall at FPGA Pin ; Steady State Voh at Far-end ; Steady State Vol at Far-end ; Voh Max at Far-end ; Vol Min at Far-end ; Ringback Voltage on Rise at Far-end ; Ringback Voltage on Fall at Far-end ; 10-90 Rise Time at Far-end ; 90-10 Fall Time at Far-end ; Monotonic Rise at Far-end ; Monotonic Fall at Far-end ;
+---------------+--------------+---------------------+---------------------+------------------------------+------------------------------+---------------------+---------------------+--------------------------------------+--------------------------------------+-----------------------------+-----------------------------+----------------------------+----------------------------+-----------------------------+-----------------------------+--------------------+--------------------+-------------------------------------+-------------------------------------+----------------------------+----------------------------+---------------------------+---------------------------+
; data_o[0]     ; 2.5 V        ; 0 s                 ; 0 s                 ; 2.62 V                       ; 4.66e-08 V                   ; 2.73 V              ; -0.0205 V           ; 0.17 V                               ; 0.027 V                              ; 2.58e-10 s                  ; 2.57e-10 s                  ; Yes                        ; Yes                        ; 2.62 V                      ; 4.66e-08 V                  ; 2.73 V             ; -0.0205 V          ; 0.17 V                              ; 0.027 V                             ; 2.58e-10 s                 ; 2.57e-10 s                 ; Yes                       ; Yes                       ;
; data_o[1]     ; 2.5 V        ; 0 s                 ; 0 s                 ; 2.62 V                       ; 4.66e-08 V                   ; 2.73 V              ; -0.0205 V           ; 0.17 V                               ; 0.027 V                              ; 2.58e-10 s                  ; 2.57e-10 s                  ; Yes                        ; Yes                        ; 2.62 V                      ; 4.66e-08 V                  ; 2.73 V             ; -0.0205 V          ; 0.17 V                              ; 0.027 V                             ; 2.58e-10 s                 ; 2.57e-10 s                 ; Yes                       ; Yes                       ;
; data_o[2]     ; 2.5 V        ; 0 s                 ; 0 s                 ; 2.62 V                       ; 4.66e-08 V                   ; 2.73 V              ; -0.0205 V           ; 0.17 V                               ; 0.027 V                              ; 2.58e-10 s                  ; 2.57e-10 s                  ; Yes                        ; Yes                        ; 2.62 V                      ; 4.66e-08 V                  ; 2.73 V             ; -0.0205 V          ; 0.17 V                              ; 0.027 V                             ; 2.58e-10 s                 ; 2.57e-10 s                 ; Yes                       ; Yes                       ;
; data_o[3]     ; 2.5 V        ; 0 s                 ; 0 s                 ; 2.62 V                       ; 4.66e-08 V                   ; 2.73 V              ; -0.0205 V           ; 0.17 V                               ; 0.027 V                              ; 2.58e-10 s                  ; 2.57e-10 s                  ; Yes                        ; Yes                        ; 2.62 V                      ; 4.66e-08 V                  ; 2.73 V             ; -0.0205 V          ; 0.17 V                              ; 0.027 V                             ; 2.58e-10 s                 ; 2.57e-10 s                 ; Yes                       ; Yes                       ;
; ~ALTERA_NCEO~ ; 2.5 V        ; 0 s                 ; 0 s                 ; 2.62 V                       ; 3.06e-08 V                   ; 2.86 V              ; -0.0341 V           ; 0.364 V                              ; 0.046 V                              ; 1.17e-10 s                  ; 2.6e-10 s                   ; No                         ; Yes                        ; 2.62 V                      ; 3.06e-08 V                  ; 2.86 V             ; -0.0341 V          ; 0.364 V                             ; 0.046 V                             ; 1.17e-10 s                 ; 2.6e-10 s                  ; No                        ; Yes                       ;
; ~ALTERA_DCLK~ ; 2.5 V        ; 0 s                 ; 0 s                 ; 2.62 V                       ; 3.81e-08 V                   ; 2.72 V              ; -0.0549 V           ; 0.144 V                              ; 0.088 V                              ; 2.55e-10 s                  ; 2.14e-10 s                  ; Yes                        ; Yes                        ; 2.62 V                      ; 3.81e-08 V                  ; 2.72 V             ; -0.0549 V          ; 0.144 V                             ; 0.088 V                             ; 2.55e-10 s                 ; 2.14e-10 s                 ; Yes                       ; Yes                       ;
+---------------+--------------+---------------------+---------------------+------------------------------+------------------------------+---------------------+---------------------+--------------------------------------+--------------------------------------+-----------------------------+-----------------------------+----------------------------+----------------------------+-----------------------------+-----------------------------+--------------------+--------------------+-------------------------------------+-------------------------------------+----------------------------+----------------------------+---------------------------+---------------------------+


+-------------------------------------------------------------------+
; Setup Transfers                                                   ;
+------------+----------+----------+----------+----------+----------+
; From Clock ; To Clock ; RR Paths ; FR Paths ; RF Paths ; FF Paths ;
+------------+----------+----------+----------+----------+----------+
; clk_i      ; clk_i    ; 10       ; 0        ; 0        ; 0        ;
+------------+----------+----------+----------+----------+----------+
Entries labeled "false path" only account for clock-to-clock false paths and not path-based false paths. As a result, actual path counts may be lower than reported.


+-------------------------------------------------------------------+
; Hold Transfers                                                    ;
+------------+----------+----------+----------+----------+----------+
; From Clock ; To Clock ; RR Paths ; FR Paths ; RF Paths ; FF Paths ;
+------------+----------+----------+----------+----------+----------+
; clk_i      ; clk_i    ; 10       ; 0        ; 0        ; 0        ;
+------------+----------+----------+----------+----------+----------+
Entries labeled "false path" only account for clock-to-clock false paths and not path-based false paths. As a result, actual path counts may be lower than reported.


---------------
; Report TCCS ;
---------------
No dedicated SERDES Transmitter circuitry present in device or used in design


---------------
; Report RSKM ;
---------------
No dedicated SERDES Receiver circuitry present in device or used in design


+------------------------------------------------+
; Unconstrained Paths                            ;
+---------------------------------+-------+------+
; Property                        ; Setup ; Hold ;
+---------------------------------+-------+------+
; Illegal Clocks                  ; 0     ; 0    ;
; Unconstrained Clocks            ; 0     ; 0    ;
; Unconstrained Input Ports       ; 2     ; 2    ;
; Unconstrained Input Port Paths  ; 8     ; 8    ;
; Unconstrained Output Ports      ; 4     ; 4    ;
; Unconstrained Output Port Paths ; 4     ; 4    ;
+---------------------------------+-------+------+


+------------------------------------+
; TimeQuest Timing Analyzer Messages ;
+------------------------------------+
Info: *******************************************************************
Info: Running Quartus II TimeQuest Timing Analyzer
    Info: Version 10.1 Build 153 11/29/2010 SJ Web Edition
    Info: Processing started: Sun Mar 13 19:04:52 2011
Info: Command: quartus_sta counter -c counter
Info: qsta_default_script.tcl version: #1
Info: High junction temperature operating condition is not set. Assuming a default value of '85'.
Info: Low junction temperature operating condition is not set. Assuming a default value of '0'.
Critical Warning: Synopsys Design Constraints File file not found: 'counter.sdc'. A Synopsys Design Constraints File is required by the TimeQuest Timing Analyzer to get proper timing constraints. Without it, the Compiler will not properly optimize the design.
Info: No user constrained base clocks found in the design. Calling "derive_clocks -period 1.0"
Info: Deriving Clocks
    Info: create_clock -period 1.000 -name clk_i clk_i
Info: No user constrained clock uncertainty found in the design. Calling "derive_clock_uncertainty"
Info: Deriving Clock Uncertainty
    Info: set_clock_uncertainty -rise_from [get_clocks {clk_i}] -rise_to [get_clocks {clk_i}] -setup 0.020
    Info: set_clock_uncertainty -rise_from [get_clocks {clk_i}] -fall_to [get_clocks {clk_i}] -setup 0.020
    Info: set_clock_uncertainty -fall_from [get_clocks {clk_i}] -rise_to [get_clocks {clk_i}] -setup 0.020
    Info: set_clock_uncertainty -fall_from [get_clocks {clk_i}] -fall_to [get_clocks {clk_i}] -setup 0.020
    Info: set_clock_uncertainty -rise_from [get_clocks {clk_i}] -rise_to [get_clocks {clk_i}] -hold 0.020
    Info: set_clock_uncertainty -rise_from [get_clocks {clk_i}] -fall_to [get_clocks {clk_i}] -hold 0.020
    Info: set_clock_uncertainty -fall_from [get_clocks {clk_i}] -rise_to [get_clocks {clk_i}] -hold 0.020
    Info: set_clock_uncertainty -fall_from [get_clocks {clk_i}] -fall_to [get_clocks {clk_i}] -hold 0.020
Info: Analyzing Slow 1200mV 85C Model
Critical Warning: Timing requirements not met
Info: Worst-case setup slack is -0.589
    Info:     Slack End Point TNS Clock 
    Info: ========= ============= =====================
    Info:    -0.589        -1.721 clk_i 
Info: Worst-case hold slack is 0.387
    Info:     Slack End Point TNS Clock 
    Info: ========= ============= =====================
    Info:     0.387         0.000 clk_i 
Info: No Recovery paths to report
Info: No Removal paths to report
Info: Worst-case minimum pulse width slack is -3.000
    Info:     Slack End Point TNS Clock 
    Info: ========= ============= =====================
    Info:    -3.000        -7.000 clk_i 
Info: Analyzing Slow 1200mV 0C Model
Info: Started post-fitting delay annotation
Info: Delay annotation completed successfully
Info: Deriving Clock Uncertainty
    Info: set_clock_uncertainty -rise_from [get_clocks {clk_i}] -rise_to [get_clocks {clk_i}] -setup 0.020
    Info: set_clock_uncertainty -rise_from [get_clocks {clk_i}] -fall_to [get_clocks {clk_i}] -setup 0.020
    Info: set_clock_uncertainty -fall_from [get_clocks {clk_i}] -rise_to [get_clocks {clk_i}] -setup 0.020
    Info: set_clock_uncertainty -fall_from [get_clocks {clk_i}] -fall_to [get_clocks {clk_i}] -setup 0.020
    Info: set_clock_uncertainty -rise_from [get_clocks {clk_i}] -rise_to [get_clocks {clk_i}] -hold 0.020
    Info: set_clock_uncertainty -rise_from [get_clocks {clk_i}] -fall_to [get_clocks {clk_i}] -hold 0.020
    Info: set_clock_uncertainty -fall_from [get_clocks {clk_i}] -rise_to [get_clocks {clk_i}] -hold 0.020
    Info: set_clock_uncertainty -fall_from [get_clocks {clk_i}] -fall_to [get_clocks {clk_i}] -hold 0.020
Critical Warning: Timing requirements not met
Info: Worst-case setup slack is -0.414
    Info:     Slack End Point TNS Clock 
    Info: ========= ============= =====================
    Info:    -0.414        -1.133 clk_i 
Info: Worst-case hold slack is 0.345
    Info:     Slack End Point TNS Clock 
    Info: ========= ============= =====================
    Info:     0.345         0.000 clk_i 
Info: No Recovery paths to report
Info: No Removal paths to report
Info: Worst-case minimum pulse width slack is -3.000
    Info:     Slack End Point TNS Clock 
    Info: ========= ============= =====================
    Info:    -3.000        -7.000 clk_i 
Info: Analyzing Fast 1200mV 0C Model
Info: Started post-fitting delay annotation
Info: Delay annotation completed successfully
Info: Deriving Clock Uncertainty
    Info: set_clock_uncertainty -rise_from [get_clocks {clk_i}] -rise_to [get_clocks {clk_i}] -setup 0.020
    Info: set_clock_uncertainty -rise_from [get_clocks {clk_i}] -fall_to [get_clocks {clk_i}] -setup 0.020
    Info: set_clock_uncertainty -fall_from [get_clocks {clk_i}] -rise_to [get_clocks {clk_i}] -setup 0.020
    Info: set_clock_uncertainty -fall_from [get_clocks {clk_i}] -fall_to [get_clocks {clk_i}] -setup 0.020
    Info: set_clock_uncertainty -rise_from [get_clocks {clk_i}] -rise_to [get_clocks {clk_i}] -hold 0.020
    Info: set_clock_uncertainty -rise_from [get_clocks {clk_i}] -fall_to [get_clocks {clk_i}] -hold 0.020
    Info: set_clock_uncertainty -fall_from [get_clocks {clk_i}] -rise_to [get_clocks {clk_i}] -hold 0.020
    Info: set_clock_uncertainty -fall_from [get_clocks {clk_i}] -fall_to [get_clocks {clk_i}] -hold 0.020
Info: Worst-case setup slack is 0.111
    Info:     Slack End Point TNS Clock 
    Info: ========= ============= =====================
    Info:     0.111         0.000 clk_i 
Info: Worst-case hold slack is 0.204
    Info:     Slack End Point TNS Clock 
    Info: ========= ============= =====================
    Info:     0.204         0.000 clk_i 
Info: No Recovery paths to report
Info: No Removal paths to report
Critical Warning: Timing requirements not met
Info: Worst-case minimum pulse width slack is -3.000
    Info:     Slack End Point TNS Clock 
    Info: ========= ============= =====================
    Info:    -3.000        -7.124 clk_i 
Info: Design is not fully constrained for setup requirements
Info: Design is not fully constrained for hold requirements
Info: Quartus II TimeQuest Timing Analyzer was successful. 0 errors, 4 warnings
    Info: Peak virtual memory: 269 megabytes
    Info: Processing ended: Sun Mar 13 19:05:07 2011
    Info: Elapsed time: 00:00:15
    Info: Total CPU time (on all processors): 00:00:09


