Flow report for simple_processor
Tue Apr  5 00:55:32 2011
Quartus II Version 10.1 Build 153 11/29/2010 SJ Web Edition


---------------------
; Table of Contents ;
---------------------
  1. Legal Notice
  2. Flow Summary
  3. Flow Settings
  4. Flow Non-Default Global Settings
  5. Flow Elapsed Time
  6. Flow OS Summary
  7. Flow Log



----------------
; Legal Notice ;
----------------
Copyright (C) 1991-2010 Altera Corporation
Your use of Altera Corporation's design tools, logic functions 
and other software and tools, and its AMPP partner logic 
functions, and any output files from any of the foregoing 
(including device programming or simulation files), and any 
associated documentation or information are expressly subject 
to the terms and conditions of the Altera Program License 
Subscription Agreement, Altera MegaCore Function License 
Agreement, or other applicable license agreement, including, 
without limitation, that your use is for the sole purpose of 
programming logic devices manufactured by Altera and sold by 
Altera or its authorized distributors.  Please refer to the 
applicable agreement for further details.



+-------------------------------------------------------------------------------+
; Flow Summary                                                                  ;
+------------------------------------+------------------------------------------+
; Flow Status                        ; Successful - Tue Apr  5 00:55:25 2011    ;
; Quartus II Version                 ; 10.1 Build 153 11/29/2010 SJ Web Edition ;
; Revision Name                      ; simple_processor                         ;
; Top-level Entity Name              ; simple_processor                         ;
; Family                             ; Cyclone IV GX                            ;
; Total logic elements               ; 322 / 14,400 ( 2 % )                     ;
;     Total combinational functions  ; 262 / 14,400 ( 2 % )                     ;
;     Dedicated logic registers      ; 171 / 14,400 ( 1 % )                     ;
; Total registers                    ; 0                                        ;
; Total pins                         ; 36 / 81 ( 44 % )                         ;
; Total virtual pins                 ; 0                                        ;
; Total memory bits                  ; 0 / 552,960 ( 0 % )                      ;
; Embedded Multiplier 9-bit elements ; 0                                        ;
; Total GXB Receiver Channel PCS     ; 0 / 2 ( 0 % )                            ;
; Total GXB Receiver Channel PMA     ; 0 / 2 ( 0 % )                            ;
; Total GXB Transmitter Channel PCS  ; 0 / 2 ( 0 % )                            ;
; Total GXB Transmitter Channel PMA  ; 0 / 2 ( 0 % )                            ;
; Total PLLs                         ; 0 / 3 ( 0 % )                            ;
; Device                             ; EP4CGX15BF14C6                           ;
; Timing Models                      ; Final                                    ;
+------------------------------------+------------------------------------------+


+-----------------------------------------+
; Flow Settings                           ;
+-------------------+---------------------+
; Option            ; Setting             ;
+-------------------+---------------------+
; Start date & time ; 04/05/2011 00:53:30 ;
; Main task         ; Compilation         ;
; Revision Name     ; simple_processor    ;
+-------------------+---------------------+


+------------------------------------------------------------------------------------------------------------------------------------------------------------+
; Flow Non-Default Global Settings                                                                                                                           ;
+-------------------------------------+---------------------------------------------------------------------------+---------------+-------------+------------+
; Assignment Name                     ; Value                                                                     ; Default Value ; Entity Name ; Section Id ;
+-------------------------------------+---------------------------------------------------------------------------+---------------+-------------+------------+
; COMPILER_SIGNATURE_ID               ; 8796755056041.130195041002018                                             ; --            ; --          ; --         ;
; MISC_FILE                           ; /home/steel1004/For MetroTek/Task_2/simple_processor/simple_processor.dpf ; --            ; --          ; --         ;
; OUTPUT_IO_TIMING_FAR_END_VMEAS      ; Half Signal Swing                                                         ; --            ; --          ; --         ;
; OUTPUT_IO_TIMING_FAR_END_VMEAS      ; Half Signal Swing                                                         ; --            ; --          ; --         ;
; OUTPUT_IO_TIMING_NEAR_END_VMEAS     ; Half Vccio                                                                ; --            ; --          ; --         ;
; OUTPUT_IO_TIMING_NEAR_END_VMEAS     ; Half Vccio                                                                ; --            ; --          ; --         ;
; PARTITION_COLOR                     ; 16764057                                                                  ; --            ; --          ; Top        ;
; PARTITION_FITTER_PRESERVATION_LEVEL ; PLACEMENT_AND_ROUTING                                                     ; --            ; --          ; Top        ;
; PARTITION_NETLIST_TYPE              ; SOURCE                                                                    ; --            ; --          ; Top        ;
; POWER_BOARD_THERMAL_MODEL           ; None (CONSERVATIVE)                                                       ; --            ; --          ; --         ;
; POWER_PRESET_COOLING_SOLUTION       ; 23 MM HEAT SINK WITH 200 LFPM AIRFLOW                                     ; --            ; --          ; --         ;
+-------------------------------------+---------------------------------------------------------------------------+---------------+-------------+------------+


+-------------------------------------------------------------------------------------------------------------------------------+
; Flow Elapsed Time                                                                                                             ;
+---------------------------+--------------+-------------------------+---------------------+------------------------------------+
; Module Name               ; Elapsed Time ; Average Processors Used ; Peak Virtual Memory ; Total CPU Time (on all processors) ;
+---------------------------+--------------+-------------------------+---------------------+------------------------------------+
; Analysis & Synthesis      ; 00:00:17     ; 1.0                     ; --                  ; 00:00:08                           ;
; Fitter                    ; 00:00:25     ; 1.0                     ; --                  ; 00:00:19                           ;
; Assembler                 ; 00:00:14     ; 1.0                     ; --                  ; 00:00:05                           ;
; TimeQuest Timing Analyzer ; 00:00:22     ; 1.0                     ; --                  ; 00:00:10                           ;
; Total                     ; 00:01:18     ; --                      ; --                  ; 00:00:42                           ;
+---------------------------+--------------+-------------------------+---------------------+------------------------------------+


+---------------------------------------------------------------------------------------------+
; Flow OS Summary                                                                             ;
+---------------------------+------------------+----------------+------------+----------------+
; Module Name               ; Machine Hostname ; OS Name        ; OS Version ; Processor type ;
+---------------------------+------------------+----------------+------------+----------------+
; Analysis & Synthesis      ; steel1004-laptop ; Ubuntu 10.04.2 ; 10         ; i686           ;
; Fitter                    ; steel1004-laptop ; Ubuntu 10.04.2 ; 10         ; i686           ;
; Assembler                 ; steel1004-laptop ; Ubuntu 10.04.2 ; 10         ; i686           ;
; TimeQuest Timing Analyzer ; steel1004-laptop ; Ubuntu 10.04.2 ; 10         ; i686           ;
+---------------------------+------------------+----------------+------------+----------------+


------------
; Flow Log ;
------------
quartus_map --read_settings_files=on --write_settings_files=off simple_processor -c simple_processor
quartus_fit --read_settings_files=off --write_settings_files=off simple_processor -c simple_processor
quartus_asm --read_settings_files=off --write_settings_files=off simple_processor -c simple_processor
quartus_sta simple_processor -c simple_processor



