Analysis & Synthesis report for demultiplexer
Sun Mar 13 16:12:06 2011
Quartus II Version 10.1 Build 153 11/29/2010 SJ Web Edition


---------------------
; Table of Contents ;
---------------------
  1. Legal Notice
  2. Analysis & Synthesis Summary
  3. Analysis & Synthesis Settings
  4. Analysis & Synthesis Source Files Read
  5. Analysis & Synthesis Resource Usage Summary
  6. Analysis & Synthesis Resource Utilization by Entity
  7. User-Specified and Inferred Latches
  8. General Register Statistics
  9. Elapsed Time Per Partition
 10. Analysis & Synthesis Messages



----------------
; Legal Notice ;
----------------
Copyright (C) 1991-2010 Altera Corporation
Your use of Altera Corporation's design tools, logic functions 
and other software and tools, and its AMPP partner logic 
functions, and any output files from any of the foregoing 
(including device programming or simulation files), and any 
associated documentation or information are expressly subject 
to the terms and conditions of the Altera Program License 
Subscription Agreement, Altera MegaCore Function License 
Agreement, or other applicable license agreement, including, 
without limitation, that your use is for the sole purpose of 
programming logic devices manufactured by Altera and sold by 
Altera or its authorized distributors.  Please refer to the 
applicable agreement for further details.



+-------------------------------------------------------------------------------+
; Analysis & Synthesis Summary                                                  ;
+------------------------------------+------------------------------------------+
; Analysis & Synthesis Status        ; Successful - Sun Mar 13 16:12:06 2011    ;
; Quartus II Version                 ; 10.1 Build 153 11/29/2010 SJ Web Edition ;
; Revision Name                      ; demultiplexer                            ;
; Top-level Entity Name              ; demultiplexer                            ;
; Family                             ; Cyclone IV GX                            ;
; Total logic elements               ; 36                                       ;
;     Total combinational functions  ; 36                                       ;
;     Dedicated logic registers      ; 0                                        ;
; Total registers                    ; 0                                        ;
; Total pins                         ; 43                                       ;
; Total virtual pins                 ; 0                                        ;
; Total memory bits                  ; 0                                        ;
; Embedded Multiplier 9-bit elements ; 0                                        ;
; Total GXB Receiver Channel PCS     ; 0                                        ;
; Total GXB Receiver Channel PMA     ; 0                                        ;
; Total GXB Transmitter Channel PCS  ; 0                                        ;
; Total GXB Transmitter Channel PMA  ; 0                                        ;
; Total PLLs                         ; 0                                        ;
+------------------------------------+------------------------------------------+


+----------------------------------------------------------------------------------------------------------------------+
; Analysis & Synthesis Settings                                                                                        ;
+----------------------------------------------------------------------------+--------------------+--------------------+
; Option                                                                     ; Setting            ; Default Value      ;
+----------------------------------------------------------------------------+--------------------+--------------------+
; Top-level entity name                                                      ; demultiplexer      ; demultiplexer      ;
; Family name                                                                ; Cyclone IV GX      ; Cyclone IV GX      ;
; Use smart compilation                                                      ; Off                ; Off                ;
; Enable parallel Assembler and TimeQuest Timing Analyzer during compilation ; On                 ; On                 ;
; Enable compact report table                                                ; Off                ; Off                ;
; Restructure Multiplexers                                                   ; Auto               ; Auto               ;
; Create Debugging Nodes for IP Cores                                        ; Off                ; Off                ;
; Preserve fewer node names                                                  ; On                 ; On                 ;
; Disable OpenCore Plus hardware evaluation                                  ; Off                ; Off                ;
; Verilog Version                                                            ; Verilog_2001       ; Verilog_2001       ;
; VHDL Version                                                               ; VHDL_1993          ; VHDL_1993          ;
; State Machine Processing                                                   ; Auto               ; Auto               ;
; Safe State Machine                                                         ; Off                ; Off                ;
; Extract Verilog State Machines                                             ; On                 ; On                 ;
; Extract VHDL State Machines                                                ; On                 ; On                 ;
; Ignore Verilog initial constructs                                          ; Off                ; Off                ;
; Iteration limit for constant Verilog loops                                 ; 5000               ; 5000               ;
; Iteration limit for non-constant Verilog loops                             ; 250                ; 250                ;
; Add Pass-Through Logic to Inferred RAMs                                    ; On                 ; On                 ;
; Parallel Synthesis                                                         ; On                 ; On                 ;
; DSP Block Balancing                                                        ; Auto               ; Auto               ;
; NOT Gate Push-Back                                                         ; On                 ; On                 ;
; Power-Up Don't Care                                                        ; On                 ; On                 ;
; Remove Redundant Logic Cells                                               ; Off                ; Off                ;
; Remove Duplicate Registers                                                 ; On                 ; On                 ;
; Ignore CARRY Buffers                                                       ; Off                ; Off                ;
; Ignore CASCADE Buffers                                                     ; Off                ; Off                ;
; Ignore GLOBAL Buffers                                                      ; Off                ; Off                ;
; Ignore ROW GLOBAL Buffers                                                  ; Off                ; Off                ;
; Ignore LCELL Buffers                                                       ; Off                ; Off                ;
; Ignore SOFT Buffers                                                        ; On                 ; On                 ;
; Limit AHDL Integers to 32 Bits                                             ; Off                ; Off                ;
; Optimization Technique                                                     ; Balanced           ; Balanced           ;
; Carry Chain Length                                                         ; 70                 ; 70                 ;
; Auto Carry Chains                                                          ; On                 ; On                 ;
; Auto Open-Drain Pins                                                       ; On                 ; On                 ;
; Perform WYSIWYG Primitive Resynthesis                                      ; Off                ; Off                ;
; Auto ROM Replacement                                                       ; On                 ; On                 ;
; Auto RAM Replacement                                                       ; On                 ; On                 ;
; Auto DSP Block Replacement                                                 ; On                 ; On                 ;
; Auto Shift Register Replacement                                            ; Auto               ; Auto               ;
; Auto Clock Enable Replacement                                              ; On                 ; On                 ;
; Strict RAM Replacement                                                     ; Off                ; Off                ;
; Allow Synchronous Control Signals                                          ; On                 ; On                 ;
; Force Use of Synchronous Clear Signals                                     ; Off                ; Off                ;
; Auto RAM Block Balancing                                                   ; On                 ; On                 ;
; Auto RAM to Logic Cell Conversion                                          ; Off                ; Off                ;
; Auto Resource Sharing                                                      ; Off                ; Off                ;
; Allow Any RAM Size For Recognition                                         ; Off                ; Off                ;
; Allow Any ROM Size For Recognition                                         ; Off                ; Off                ;
; Allow Any Shift Register Size For Recognition                              ; Off                ; Off                ;
; Use LogicLock Constraints during Resource Balancing                        ; On                 ; On                 ;
; Ignore translate_off and synthesis_off directives                          ; Off                ; Off                ;
; Timing-Driven Synthesis                                                    ; On                 ; On                 ;
; Report Parameter Settings                                                  ; On                 ; On                 ;
; Report Source Assignments                                                  ; On                 ; On                 ;
; Report Connectivity Checks                                                 ; On                 ; On                 ;
; Ignore Maximum Fan-Out Assignments                                         ; Off                ; Off                ;
; Synchronization Register Chain Length                                      ; 2                  ; 2                  ;
; PowerPlay Power Optimization                                               ; Normal compilation ; Normal compilation ;
; HDL message level                                                          ; Level2             ; Level2             ;
; Suppress Register Optimization Related Messages                            ; Off                ; Off                ;
; Number of Removed Registers Reported in Synthesis Report                   ; 5000               ; 5000               ;
; Number of Inverted Registers Reported in Synthesis Report                  ; 100                ; 100                ;
; Clock MUX Protection                                                       ; On                 ; On                 ;
; Auto Gated Clock Conversion                                                ; Off                ; Off                ;
; Block Design Naming                                                        ; Auto               ; Auto               ;
; SDC constraint protection                                                  ; Off                ; Off                ;
; Synthesis Effort                                                           ; Auto               ; Auto               ;
; Shift Register Replacement - Allow Asynchronous Clear Signal               ; On                 ; On                 ;
; Analysis & Synthesis Message Level                                         ; Medium             ; Medium             ;
; Disable Register Merging Across Hierarchies                                ; Auto               ; Auto               ;
; Resource Aware Inference For Block RAM                                     ; On                 ; On                 ;
; Synthesis Seed                                                             ; 1                  ; 1                  ;
+----------------------------------------------------------------------------+--------------------+--------------------+


+----------------------------------------------------------------------------------------------------------------------------------------------------+
; Analysis & Synthesis Source Files Read                                                                                                             ;
+----------------------------------+-----------------+------------------------+----------------------------------------------------------------------+
; File Name with User-Entered Path ; Used in Netlist ; File Type              ; File Name with Absolute Path                                         ;
+----------------------------------+-----------------+------------------------+----------------------------------------------------------------------+
; demultiplexer.v                  ; yes             ; User Verilog HDL File  ; /home/steel1004/For MetroTek/Tasks_1/1/demultiplexer/demultiplexer.v ;
+----------------------------------+-----------------+------------------------+----------------------------------------------------------------------+


+---------------------------------------------+
; Analysis & Synthesis Resource Usage Summary ;
+----------------------+----------------------+
; Resource             ; Usage                ;
+----------------------+----------------------+
; I/O pins             ; 43                   ;
; Maximum fan-out node ; Decoder0~0           ;
; Maximum fan-out      ; 8                    ;
; Total fan-out        ; 183                  ;
; Average fan-out      ; 1.50                 ;
+----------------------+----------------------+


+-----------------------------------------------------------------------------------------------------------------------------------------------------------------------------------------+
; Analysis & Synthesis Resource Utilization by Entity                                                                                                                                     ;
+----------------------------+-------------------+--------------+-------------+--------------+---------+-----------+-----------+------+--------------+---------------------+--------------+
; Compilation Hierarchy Node ; LC Combinationals ; LC Registers ; Memory Bits ; DSP Elements ; DSP 9x9 ; DSP 18x18 ; DSP 36x36 ; Pins ; Virtual Pins ; Full Hierarchy Name ; Library Name ;
+----------------------------+-------------------+--------------+-------------+--------------+---------+-----------+-----------+------+--------------+---------------------+--------------+
; |demultiplexer             ; 36 (36)           ; 0 (0)        ; 0           ; 0            ; 0       ; 0         ; 0         ; 43   ; 0            ; |demultiplexer      ;              ;
+----------------------------+-------------------+--------------+-------------+--------------+---------+-----------+-----------+------+--------------+---------------------+--------------+
Note: For table entries with two numbers listed, the numbers in parentheses indicate the number of resources of the given type used by the specific entity alone. The numbers listed outside of parentheses indicate the total resources of the given type used by the specific entity and all of its sub-entities in the hierarchy.


+----------------------------------------------------------------------------------------------------+
; User-Specified and Inferred Latches                                                                ;
+-----------------------------------------------------+---------------------+------------------------+
; Latch Name                                          ; Latch Enable Signal ; Free of Timing Hazards ;
+-----------------------------------------------------+---------------------+------------------------+
; data_a_o[0]$latch                                   ; Decoder0            ; yes                    ;
; data_a_o[1]$latch                                   ; Decoder0            ; yes                    ;
; data_a_o[2]$latch                                   ; Decoder0            ; yes                    ;
; data_a_o[3]$latch                                   ; Decoder0            ; yes                    ;
; data_a_o[4]$latch                                   ; Decoder0            ; yes                    ;
; data_a_o[5]$latch                                   ; Decoder0            ; yes                    ;
; data_a_o[6]$latch                                   ; Decoder0            ; yes                    ;
; data_a_o[7]$latch                                   ; Decoder0            ; yes                    ;
; data_b_o[0]$latch                                   ; Decoder0            ; yes                    ;
; data_b_o[1]$latch                                   ; Decoder0            ; yes                    ;
; data_b_o[2]$latch                                   ; Decoder0            ; yes                    ;
; data_b_o[3]$latch                                   ; Decoder0            ; yes                    ;
; data_b_o[4]$latch                                   ; Decoder0            ; yes                    ;
; data_b_o[5]$latch                                   ; Decoder0            ; yes                    ;
; data_b_o[6]$latch                                   ; Decoder0            ; yes                    ;
; data_b_o[7]$latch                                   ; Decoder0            ; yes                    ;
; data_c_o[0]$latch                                   ; Decoder0            ; yes                    ;
; data_c_o[1]$latch                                   ; Decoder0            ; yes                    ;
; data_c_o[2]$latch                                   ; Decoder0            ; yes                    ;
; data_c_o[3]$latch                                   ; Decoder0            ; yes                    ;
; data_c_o[4]$latch                                   ; Decoder0            ; yes                    ;
; data_c_o[5]$latch                                   ; Decoder0            ; yes                    ;
; data_c_o[6]$latch                                   ; Decoder0            ; yes                    ;
; data_c_o[7]$latch                                   ; Decoder0            ; yes                    ;
; data_d_o[0]$latch                                   ; Decoder0            ; yes                    ;
; data_d_o[1]$latch                                   ; Decoder0            ; yes                    ;
; data_d_o[2]$latch                                   ; Decoder0            ; yes                    ;
; data_d_o[3]$latch                                   ; Decoder0            ; yes                    ;
; data_d_o[4]$latch                                   ; Decoder0            ; yes                    ;
; data_d_o[5]$latch                                   ; Decoder0            ; yes                    ;
; data_d_o[6]$latch                                   ; Decoder0            ; yes                    ;
; data_d_o[7]$latch                                   ; Decoder0            ; yes                    ;
; Number of user-specified and inferred latches = 32  ;                     ;                        ;
+-----------------------------------------------------+---------------------+------------------------+
Note: All latches listed above may not be present at the end of synthesis due to various synthesis optimizations.


+------------------------------------------------------+
; General Register Statistics                          ;
+----------------------------------------------+-------+
; Statistic                                    ; Value ;
+----------------------------------------------+-------+
; Total registers                              ; 0     ;
; Number of registers using Synchronous Clear  ; 0     ;
; Number of registers using Synchronous Load   ; 0     ;
; Number of registers using Asynchronous Clear ; 0     ;
; Number of registers using Asynchronous Load  ; 0     ;
; Number of registers using Clock Enable       ; 0     ;
; Number of registers using Preset             ; 0     ;
+----------------------------------------------+-------+


+-------------------------------+
; Elapsed Time Per Partition    ;
+----------------+--------------+
; Partition Name ; Elapsed Time ;
+----------------+--------------+
; Top            ; 00:00:02     ;
+----------------+--------------+


+-------------------------------+
; Analysis & Synthesis Messages ;
+-------------------------------+
Info: *******************************************************************
Info: Running Quartus II Analysis & Synthesis
    Info: Version 10.1 Build 153 11/29/2010 SJ Web Edition
    Info: Processing started: Sun Mar 13 16:11:59 2011
Info: Command: quartus_map --read_settings_files=on --write_settings_files=off demultiplexer -c demultiplexer
Info: Found 1 design units, including 1 entities, in source file demultiplexer.v
    Info: Found entity 1: demultiplexer
Info: Elaborating entity "demultiplexer" for the top level hierarchy
Warning (10240): Verilog HDL Always Construct warning at demultiplexer.v(15): inferring latch(es) for variable "data_d_o", which holds its previous value in one or more paths through the always construct
Warning (10240): Verilog HDL Always Construct warning at demultiplexer.v(15): inferring latch(es) for variable "data_c_o", which holds its previous value in one or more paths through the always construct
Warning (10240): Verilog HDL Always Construct warning at demultiplexer.v(15): inferring latch(es) for variable "data_b_o", which holds its previous value in one or more paths through the always construct
Warning (10240): Verilog HDL Always Construct warning at demultiplexer.v(15): inferring latch(es) for variable "data_a_o", which holds its previous value in one or more paths through the always construct
Info (10041): Inferred latch for "data_a_o[0]" at demultiplexer.v(15)
Info (10041): Inferred latch for "data_a_o[1]" at demultiplexer.v(15)
Info (10041): Inferred latch for "data_a_o[2]" at demultiplexer.v(15)
Info (10041): Inferred latch for "data_a_o[3]" at demultiplexer.v(15)
Info (10041): Inferred latch for "data_a_o[4]" at demultiplexer.v(15)
Info (10041): Inferred latch for "data_a_o[5]" at demultiplexer.v(15)
Info (10041): Inferred latch for "data_a_o[6]" at demultiplexer.v(15)
Info (10041): Inferred latch for "data_a_o[7]" at demultiplexer.v(15)
Info (10041): Inferred latch for "data_b_o[0]" at demultiplexer.v(15)
Info (10041): Inferred latch for "data_b_o[1]" at demultiplexer.v(15)
Info (10041): Inferred latch for "data_b_o[2]" at demultiplexer.v(15)
Info (10041): Inferred latch for "data_b_o[3]" at demultiplexer.v(15)
Info (10041): Inferred latch for "data_b_o[4]" at demultiplexer.v(15)
Info (10041): Inferred latch for "data_b_o[5]" at demultiplexer.v(15)
Info (10041): Inferred latch for "data_b_o[6]" at demultiplexer.v(15)
Info (10041): Inferred latch for "data_b_o[7]" at demultiplexer.v(15)
Info (10041): Inferred latch for "data_c_o[0]" at demultiplexer.v(15)
Info (10041): Inferred latch for "data_c_o[1]" at demultiplexer.v(15)
Info (10041): Inferred latch for "data_c_o[2]" at demultiplexer.v(15)
Info (10041): Inferred latch for "data_c_o[3]" at demultiplexer.v(15)
Info (10041): Inferred latch for "data_c_o[4]" at demultiplexer.v(15)
Info (10041): Inferred latch for "data_c_o[5]" at demultiplexer.v(15)
Info (10041): Inferred latch for "data_c_o[6]" at demultiplexer.v(15)
Info (10041): Inferred latch for "data_c_o[7]" at demultiplexer.v(15)
Info (10041): Inferred latch for "data_d_o[0]" at demultiplexer.v(15)
Info (10041): Inferred latch for "data_d_o[1]" at demultiplexer.v(15)
Info (10041): Inferred latch for "data_d_o[2]" at demultiplexer.v(15)
Info (10041): Inferred latch for "data_d_o[3]" at demultiplexer.v(15)
Info (10041): Inferred latch for "data_d_o[4]" at demultiplexer.v(15)
Info (10041): Inferred latch for "data_d_o[5]" at demultiplexer.v(15)
Info (10041): Inferred latch for "data_d_o[6]" at demultiplexer.v(15)
Info (10041): Inferred latch for "data_d_o[7]" at demultiplexer.v(15)
Info: Timing-Driven Synthesis is running
Info: Generating hard_block partition "hard_block:auto_generated_inst"
Info: Implemented 79 device resources after synthesis - the final resource count might be different
    Info: Implemented 11 input pins
    Info: Implemented 32 output pins
    Info: Implemented 36 logic cells
Info: Quartus II Analysis & Synthesis was successful. 0 errors, 4 warnings
    Info: Peak virtual memory: 265 megabytes
    Info: Processing ended: Sun Mar 13 16:12:07 2011
    Info: Elapsed time: 00:00:08
    Info: Total CPU time (on all processors): 00:00:05


