TimeQuest Timing Analyzer report for d_trigger
Sun Mar 13 18:56:14 2011
Quartus II Version 10.1 Build 153 11/29/2010 SJ Web Edition


---------------------
; Table of Contents ;
---------------------
  1. Legal Notice
  2. TimeQuest Timing Analyzer Summary
  3. Clocks
  4. Slow 1200mV 85C Model Fmax Summary
  5. Slow 1200mV 85C Model Setup Summary
  6. Slow 1200mV 85C Model Hold Summary
  7. Slow 1200mV 85C Model Recovery Summary
  8. Slow 1200mV 85C Model Removal Summary
  9. Slow 1200mV 85C Model Minimum Pulse Width Summary
 10. Slow 1200mV 85C Model Minimum Pulse Width: 'clk_i'
 11. Setup Times
 12. Hold Times
 13. Clock to Output Times
 14. Minimum Clock to Output Times
 15. Slow 1200mV 85C Model Metastability Report
 16. Slow 1200mV 0C Model Fmax Summary
 17. Slow 1200mV 0C Model Setup Summary
 18. Slow 1200mV 0C Model Hold Summary
 19. Slow 1200mV 0C Model Recovery Summary
 20. Slow 1200mV 0C Model Removal Summary
 21. Slow 1200mV 0C Model Minimum Pulse Width Summary
 22. Slow 1200mV 0C Model Minimum Pulse Width: 'clk_i'
 23. Setup Times
 24. Hold Times
 25. Clock to Output Times
 26. Minimum Clock to Output Times
 27. Slow 1200mV 0C Model Metastability Report
 28. Fast 1200mV 0C Model Setup Summary
 29. Fast 1200mV 0C Model Hold Summary
 30. Fast 1200mV 0C Model Recovery Summary
 31. Fast 1200mV 0C Model Removal Summary
 32. Fast 1200mV 0C Model Minimum Pulse Width Summary
 33. Fast 1200mV 0C Model Minimum Pulse Width: 'clk_i'
 34. Setup Times
 35. Hold Times
 36. Clock to Output Times
 37. Minimum Clock to Output Times
 38. Fast 1200mV 0C Model Metastability Report
 39. Multicorner Timing Analysis Summary
 40. Setup Times
 41. Hold Times
 42. Clock to Output Times
 43. Minimum Clock to Output Times
 44. Board Trace Model Assignments
 45. Input Transition Times
 46. Signal Integrity Metrics (Slow 1200mv 0c Model)
 47. Signal Integrity Metrics (Slow 1200mv 85c Model)
 48. Signal Integrity Metrics (Fast 1200mv 0c Model)
 49. Clock Transfers
 50. Report TCCS
 51. Report RSKM
 52. Unconstrained Paths
 53. TimeQuest Timing Analyzer Messages



----------------
; Legal Notice ;
----------------
Copyright (C) 1991-2010 Altera Corporation
Your use of Altera Corporation's design tools, logic functions 
and other software and tools, and its AMPP partner logic 
functions, and any output files from any of the foregoing 
(including device programming or simulation files), and any 
associated documentation or information are expressly subject 
to the terms and conditions of the Altera Program License 
Subscription Agreement, Altera MegaCore Function License 
Agreement, or other applicable license agreement, including, 
without limitation, that your use is for the sole purpose of 
programming logic devices manufactured by Altera and sold by 
Altera or its authorized distributors.  Please refer to the 
applicable agreement for further details.



+-----------------------------------------------------------------------+
; TimeQuest Timing Analyzer Summary                                     ;
+--------------------+--------------------------------------------------+
; Quartus II Version ; Version 10.1 Build 153 11/29/2010 SJ Web Edition ;
; Revision Name      ; d_trigger                                        ;
; Device Family      ; Cyclone IV GX                                    ;
; Device Name        ; EP4CGX15BF14C6                                   ;
; Timing Models      ; Final                                            ;
; Delay Model        ; Combined                                         ;
; Rise/Fall Delays   ; Enabled                                          ;
+--------------------+--------------------------------------------------+


+-----------------------------------------------------------------------------------------------------------------------------------------------------------------------------------+
; Clocks                                                                                                                                                                            ;
+------------+------+--------+------------+-------+-------+------------+-----------+-------------+-------+--------+-----------+------------+----------+--------+--------+-----------+
; Clock Name ; Type ; Period ; Frequency  ; Rise  ; Fall  ; Duty Cycle ; Divide by ; Multiply by ; Phase ; Offset ; Edge List ; Edge Shift ; Inverted ; Master ; Source ; Targets   ;
+------------+------+--------+------------+-------+-------+------------+-----------+-------------+-------+--------+-----------+------------+----------+--------+--------+-----------+
; clk_i      ; Base ; 1.000  ; 1000.0 MHz ; 0.000 ; 0.500 ;            ;           ;             ;       ;        ;           ;            ;          ;        ;        ; { clk_i } ;
+------------+------+--------+------------+-------+-------+------------+-----------+-------------+-------+--------+-----------+------------+----------+--------+--------+-----------+


--------------------------------------
; Slow 1200mV 85C Model Fmax Summary ;
--------------------------------------
No paths to report.


---------------------------------------
; Slow 1200mV 85C Model Setup Summary ;
---------------------------------------
No paths to report.


--------------------------------------
; Slow 1200mV 85C Model Hold Summary ;
--------------------------------------
No paths to report.


------------------------------------------
; Slow 1200mV 85C Model Recovery Summary ;
------------------------------------------
No paths to report.


-----------------------------------------
; Slow 1200mV 85C Model Removal Summary ;
-----------------------------------------
No paths to report.


+---------------------------------------------------+
; Slow 1200mV 85C Model Minimum Pulse Width Summary ;
+-------+--------+----------------------------------+
; Clock ; Slack  ; End Point TNS                    ;
+-------+--------+----------------------------------+
; clk_i ; -3.000 ; -11.000                          ;
+-------+--------+----------------------------------+


+--------------------------------------------------------------------------------------------------------------+
; Slow 1200mV 85C Model Minimum Pulse Width: 'clk_i'                                                           ;
+--------+--------------+----------------+------------------+-------+------------+-----------------------------+
; Slack  ; Actual Width ; Required Width ; Type             ; Clock ; Clock Edge ; Target                      ;
+--------+--------------+----------------+------------------+-------+------------+-----------------------------+
; -3.000 ; 1.000        ; 4.000          ; Port Rate        ; clk_i ; Rise       ; clk_i                       ;
; -1.000 ; 1.000        ; 2.000          ; Min Period       ; clk_i ; Rise       ; data_o[0]~reg0              ;
; -1.000 ; 1.000        ; 2.000          ; Min Period       ; clk_i ; Rise       ; data_o[1]~reg0              ;
; -1.000 ; 1.000        ; 2.000          ; Min Period       ; clk_i ; Rise       ; data_o[2]~reg0              ;
; -1.000 ; 1.000        ; 2.000          ; Min Period       ; clk_i ; Rise       ; data_o[3]~reg0              ;
; -1.000 ; 1.000        ; 2.000          ; Min Period       ; clk_i ; Rise       ; data_o[4]~reg0              ;
; -1.000 ; 1.000        ; 2.000          ; Min Period       ; clk_i ; Rise       ; data_o[5]~reg0              ;
; -1.000 ; 1.000        ; 2.000          ; Min Period       ; clk_i ; Rise       ; data_o[6]~reg0              ;
; -1.000 ; 1.000        ; 2.000          ; Min Period       ; clk_i ; Rise       ; data_o[7]~reg0              ;
; 0.209  ; 0.393        ; 0.184          ; Low Pulse Width  ; clk_i ; Rise       ; data_o[0]~reg0              ;
; 0.209  ; 0.393        ; 0.184          ; Low Pulse Width  ; clk_i ; Rise       ; data_o[1]~reg0              ;
; 0.209  ; 0.393        ; 0.184          ; Low Pulse Width  ; clk_i ; Rise       ; data_o[2]~reg0              ;
; 0.209  ; 0.393        ; 0.184          ; Low Pulse Width  ; clk_i ; Rise       ; data_o[3]~reg0              ;
; 0.209  ; 0.393        ; 0.184          ; Low Pulse Width  ; clk_i ; Rise       ; data_o[4]~reg0              ;
; 0.209  ; 0.393        ; 0.184          ; Low Pulse Width  ; clk_i ; Rise       ; data_o[5]~reg0              ;
; 0.209  ; 0.393        ; 0.184          ; Low Pulse Width  ; clk_i ; Rise       ; data_o[6]~reg0              ;
; 0.209  ; 0.393        ; 0.184          ; Low Pulse Width  ; clk_i ; Rise       ; data_o[7]~reg0              ;
; 0.326  ; 0.326        ; 0.000          ; Low Pulse Width  ; clk_i ; Rise       ; clk_i~input|o               ;
; 0.337  ; 0.337        ; 0.000          ; Low Pulse Width  ; clk_i ; Rise       ; clk_i~inputclkctrl|inclk[0] ;
; 0.337  ; 0.337        ; 0.000          ; Low Pulse Width  ; clk_i ; Rise       ; clk_i~inputclkctrl|outclk   ;
; 0.369  ; 0.369        ; 0.000          ; Low Pulse Width  ; clk_i ; Rise       ; data_o[0]~reg0|clk          ;
; 0.369  ; 0.369        ; 0.000          ; Low Pulse Width  ; clk_i ; Rise       ; data_o[1]~reg0|clk          ;
; 0.369  ; 0.369        ; 0.000          ; Low Pulse Width  ; clk_i ; Rise       ; data_o[2]~reg0|clk          ;
; 0.369  ; 0.369        ; 0.000          ; Low Pulse Width  ; clk_i ; Rise       ; data_o[3]~reg0|clk          ;
; 0.369  ; 0.369        ; 0.000          ; Low Pulse Width  ; clk_i ; Rise       ; data_o[4]~reg0|clk          ;
; 0.369  ; 0.369        ; 0.000          ; Low Pulse Width  ; clk_i ; Rise       ; data_o[5]~reg0|clk          ;
; 0.369  ; 0.369        ; 0.000          ; Low Pulse Width  ; clk_i ; Rise       ; data_o[6]~reg0|clk          ;
; 0.369  ; 0.369        ; 0.000          ; Low Pulse Width  ; clk_i ; Rise       ; data_o[7]~reg0|clk          ;
; 0.391  ; 0.607        ; 0.216          ; High Pulse Width ; clk_i ; Rise       ; data_o[0]~reg0              ;
; 0.391  ; 0.607        ; 0.216          ; High Pulse Width ; clk_i ; Rise       ; data_o[1]~reg0              ;
; 0.391  ; 0.607        ; 0.216          ; High Pulse Width ; clk_i ; Rise       ; data_o[2]~reg0              ;
; 0.391  ; 0.607        ; 0.216          ; High Pulse Width ; clk_i ; Rise       ; data_o[3]~reg0              ;
; 0.391  ; 0.607        ; 0.216          ; High Pulse Width ; clk_i ; Rise       ; data_o[4]~reg0              ;
; 0.391  ; 0.607        ; 0.216          ; High Pulse Width ; clk_i ; Rise       ; data_o[5]~reg0              ;
; 0.391  ; 0.607        ; 0.216          ; High Pulse Width ; clk_i ; Rise       ; data_o[6]~reg0              ;
; 0.391  ; 0.607        ; 0.216          ; High Pulse Width ; clk_i ; Rise       ; data_o[7]~reg0              ;
; 0.500  ; 0.500        ; 0.000          ; High Pulse Width ; clk_i ; Rise       ; clk_i~input|i               ;
; 0.500  ; 0.500        ; 0.000          ; Low Pulse Width  ; clk_i ; Rise       ; clk_i~input|i               ;
; 0.629  ; 0.629        ; 0.000          ; High Pulse Width ; clk_i ; Rise       ; data_o[0]~reg0|clk          ;
; 0.629  ; 0.629        ; 0.000          ; High Pulse Width ; clk_i ; Rise       ; data_o[1]~reg0|clk          ;
; 0.629  ; 0.629        ; 0.000          ; High Pulse Width ; clk_i ; Rise       ; data_o[2]~reg0|clk          ;
; 0.629  ; 0.629        ; 0.000          ; High Pulse Width ; clk_i ; Rise       ; data_o[3]~reg0|clk          ;
; 0.629  ; 0.629        ; 0.000          ; High Pulse Width ; clk_i ; Rise       ; data_o[4]~reg0|clk          ;
; 0.629  ; 0.629        ; 0.000          ; High Pulse Width ; clk_i ; Rise       ; data_o[5]~reg0|clk          ;
; 0.629  ; 0.629        ; 0.000          ; High Pulse Width ; clk_i ; Rise       ; data_o[6]~reg0|clk          ;
; 0.629  ; 0.629        ; 0.000          ; High Pulse Width ; clk_i ; Rise       ; data_o[7]~reg0|clk          ;
; 0.662  ; 0.662        ; 0.000          ; High Pulse Width ; clk_i ; Rise       ; clk_i~inputclkctrl|inclk[0] ;
; 0.662  ; 0.662        ; 0.000          ; High Pulse Width ; clk_i ; Rise       ; clk_i~inputclkctrl|outclk   ;
; 0.674  ; 0.674        ; 0.000          ; High Pulse Width ; clk_i ; Rise       ; clk_i~input|o               ;
+--------+--------------+----------------+------------------+-------+------------+-----------------------------+


+--------------------------------------------------------------------------+
; Setup Times                                                              ;
+------------+------------+--------+--------+------------+-----------------+
; Data Port  ; Clock Port ; Rise   ; Fall   ; Clock Edge ; Clock Reference ;
+------------+------------+--------+--------+------------+-----------------+
; data_i[*]  ; clk_i      ; 1.996  ; 2.469  ; Rise       ; clk_i           ;
;  data_i[0] ; clk_i      ; -0.521 ; -0.340 ; Rise       ; clk_i           ;
;  data_i[1] ; clk_i      ; 1.550  ; 1.992  ; Rise       ; clk_i           ;
;  data_i[2] ; clk_i      ; 1.845  ; 2.333  ; Rise       ; clk_i           ;
;  data_i[3] ; clk_i      ; 1.843  ; 2.294  ; Rise       ; clk_i           ;
;  data_i[4] ; clk_i      ; 1.996  ; 2.469  ; Rise       ; clk_i           ;
;  data_i[5] ; clk_i      ; 1.937  ; 2.405  ; Rise       ; clk_i           ;
;  data_i[6] ; clk_i      ; 1.800  ; 2.245  ; Rise       ; clk_i           ;
;  data_i[7] ; clk_i      ; 1.867  ; 2.313  ; Rise       ; clk_i           ;
; en_i       ; clk_i      ; 2.736  ; 3.205  ; Rise       ; clk_i           ;
; rst_i      ; clk_i      ; 0.127  ; 0.231  ; Rise       ; clk_i           ;
+------------+------------+--------+--------+------------+-----------------+


+--------------------------------------------------------------------------+
; Hold Times                                                               ;
+------------+------------+--------+--------+------------+-----------------+
; Data Port  ; Clock Port ; Rise   ; Fall   ; Clock Edge ; Clock Reference ;
+------------+------------+--------+--------+------------+-----------------+
; data_i[*]  ; clk_i      ; 0.816  ; 0.643  ; Rise       ; clk_i           ;
;  data_i[0] ; clk_i      ; 0.816  ; 0.643  ; Rise       ; clk_i           ;
;  data_i[1] ; clk_i      ; -1.170 ; -1.589 ; Rise       ; clk_i           ;
;  data_i[2] ; clk_i      ; -1.427 ; -1.870 ; Rise       ; clk_i           ;
;  data_i[3] ; clk_i      ; -1.452 ; -1.879 ; Rise       ; clk_i           ;
;  data_i[4] ; clk_i      ; -1.599 ; -2.048 ; Rise       ; clk_i           ;
;  data_i[5] ; clk_i      ; -1.541 ; -1.986 ; Rise       ; clk_i           ;
;  data_i[6] ; clk_i      ; -1.410 ; -1.831 ; Rise       ; clk_i           ;
;  data_i[7] ; clk_i      ; -1.475 ; -1.898 ; Rise       ; clk_i           ;
; en_i       ; clk_i      ; -2.400 ; -2.835 ; Rise       ; clk_i           ;
; rst_i      ; clk_i      ; 0.891  ; 0.753  ; Rise       ; clk_i           ;
+------------+------------+--------+--------+------------+-----------------+


+------------------------------------------------------------------------+
; Clock to Output Times                                                  ;
+------------+------------+-------+-------+------------+-----------------+
; Data Port  ; Clock Port ; Rise  ; Fall  ; Clock Edge ; Clock Reference ;
+------------+------------+-------+-------+------------+-----------------+
; data_o[*]  ; clk_i      ; 8.259 ; 8.343 ; Rise       ; clk_i           ;
;  data_o[0] ; clk_i      ; 5.739 ; 5.682 ; Rise       ; clk_i           ;
;  data_o[1] ; clk_i      ; 6.048 ; 5.984 ; Rise       ; clk_i           ;
;  data_o[2] ; clk_i      ; 6.029 ; 6.019 ; Rise       ; clk_i           ;
;  data_o[3] ; clk_i      ; 6.721 ; 6.681 ; Rise       ; clk_i           ;
;  data_o[4] ; clk_i      ; 6.252 ; 6.236 ; Rise       ; clk_i           ;
;  data_o[5] ; clk_i      ; 5.901 ; 5.875 ; Rise       ; clk_i           ;
;  data_o[6] ; clk_i      ; 5.949 ; 5.929 ; Rise       ; clk_i           ;
;  data_o[7] ; clk_i      ; 8.259 ; 8.343 ; Rise       ; clk_i           ;
+------------+------------+-------+-------+------------+-----------------+


+------------------------------------------------------------------------+
; Minimum Clock to Output Times                                          ;
+------------+------------+-------+-------+------------+-----------------+
; Data Port  ; Clock Port ; Rise  ; Fall  ; Clock Edge ; Clock Reference ;
+------------+------------+-------+-------+------------+-----------------+
; data_o[*]  ; clk_i      ; 5.549 ; 5.491 ; Rise       ; clk_i           ;
;  data_o[0] ; clk_i      ; 5.549 ; 5.491 ; Rise       ; clk_i           ;
;  data_o[1] ; clk_i      ; 5.847 ; 5.781 ; Rise       ; clk_i           ;
;  data_o[2] ; clk_i      ; 5.833 ; 5.819 ; Rise       ; clk_i           ;
;  data_o[3] ; clk_i      ; 6.498 ; 6.455 ; Rise       ; clk_i           ;
;  data_o[4] ; clk_i      ; 6.048 ; 6.030 ; Rise       ; clk_i           ;
;  data_o[5] ; clk_i      ; 5.711 ; 5.683 ; Rise       ; clk_i           ;
;  data_o[6] ; clk_i      ; 5.758 ; 5.736 ; Rise       ; clk_i           ;
;  data_o[7] ; clk_i      ; 8.007 ; 8.087 ; Rise       ; clk_i           ;
+------------+------------+-------+-------+------------+-----------------+


----------------------------------------------
; Slow 1200mV 85C Model Metastability Report ;
----------------------------------------------
No synchronizer chains to report.


-------------------------------------
; Slow 1200mV 0C Model Fmax Summary ;
-------------------------------------
No paths to report.


--------------------------------------
; Slow 1200mV 0C Model Setup Summary ;
--------------------------------------
No paths to report.


-------------------------------------
; Slow 1200mV 0C Model Hold Summary ;
-------------------------------------
No paths to report.


-----------------------------------------
; Slow 1200mV 0C Model Recovery Summary ;
-----------------------------------------
No paths to report.


----------------------------------------
; Slow 1200mV 0C Model Removal Summary ;
----------------------------------------
No paths to report.


+--------------------------------------------------+
; Slow 1200mV 0C Model Minimum Pulse Width Summary ;
+-------+--------+---------------------------------+
; Clock ; Slack  ; End Point TNS                   ;
+-------+--------+---------------------------------+
; clk_i ; -3.000 ; -11.000                         ;
+-------+--------+---------------------------------+


+--------------------------------------------------------------------------------------------------------------+
; Slow 1200mV 0C Model Minimum Pulse Width: 'clk_i'                                                            ;
+--------+--------------+----------------+------------------+-------+------------+-----------------------------+
; Slack  ; Actual Width ; Required Width ; Type             ; Clock ; Clock Edge ; Target                      ;
+--------+--------------+----------------+------------------+-------+------------+-----------------------------+
; -3.000 ; 1.000        ; 4.000          ; Port Rate        ; clk_i ; Rise       ; clk_i                       ;
; -1.000 ; 1.000        ; 2.000          ; Min Period       ; clk_i ; Rise       ; data_o[0]~reg0              ;
; -1.000 ; 1.000        ; 2.000          ; Min Period       ; clk_i ; Rise       ; data_o[1]~reg0              ;
; -1.000 ; 1.000        ; 2.000          ; Min Period       ; clk_i ; Rise       ; data_o[2]~reg0              ;
; -1.000 ; 1.000        ; 2.000          ; Min Period       ; clk_i ; Rise       ; data_o[3]~reg0              ;
; -1.000 ; 1.000        ; 2.000          ; Min Period       ; clk_i ; Rise       ; data_o[4]~reg0              ;
; -1.000 ; 1.000        ; 2.000          ; Min Period       ; clk_i ; Rise       ; data_o[5]~reg0              ;
; -1.000 ; 1.000        ; 2.000          ; Min Period       ; clk_i ; Rise       ; data_o[6]~reg0              ;
; -1.000 ; 1.000        ; 2.000          ; Min Period       ; clk_i ; Rise       ; data_o[7]~reg0              ;
; 0.214  ; 0.398        ; 0.184          ; Low Pulse Width  ; clk_i ; Rise       ; data_o[0]~reg0              ;
; 0.214  ; 0.398        ; 0.184          ; Low Pulse Width  ; clk_i ; Rise       ; data_o[1]~reg0              ;
; 0.214  ; 0.398        ; 0.184          ; Low Pulse Width  ; clk_i ; Rise       ; data_o[2]~reg0              ;
; 0.214  ; 0.398        ; 0.184          ; Low Pulse Width  ; clk_i ; Rise       ; data_o[3]~reg0              ;
; 0.214  ; 0.398        ; 0.184          ; Low Pulse Width  ; clk_i ; Rise       ; data_o[4]~reg0              ;
; 0.214  ; 0.398        ; 0.184          ; Low Pulse Width  ; clk_i ; Rise       ; data_o[5]~reg0              ;
; 0.214  ; 0.398        ; 0.184          ; Low Pulse Width  ; clk_i ; Rise       ; data_o[6]~reg0              ;
; 0.214  ; 0.398        ; 0.184          ; Low Pulse Width  ; clk_i ; Rise       ; data_o[7]~reg0              ;
; 0.344  ; 0.344        ; 0.000          ; Low Pulse Width  ; clk_i ; Rise       ; clk_i~input|o               ;
; 0.346  ; 0.346        ; 0.000          ; Low Pulse Width  ; clk_i ; Rise       ; clk_i~inputclkctrl|inclk[0] ;
; 0.346  ; 0.346        ; 0.000          ; Low Pulse Width  ; clk_i ; Rise       ; clk_i~inputclkctrl|outclk   ;
; 0.374  ; 0.374        ; 0.000          ; Low Pulse Width  ; clk_i ; Rise       ; data_o[0]~reg0|clk          ;
; 0.374  ; 0.374        ; 0.000          ; Low Pulse Width  ; clk_i ; Rise       ; data_o[1]~reg0|clk          ;
; 0.374  ; 0.374        ; 0.000          ; Low Pulse Width  ; clk_i ; Rise       ; data_o[2]~reg0|clk          ;
; 0.374  ; 0.374        ; 0.000          ; Low Pulse Width  ; clk_i ; Rise       ; data_o[3]~reg0|clk          ;
; 0.374  ; 0.374        ; 0.000          ; Low Pulse Width  ; clk_i ; Rise       ; data_o[4]~reg0|clk          ;
; 0.374  ; 0.374        ; 0.000          ; Low Pulse Width  ; clk_i ; Rise       ; data_o[5]~reg0|clk          ;
; 0.374  ; 0.374        ; 0.000          ; Low Pulse Width  ; clk_i ; Rise       ; data_o[6]~reg0|clk          ;
; 0.374  ; 0.374        ; 0.000          ; Low Pulse Width  ; clk_i ; Rise       ; data_o[7]~reg0|clk          ;
; 0.386  ; 0.602        ; 0.216          ; High Pulse Width ; clk_i ; Rise       ; data_o[0]~reg0              ;
; 0.386  ; 0.602        ; 0.216          ; High Pulse Width ; clk_i ; Rise       ; data_o[1]~reg0              ;
; 0.386  ; 0.602        ; 0.216          ; High Pulse Width ; clk_i ; Rise       ; data_o[2]~reg0              ;
; 0.386  ; 0.602        ; 0.216          ; High Pulse Width ; clk_i ; Rise       ; data_o[3]~reg0              ;
; 0.386  ; 0.602        ; 0.216          ; High Pulse Width ; clk_i ; Rise       ; data_o[4]~reg0              ;
; 0.386  ; 0.602        ; 0.216          ; High Pulse Width ; clk_i ; Rise       ; data_o[5]~reg0              ;
; 0.386  ; 0.602        ; 0.216          ; High Pulse Width ; clk_i ; Rise       ; data_o[6]~reg0              ;
; 0.386  ; 0.602        ; 0.216          ; High Pulse Width ; clk_i ; Rise       ; data_o[7]~reg0              ;
; 0.500  ; 0.500        ; 0.000          ; High Pulse Width ; clk_i ; Rise       ; clk_i~input|i               ;
; 0.500  ; 0.500        ; 0.000          ; Low Pulse Width  ; clk_i ; Rise       ; clk_i~input|i               ;
; 0.626  ; 0.626        ; 0.000          ; High Pulse Width ; clk_i ; Rise       ; data_o[0]~reg0|clk          ;
; 0.626  ; 0.626        ; 0.000          ; High Pulse Width ; clk_i ; Rise       ; data_o[1]~reg0|clk          ;
; 0.626  ; 0.626        ; 0.000          ; High Pulse Width ; clk_i ; Rise       ; data_o[2]~reg0|clk          ;
; 0.626  ; 0.626        ; 0.000          ; High Pulse Width ; clk_i ; Rise       ; data_o[3]~reg0|clk          ;
; 0.626  ; 0.626        ; 0.000          ; High Pulse Width ; clk_i ; Rise       ; data_o[4]~reg0|clk          ;
; 0.626  ; 0.626        ; 0.000          ; High Pulse Width ; clk_i ; Rise       ; data_o[5]~reg0|clk          ;
; 0.626  ; 0.626        ; 0.000          ; High Pulse Width ; clk_i ; Rise       ; data_o[6]~reg0|clk          ;
; 0.626  ; 0.626        ; 0.000          ; High Pulse Width ; clk_i ; Rise       ; data_o[7]~reg0|clk          ;
; 0.654  ; 0.654        ; 0.000          ; High Pulse Width ; clk_i ; Rise       ; clk_i~inputclkctrl|inclk[0] ;
; 0.654  ; 0.654        ; 0.000          ; High Pulse Width ; clk_i ; Rise       ; clk_i~inputclkctrl|outclk   ;
; 0.656  ; 0.656        ; 0.000          ; High Pulse Width ; clk_i ; Rise       ; clk_i~input|o               ;
+--------+--------------+----------------+------------------+-------+------------+-----------------------------+


+--------------------------------------------------------------------------+
; Setup Times                                                              ;
+------------+------------+--------+--------+------------+-----------------+
; Data Port  ; Clock Port ; Rise   ; Fall   ; Clock Edge ; Clock Reference ;
+------------+------------+--------+--------+------------+-----------------+
; data_i[*]  ; clk_i      ; 1.720  ; 2.092  ; Rise       ; clk_i           ;
;  data_i[0] ; clk_i      ; -0.453 ; -0.287 ; Rise       ; clk_i           ;
;  data_i[1] ; clk_i      ; 1.311  ; 1.657  ; Rise       ; clk_i           ;
;  data_i[2] ; clk_i      ; 1.579  ; 1.960  ; Rise       ; clk_i           ;
;  data_i[3] ; clk_i      ; 1.581  ; 1.929  ; Rise       ; clk_i           ;
;  data_i[4] ; clk_i      ; 1.720  ; 2.092  ; Rise       ; clk_i           ;
;  data_i[5] ; clk_i      ; 1.663  ; 2.033  ; Rise       ; clk_i           ;
;  data_i[6] ; clk_i      ; 1.540  ; 1.885  ; Rise       ; clk_i           ;
;  data_i[7] ; clk_i      ; 1.602  ; 1.947  ; Rise       ; clk_i           ;
; en_i       ; clk_i      ; 2.372  ; 2.758  ; Rise       ; clk_i           ;
; rst_i      ; clk_i      ; 0.130  ; 0.247  ; Rise       ; clk_i           ;
+------------+------------+--------+--------+------------+-----------------+


+--------------------------------------------------------------------------+
; Hold Times                                                               ;
+------------+------------+--------+--------+------------+-----------------+
; Data Port  ; Clock Port ; Rise   ; Fall   ; Clock Edge ; Clock Reference ;
+------------+------------+--------+--------+------------+-----------------+
; data_i[*]  ; clk_i      ; 0.718  ; 0.558  ; Rise       ; clk_i           ;
;  data_i[0] ; clk_i      ; 0.718  ; 0.558  ; Rise       ; clk_i           ;
;  data_i[1] ; clk_i      ; -0.972 ; -1.304 ; Rise       ; clk_i           ;
;  data_i[2] ; clk_i      ; -1.203 ; -1.552 ; Rise       ; clk_i           ;
;  data_i[3] ; clk_i      ; -1.231 ; -1.565 ; Rise       ; clk_i           ;
;  data_i[4] ; clk_i      ; -1.366 ; -1.721 ; Rise       ; clk_i           ;
;  data_i[5] ; clk_i      ; -1.310 ; -1.664 ; Rise       ; clk_i           ;
;  data_i[6] ; clk_i      ; -1.191 ; -1.523 ; Rise       ; clk_i           ;
;  data_i[7] ; clk_i      ; -1.252 ; -1.582 ; Rise       ; clk_i           ;
; en_i       ; clk_i      ; -2.071 ; -2.432 ; Rise       ; clk_i           ;
; rst_i      ; clk_i      ; 0.798  ; 0.645  ; Rise       ; clk_i           ;
+------------+------------+--------+--------+------------+-----------------+


+------------------------------------------------------------------------+
; Clock to Output Times                                                  ;
+------------+------------+-------+-------+------------+-----------------+
; Data Port  ; Clock Port ; Rise  ; Fall  ; Clock Edge ; Clock Reference ;
+------------+------------+-------+-------+------------+-----------------+
; data_o[*]  ; clk_i      ; 7.400 ; 7.419 ; Rise       ; clk_i           ;
;  data_o[0] ; clk_i      ; 5.118 ; 5.069 ; Rise       ; clk_i           ;
;  data_o[1] ; clk_i      ; 5.402 ; 5.345 ; Rise       ; clk_i           ;
;  data_o[2] ; clk_i      ; 5.388 ; 5.370 ; Rise       ; clk_i           ;
;  data_o[3] ; clk_i      ; 6.030 ; 5.964 ; Rise       ; clk_i           ;
;  data_o[4] ; clk_i      ; 5.614 ; 5.553 ; Rise       ; clk_i           ;
;  data_o[5] ; clk_i      ; 5.292 ; 5.227 ; Rise       ; clk_i           ;
;  data_o[6] ; clk_i      ; 5.337 ; 5.278 ; Rise       ; clk_i           ;
;  data_o[7] ; clk_i      ; 7.400 ; 7.419 ; Rise       ; clk_i           ;
+------------+------------+-------+-------+------------+-----------------+


+------------------------------------------------------------------------+
; Minimum Clock to Output Times                                          ;
+------------+------------+-------+-------+------------+-----------------+
; Data Port  ; Clock Port ; Rise  ; Fall  ; Clock Edge ; Clock Reference ;
+------------+------------+-------+-------+------------+-----------------+
; data_o[*]  ; clk_i      ; 4.950 ; 4.900 ; Rise       ; clk_i           ;
;  data_o[0] ; clk_i      ; 4.950 ; 4.900 ; Rise       ; clk_i           ;
;  data_o[1] ; clk_i      ; 5.223 ; 5.165 ; Rise       ; clk_i           ;
;  data_o[2] ; clk_i      ; 5.211 ; 5.190 ; Rise       ; clk_i           ;
;  data_o[3] ; clk_i      ; 5.827 ; 5.761 ; Rise       ; clk_i           ;
;  data_o[4] ; clk_i      ; 5.433 ; 5.372 ; Rise       ; clk_i           ;
;  data_o[5] ; clk_i      ; 5.124 ; 5.058 ; Rise       ; clk_i           ;
;  data_o[6] ; clk_i      ; 5.167 ; 5.107 ; Rise       ; clk_i           ;
;  data_o[7] ; clk_i      ; 7.172 ; 7.188 ; Rise       ; clk_i           ;
+------------+------------+-------+-------+------------+-----------------+


---------------------------------------------
; Slow 1200mV 0C Model Metastability Report ;
---------------------------------------------
No synchronizer chains to report.


--------------------------------------
; Fast 1200mV 0C Model Setup Summary ;
--------------------------------------
No paths to report.


-------------------------------------
; Fast 1200mV 0C Model Hold Summary ;
-------------------------------------
No paths to report.


-----------------------------------------
; Fast 1200mV 0C Model Recovery Summary ;
-----------------------------------------
No paths to report.


----------------------------------------
; Fast 1200mV 0C Model Removal Summary ;
----------------------------------------
No paths to report.


+--------------------------------------------------+
; Fast 1200mV 0C Model Minimum Pulse Width Summary ;
+-------+--------+---------------------------------+
; Clock ; Slack  ; End Point TNS                   ;
+-------+--------+---------------------------------+
; clk_i ; -3.000 ; -11.248                         ;
+-------+--------+---------------------------------+


+--------------------------------------------------------------------------------------------------------------+
; Fast 1200mV 0C Model Minimum Pulse Width: 'clk_i'                                                            ;
+--------+--------------+----------------+------------------+-------+------------+-----------------------------+
; Slack  ; Actual Width ; Required Width ; Type             ; Clock ; Clock Edge ; Target                      ;
+--------+--------------+----------------+------------------+-------+------------+-----------------------------+
; -3.000 ; 1.000        ; 4.000          ; Port Rate        ; clk_i ; Rise       ; clk_i                       ;
; -1.000 ; 1.000        ; 2.000          ; Min Period       ; clk_i ; Rise       ; data_o[0]~reg0              ;
; -1.000 ; 1.000        ; 2.000          ; Min Period       ; clk_i ; Rise       ; data_o[1]~reg0              ;
; -1.000 ; 1.000        ; 2.000          ; Min Period       ; clk_i ; Rise       ; data_o[2]~reg0              ;
; -1.000 ; 1.000        ; 2.000          ; Min Period       ; clk_i ; Rise       ; data_o[3]~reg0              ;
; -1.000 ; 1.000        ; 2.000          ; Min Period       ; clk_i ; Rise       ; data_o[4]~reg0              ;
; -1.000 ; 1.000        ; 2.000          ; Min Period       ; clk_i ; Rise       ; data_o[5]~reg0              ;
; -1.000 ; 1.000        ; 2.000          ; Min Period       ; clk_i ; Rise       ; data_o[6]~reg0              ;
; -1.000 ; 1.000        ; 2.000          ; Min Period       ; clk_i ; Rise       ; data_o[7]~reg0              ;
; -0.031 ; 0.153        ; 0.184          ; Low Pulse Width  ; clk_i ; Rise       ; data_o[0]~reg0              ;
; -0.031 ; 0.153        ; 0.184          ; Low Pulse Width  ; clk_i ; Rise       ; data_o[1]~reg0              ;
; -0.031 ; 0.153        ; 0.184          ; Low Pulse Width  ; clk_i ; Rise       ; data_o[2]~reg0              ;
; -0.031 ; 0.153        ; 0.184          ; Low Pulse Width  ; clk_i ; Rise       ; data_o[3]~reg0              ;
; -0.031 ; 0.153        ; 0.184          ; Low Pulse Width  ; clk_i ; Rise       ; data_o[4]~reg0              ;
; -0.031 ; 0.153        ; 0.184          ; Low Pulse Width  ; clk_i ; Rise       ; data_o[5]~reg0              ;
; -0.031 ; 0.153        ; 0.184          ; Low Pulse Width  ; clk_i ; Rise       ; data_o[6]~reg0              ;
; -0.031 ; 0.153        ; 0.184          ; Low Pulse Width  ; clk_i ; Rise       ; data_o[7]~reg0              ;
; 0.125  ; 0.125        ; 0.000          ; Low Pulse Width  ; clk_i ; Rise       ; clk_i~input|o               ;
; 0.139  ; 0.139        ; 0.000          ; Low Pulse Width  ; clk_i ; Rise       ; clk_i~inputclkctrl|inclk[0] ;
; 0.139  ; 0.139        ; 0.000          ; Low Pulse Width  ; clk_i ; Rise       ; clk_i~inputclkctrl|outclk   ;
; 0.149  ; 0.149        ; 0.000          ; Low Pulse Width  ; clk_i ; Rise       ; data_o[0]~reg0|clk          ;
; 0.149  ; 0.149        ; 0.000          ; Low Pulse Width  ; clk_i ; Rise       ; data_o[1]~reg0|clk          ;
; 0.149  ; 0.149        ; 0.000          ; Low Pulse Width  ; clk_i ; Rise       ; data_o[2]~reg0|clk          ;
; 0.149  ; 0.149        ; 0.000          ; Low Pulse Width  ; clk_i ; Rise       ; data_o[3]~reg0|clk          ;
; 0.149  ; 0.149        ; 0.000          ; Low Pulse Width  ; clk_i ; Rise       ; data_o[4]~reg0|clk          ;
; 0.149  ; 0.149        ; 0.000          ; Low Pulse Width  ; clk_i ; Rise       ; data_o[5]~reg0|clk          ;
; 0.149  ; 0.149        ; 0.000          ; Low Pulse Width  ; clk_i ; Rise       ; data_o[6]~reg0|clk          ;
; 0.149  ; 0.149        ; 0.000          ; Low Pulse Width  ; clk_i ; Rise       ; data_o[7]~reg0|clk          ;
; 0.500  ; 0.500        ; 0.000          ; High Pulse Width ; clk_i ; Rise       ; clk_i~input|i               ;
; 0.500  ; 0.500        ; 0.000          ; Low Pulse Width  ; clk_i ; Rise       ; clk_i~input|i               ;
; 0.629  ; 0.845        ; 0.216          ; High Pulse Width ; clk_i ; Rise       ; data_o[0]~reg0              ;
; 0.629  ; 0.845        ; 0.216          ; High Pulse Width ; clk_i ; Rise       ; data_o[1]~reg0              ;
; 0.629  ; 0.845        ; 0.216          ; High Pulse Width ; clk_i ; Rise       ; data_o[2]~reg0              ;
; 0.629  ; 0.845        ; 0.216          ; High Pulse Width ; clk_i ; Rise       ; data_o[3]~reg0              ;
; 0.629  ; 0.845        ; 0.216          ; High Pulse Width ; clk_i ; Rise       ; data_o[4]~reg0              ;
; 0.629  ; 0.845        ; 0.216          ; High Pulse Width ; clk_i ; Rise       ; data_o[5]~reg0              ;
; 0.629  ; 0.845        ; 0.216          ; High Pulse Width ; clk_i ; Rise       ; data_o[6]~reg0              ;
; 0.629  ; 0.845        ; 0.216          ; High Pulse Width ; clk_i ; Rise       ; data_o[7]~reg0              ;
; 0.851  ; 0.851        ; 0.000          ; High Pulse Width ; clk_i ; Rise       ; data_o[0]~reg0|clk          ;
; 0.851  ; 0.851        ; 0.000          ; High Pulse Width ; clk_i ; Rise       ; data_o[1]~reg0|clk          ;
; 0.851  ; 0.851        ; 0.000          ; High Pulse Width ; clk_i ; Rise       ; data_o[2]~reg0|clk          ;
; 0.851  ; 0.851        ; 0.000          ; High Pulse Width ; clk_i ; Rise       ; data_o[3]~reg0|clk          ;
; 0.851  ; 0.851        ; 0.000          ; High Pulse Width ; clk_i ; Rise       ; data_o[4]~reg0|clk          ;
; 0.851  ; 0.851        ; 0.000          ; High Pulse Width ; clk_i ; Rise       ; data_o[5]~reg0|clk          ;
; 0.851  ; 0.851        ; 0.000          ; High Pulse Width ; clk_i ; Rise       ; data_o[6]~reg0|clk          ;
; 0.851  ; 0.851        ; 0.000          ; High Pulse Width ; clk_i ; Rise       ; data_o[7]~reg0|clk          ;
; 0.861  ; 0.861        ; 0.000          ; High Pulse Width ; clk_i ; Rise       ; clk_i~inputclkctrl|inclk[0] ;
; 0.861  ; 0.861        ; 0.000          ; High Pulse Width ; clk_i ; Rise       ; clk_i~inputclkctrl|outclk   ;
; 0.875  ; 0.875        ; 0.000          ; High Pulse Width ; clk_i ; Rise       ; clk_i~input|o               ;
+--------+--------------+----------------+------------------+-------+------------+-----------------------------+


+-------------------------------------------------------------------------+
; Setup Times                                                             ;
+------------+------------+--------+-------+------------+-----------------+
; Data Port  ; Clock Port ; Rise   ; Fall  ; Clock Edge ; Clock Reference ;
+------------+------------+--------+-------+------------+-----------------+
; data_i[*]  ; clk_i      ; 1.130  ; 1.736 ; Rise       ; clk_i           ;
;  data_i[0] ; clk_i      ; -0.325 ; 0.025 ; Rise       ; clk_i           ;
;  data_i[1] ; clk_i      ; 0.866  ; 1.437 ; Rise       ; clk_i           ;
;  data_i[2] ; clk_i      ; 1.025  ; 1.626 ; Rise       ; clk_i           ;
;  data_i[3] ; clk_i      ; 1.033  ; 1.626 ; Rise       ; clk_i           ;
;  data_i[4] ; clk_i      ; 1.130  ; 1.736 ; Rise       ; clk_i           ;
;  data_i[5] ; clk_i      ; 1.088  ; 1.688 ; Rise       ; clk_i           ;
;  data_i[6] ; clk_i      ; 1.009  ; 1.597 ; Rise       ; clk_i           ;
;  data_i[7] ; clk_i      ; 1.040  ; 1.623 ; Rise       ; clk_i           ;
; en_i       ; clk_i      ; 1.530  ; 2.134 ; Rise       ; clk_i           ;
; rst_i      ; clk_i      ; 0.032  ; 0.354 ; Rise       ; clk_i           ;
+------------+------------+--------+-------+------------+-----------------+


+--------------------------------------------------------------------------+
; Hold Times                                                               ;
+------------+------------+--------+--------+------------+-----------------+
; Data Port  ; Clock Port ; Rise   ; Fall   ; Clock Edge ; Clock Reference ;
+------------+------------+--------+--------+------------+-----------------+
; data_i[*]  ; clk_i      ; 0.487  ; 0.143  ; Rise       ; clk_i           ;
;  data_i[0] ; clk_i      ; 0.487  ; 0.143  ; Rise       ; clk_i           ;
;  data_i[1] ; clk_i      ; -0.652 ; -1.207 ; Rise       ; clk_i           ;
;  data_i[2] ; clk_i      ; -0.791 ; -1.365 ; Rise       ; clk_i           ;
;  data_i[3] ; clk_i      ; -0.811 ; -1.390 ; Rise       ; clk_i           ;
;  data_i[4] ; clk_i      ; -0.907 ; -1.496 ; Rise       ; clk_i           ;
;  data_i[5] ; clk_i      ; -0.865 ; -1.448 ; Rise       ; clk_i           ;
;  data_i[6] ; clk_i      ; -0.789 ; -1.361 ; Rise       ; clk_i           ;
;  data_i[7] ; clk_i      ; -0.819 ; -1.387 ; Rise       ; clk_i           ;
; en_i       ; clk_i      ; -1.340 ; -1.923 ; Rise       ; clk_i           ;
; rst_i      ; clk_i      ; 0.526  ; 0.198  ; Rise       ; clk_i           ;
+------------+------------+--------+--------+------------+-----------------+


+------------------------------------------------------------------------+
; Clock to Output Times                                                  ;
+------------+------------+-------+-------+------------+-----------------+
; Data Port  ; Clock Port ; Rise  ; Fall  ; Clock Edge ; Clock Reference ;
+------------+------------+-------+-------+------------+-----------------+
; data_o[*]  ; clk_i      ; 4.959 ; 5.152 ; Rise       ; clk_i           ;
;  data_o[0] ; clk_i      ; 3.351 ; 3.383 ; Rise       ; clk_i           ;
;  data_o[1] ; clk_i      ; 3.538 ; 3.587 ; Rise       ; clk_i           ;
;  data_o[2] ; clk_i      ; 3.532 ; 3.597 ; Rise       ; clk_i           ;
;  data_o[3] ; clk_i      ; 3.918 ; 4.019 ; Rise       ; clk_i           ;
;  data_o[4] ; clk_i      ; 3.719 ; 3.756 ; Rise       ; clk_i           ;
;  data_o[5] ; clk_i      ; 3.516 ; 3.523 ; Rise       ; clk_i           ;
;  data_o[6] ; clk_i      ; 3.549 ; 3.562 ; Rise       ; clk_i           ;
;  data_o[7] ; clk_i      ; 4.959 ; 5.152 ; Rise       ; clk_i           ;
+------------+------------+-------+-------+------------+-----------------+


+------------------------------------------------------------------------+
; Minimum Clock to Output Times                                          ;
+------------+------------+-------+-------+------------+-----------------+
; Data Port  ; Clock Port ; Rise  ; Fall  ; Clock Edge ; Clock Reference ;
+------------+------------+-------+-------+------------+-----------------+
; data_o[*]  ; clk_i      ; 3.238 ; 3.269 ; Rise       ; clk_i           ;
;  data_o[0] ; clk_i      ; 3.238 ; 3.269 ; Rise       ; clk_i           ;
;  data_o[1] ; clk_i      ; 3.418 ; 3.465 ; Rise       ; clk_i           ;
;  data_o[2] ; clk_i      ; 3.415 ; 3.476 ; Rise       ; clk_i           ;
;  data_o[3] ; clk_i      ; 3.786 ; 3.881 ; Rise       ; clk_i           ;
;  data_o[4] ; clk_i      ; 3.599 ; 3.632 ; Rise       ; clk_i           ;
;  data_o[5] ; clk_i      ; 3.404 ; 3.408 ; Rise       ; clk_i           ;
;  data_o[6] ; clk_i      ; 3.436 ; 3.447 ; Rise       ; clk_i           ;
;  data_o[7] ; clk_i      ; 4.810 ; 4.995 ; Rise       ; clk_i           ;
+------------+------------+-------+-------+------------+-----------------+


---------------------------------------------
; Fast 1200mV 0C Model Metastability Report ;
---------------------------------------------
No synchronizer chains to report.


+----------------------------------------------------------------------------+
; Multicorner Timing Analysis Summary                                        ;
+------------------+-------+------+----------+---------+---------------------+
; Clock            ; Setup ; Hold ; Recovery ; Removal ; Minimum Pulse Width ;
+------------------+-------+------+----------+---------+---------------------+
; Worst-case Slack ; N/A   ; N/A  ; N/A      ; N/A     ; -3.000              ;
;  clk_i           ; N/A   ; N/A  ; N/A      ; N/A     ; -3.000              ;
; Design-wide TNS  ; 0.0   ; 0.0  ; 0.0      ; 0.0     ; -11.248             ;
;  clk_i           ; N/A   ; N/A  ; N/A      ; N/A     ; -11.248             ;
+------------------+-------+------+----------+---------+---------------------+


+-------------------------------------------------------------------------+
; Setup Times                                                             ;
+------------+------------+--------+-------+------------+-----------------+
; Data Port  ; Clock Port ; Rise   ; Fall  ; Clock Edge ; Clock Reference ;
+------------+------------+--------+-------+------------+-----------------+
; data_i[*]  ; clk_i      ; 1.996  ; 2.469 ; Rise       ; clk_i           ;
;  data_i[0] ; clk_i      ; -0.325 ; 0.025 ; Rise       ; clk_i           ;
;  data_i[1] ; clk_i      ; 1.550  ; 1.992 ; Rise       ; clk_i           ;
;  data_i[2] ; clk_i      ; 1.845  ; 2.333 ; Rise       ; clk_i           ;
;  data_i[3] ; clk_i      ; 1.843  ; 2.294 ; Rise       ; clk_i           ;
;  data_i[4] ; clk_i      ; 1.996  ; 2.469 ; Rise       ; clk_i           ;
;  data_i[5] ; clk_i      ; 1.937  ; 2.405 ; Rise       ; clk_i           ;
;  data_i[6] ; clk_i      ; 1.800  ; 2.245 ; Rise       ; clk_i           ;
;  data_i[7] ; clk_i      ; 1.867  ; 2.313 ; Rise       ; clk_i           ;
; en_i       ; clk_i      ; 2.736  ; 3.205 ; Rise       ; clk_i           ;
; rst_i      ; clk_i      ; 0.130  ; 0.354 ; Rise       ; clk_i           ;
+------------+------------+--------+-------+------------+-----------------+


+--------------------------------------------------------------------------+
; Hold Times                                                               ;
+------------+------------+--------+--------+------------+-----------------+
; Data Port  ; Clock Port ; Rise   ; Fall   ; Clock Edge ; Clock Reference ;
+------------+------------+--------+--------+------------+-----------------+
; data_i[*]  ; clk_i      ; 0.816  ; 0.643  ; Rise       ; clk_i           ;
;  data_i[0] ; clk_i      ; 0.816  ; 0.643  ; Rise       ; clk_i           ;
;  data_i[1] ; clk_i      ; -0.652 ; -1.207 ; Rise       ; clk_i           ;
;  data_i[2] ; clk_i      ; -0.791 ; -1.365 ; Rise       ; clk_i           ;
;  data_i[3] ; clk_i      ; -0.811 ; -1.390 ; Rise       ; clk_i           ;
;  data_i[4] ; clk_i      ; -0.907 ; -1.496 ; Rise       ; clk_i           ;
;  data_i[5] ; clk_i      ; -0.865 ; -1.448 ; Rise       ; clk_i           ;
;  data_i[6] ; clk_i      ; -0.789 ; -1.361 ; Rise       ; clk_i           ;
;  data_i[7] ; clk_i      ; -0.819 ; -1.387 ; Rise       ; clk_i           ;
; en_i       ; clk_i      ; -1.340 ; -1.923 ; Rise       ; clk_i           ;
; rst_i      ; clk_i      ; 0.891  ; 0.753  ; Rise       ; clk_i           ;
+------------+------------+--------+--------+------------+-----------------+


+------------------------------------------------------------------------+
; Clock to Output Times                                                  ;
+------------+------------+-------+-------+------------+-----------------+
; Data Port  ; Clock Port ; Rise  ; Fall  ; Clock Edge ; Clock Reference ;
+------------+------------+-------+-------+------------+-----------------+
; data_o[*]  ; clk_i      ; 8.259 ; 8.343 ; Rise       ; clk_i           ;
;  data_o[0] ; clk_i      ; 5.739 ; 5.682 ; Rise       ; clk_i           ;
;  data_o[1] ; clk_i      ; 6.048 ; 5.984 ; Rise       ; clk_i           ;
;  data_o[2] ; clk_i      ; 6.029 ; 6.019 ; Rise       ; clk_i           ;
;  data_o[3] ; clk_i      ; 6.721 ; 6.681 ; Rise       ; clk_i           ;
;  data_o[4] ; clk_i      ; 6.252 ; 6.236 ; Rise       ; clk_i           ;
;  data_o[5] ; clk_i      ; 5.901 ; 5.875 ; Rise       ; clk_i           ;
;  data_o[6] ; clk_i      ; 5.949 ; 5.929 ; Rise       ; clk_i           ;
;  data_o[7] ; clk_i      ; 8.259 ; 8.343 ; Rise       ; clk_i           ;
+------------+------------+-------+-------+------------+-----------------+


+------------------------------------------------------------------------+
; Minimum Clock to Output Times                                          ;
+------------+------------+-------+-------+------------+-----------------+
; Data Port  ; Clock Port ; Rise  ; Fall  ; Clock Edge ; Clock Reference ;
+------------+------------+-------+-------+------------+-----------------+
; data_o[*]  ; clk_i      ; 3.238 ; 3.269 ; Rise       ; clk_i           ;
;  data_o[0] ; clk_i      ; 3.238 ; 3.269 ; Rise       ; clk_i           ;
;  data_o[1] ; clk_i      ; 3.418 ; 3.465 ; Rise       ; clk_i           ;
;  data_o[2] ; clk_i      ; 3.415 ; 3.476 ; Rise       ; clk_i           ;
;  data_o[3] ; clk_i      ; 3.786 ; 3.881 ; Rise       ; clk_i           ;
;  data_o[4] ; clk_i      ; 3.599 ; 3.632 ; Rise       ; clk_i           ;
;  data_o[5] ; clk_i      ; 3.404 ; 3.408 ; Rise       ; clk_i           ;
;  data_o[6] ; clk_i      ; 3.436 ; 3.447 ; Rise       ; clk_i           ;
;  data_o[7] ; clk_i      ; 4.810 ; 4.995 ; Rise       ; clk_i           ;
+------------+------------+-------+-------+------------+-----------------+


+------------------------------------------------------------------------------------------------------------------------------------------------------------------------------------------------------------------------------------------------------------------------------------------------------------------------------------------------------------------+
; Board Trace Model Assignments                                                                                                                                                                                                                                                                                                                                    ;
+---------------+--------------+-------------------+-------------------------+-------------------------+---------------+---------------------+----------------+------------------+--------+------------------+------------------------+------------------------+--------------+---------------+-----------------+-------+---------------------+--------------------+
; Pin           ; I/O Standard ; Near Tline Length ; Near Tline L per Length ; Near Tline C per Length ; Near Series R ; Near Differential R ; Near Pull-up R ; Near Pull-down R ; Near C ; Far Tline Length ; Far Tline L per Length ; Far Tline C per Length ; Far Series R ; Far Pull-up R ; Far Pull-down R ; Far C ; Termination Voltage ; Far Differential R ;
+---------------+--------------+-------------------+-------------------------+-------------------------+---------------+---------------------+----------------+------------------+--------+------------------+------------------------+------------------------+--------------+---------------+-----------------+-------+---------------------+--------------------+
; data_o[0]     ; 2.5 V        ; 0 in              ; 0 H/in                  ; 0 F/in                  ; short         ; -                   ; open           ; open             ; open   ; 0 in             ; 0 H/in                 ; 0 F/in                 ; short        ; open          ; open            ; open  ; 0 V                 ; -                  ;
; data_o[1]     ; 2.5 V        ; 0 in              ; 0 H/in                  ; 0 F/in                  ; short         ; -                   ; open           ; open             ; open   ; 0 in             ; 0 H/in                 ; 0 F/in                 ; short        ; open          ; open            ; open  ; 0 V                 ; -                  ;
; data_o[2]     ; 2.5 V        ; 0 in              ; 0 H/in                  ; 0 F/in                  ; short         ; -                   ; open           ; open             ; open   ; 0 in             ; 0 H/in                 ; 0 F/in                 ; short        ; open          ; open            ; open  ; 0 V                 ; -                  ;
; data_o[3]     ; 2.5 V        ; 0 in              ; 0 H/in                  ; 0 F/in                  ; short         ; -                   ; open           ; open             ; open   ; 0 in             ; 0 H/in                 ; 0 F/in                 ; short        ; open          ; open            ; open  ; 0 V                 ; -                  ;
; data_o[4]     ; 2.5 V        ; 0 in              ; 0 H/in                  ; 0 F/in                  ; short         ; -                   ; open           ; open             ; open   ; 0 in             ; 0 H/in                 ; 0 F/in                 ; short        ; open          ; open            ; open  ; 0 V                 ; -                  ;
; data_o[5]     ; 2.5 V        ; 0 in              ; 0 H/in                  ; 0 F/in                  ; short         ; -                   ; open           ; open             ; open   ; 0 in             ; 0 H/in                 ; 0 F/in                 ; short        ; open          ; open            ; open  ; 0 V                 ; -                  ;
; data_o[6]     ; 2.5 V        ; 0 in              ; 0 H/in                  ; 0 F/in                  ; short         ; -                   ; open           ; open             ; open   ; 0 in             ; 0 H/in                 ; 0 F/in                 ; short        ; open          ; open            ; open  ; 0 V                 ; -                  ;
; data_o[7]     ; 2.5 V        ; 0 in              ; 0 H/in                  ; 0 F/in                  ; short         ; -                   ; open           ; open             ; open   ; 0 in             ; 0 H/in                 ; 0 F/in                 ; short        ; open          ; open            ; open  ; 0 V                 ; -                  ;
; ~ALTERA_NCEO~ ; 2.5 V        ; 0 in              ; 0 H/in                  ; 0 F/in                  ; short         ; -                   ; open           ; open             ; open   ; 0 in             ; 0 H/in                 ; 0 F/in                 ; short        ; open          ; open            ; open  ; 0 V                 ; -                  ;
; ~ALTERA_DCLK~ ; 2.5 V        ; 0 in              ; 0 H/in                  ; 0 F/in                  ; short         ; -                   ; open           ; open             ; open   ; 0 in             ; 0 H/in                 ; 0 F/in                 ; short        ; open          ; open            ; open  ; 0 V                 ; -                  ;
+---------------+--------------+-------------------+-------------------------+-------------------------+---------------+---------------------+----------------+------------------+--------+------------------+------------------------+------------------------+--------------+---------------+-----------------+-------+---------------------+--------------------+


+-------------------------------------------------------------------+
; Input Transition Times                                            ;
+----------------+--------------+-----------------+-----------------+
; Pin            ; I/O Standard ; 10-90 Rise Time ; 90-10 Fall Time ;
+----------------+--------------+-----------------+-----------------+
; data_i[0]      ; 2.5 V        ; 2000 ps         ; 2000 ps         ;
; rst_i          ; 2.5 V        ; 2000 ps         ; 2000 ps         ;
; clk_i          ; 2.5 V        ; 2000 ps         ; 2000 ps         ;
; en_i           ; 2.5 V        ; 2000 ps         ; 2000 ps         ;
; data_i[1]      ; 2.5 V        ; 2000 ps         ; 2000 ps         ;
; data_i[2]      ; 2.5 V        ; 2000 ps         ; 2000 ps         ;
; data_i[3]      ; 2.5 V        ; 2000 ps         ; 2000 ps         ;
; data_i[4]      ; 2.5 V        ; 2000 ps         ; 2000 ps         ;
; data_i[5]      ; 2.5 V        ; 2000 ps         ; 2000 ps         ;
; data_i[6]      ; 2.5 V        ; 2000 ps         ; 2000 ps         ;
; data_i[7]      ; 2.5 V        ; 2000 ps         ; 2000 ps         ;
; ~ALTERA_DATA0~ ; 2.5 V        ; 2000 ps         ; 2000 ps         ;
; ~ALTERA_ASDO~  ; 2.5 V        ; 2000 ps         ; 2000 ps         ;
; ~ALTERA_NCSO~  ; 2.5 V        ; 2000 ps         ; 2000 ps         ;
+----------------+--------------+-----------------+-----------------+


+--------------------------------------------------------------------------------------------------------------------------------------------------------------------------------------------------------------------------------------------------------------------------------------------------------------------------------------------------------------------------------------------------------------------------------------------------------------------------------------------------------------------------------------------------------------------------------------------------------------------------------------------------------------------------------------------+
; Signal Integrity Metrics (Slow 1200mv 0c Model)                                                                                                                                                                                                                                                                                                                                                                                                                                                                                                                                                                                                                                            ;
+---------------+--------------+---------------------+---------------------+------------------------------+------------------------------+---------------------+---------------------+--------------------------------------+--------------------------------------+-----------------------------+-----------------------------+----------------------------+----------------------------+-----------------------------+-----------------------------+--------------------+--------------------+-------------------------------------+-------------------------------------+----------------------------+----------------------------+---------------------------+---------------------------+
; Pin           ; I/O Standard ; Board Delay on Rise ; Board Delay on Fall ; Steady State Voh at FPGA Pin ; Steady State Vol at FPGA Pin ; Voh Max at FPGA Pin ; Vol Min at FPGA Pin ; Ringback Voltage on Rise at FPGA Pin ; Ringback Voltage on Fall at FPGA Pin ; 10-90 Rise Time at FPGA Pin ; 90-10 Fall Time at FPGA Pin ; Monotonic Rise at FPGA Pin ; Monotonic Fall at FPGA Pin ; Steady State Voh at Far-end ; Steady State Vol at Far-end ; Voh Max at Far-end ; Vol Min at Far-end ; Ringback Voltage on Rise at Far-end ; Ringback Voltage on Fall at Far-end ; 10-90 Rise Time at Far-end ; 90-10 Fall Time at Far-end ; Monotonic Rise at Far-end ; Monotonic Fall at Far-end ;
+---------------+--------------+---------------------+---------------------+------------------------------+------------------------------+---------------------+---------------------+--------------------------------------+--------------------------------------+-----------------------------+-----------------------------+----------------------------+----------------------------+-----------------------------+-----------------------------+--------------------+--------------------+-------------------------------------+-------------------------------------+----------------------------+----------------------------+---------------------------+---------------------------+
; data_o[0]     ; 2.5 V        ; 0 s                 ; 0 s                 ; 2.32 V                       ; 5.16e-09 V                   ; 2.4 V               ; -0.00557 V          ; 0.238 V                              ; 0.014 V                              ; 2.9e-10 s                   ; 3.48e-10 s                  ; No                         ; Yes                        ; 2.32 V                      ; 5.16e-09 V                  ; 2.4 V              ; -0.00557 V         ; 0.238 V                             ; 0.014 V                             ; 2.9e-10 s                  ; 3.48e-10 s                 ; No                        ; Yes                       ;
; data_o[1]     ; 2.5 V        ; 0 s                 ; 0 s                 ; 2.32 V                       ; 5.16e-09 V                   ; 2.4 V               ; -0.00557 V          ; 0.238 V                              ; 0.014 V                              ; 2.9e-10 s                   ; 3.48e-10 s                  ; No                         ; Yes                        ; 2.32 V                      ; 5.16e-09 V                  ; 2.4 V              ; -0.00557 V         ; 0.238 V                             ; 0.014 V                             ; 2.9e-10 s                  ; 3.48e-10 s                 ; No                        ; Yes                       ;
; data_o[2]     ; 2.5 V        ; 0 s                 ; 0 s                 ; 2.32 V                       ; 7.29e-09 V                   ; 2.39 V              ; -0.00339 V          ; 0.206 V                              ; 0.007 V                              ; 2.77e-10 s                  ; 3.24e-10 s                  ; Yes                        ; Yes                        ; 2.32 V                      ; 7.29e-09 V                  ; 2.39 V             ; -0.00339 V         ; 0.206 V                             ; 0.007 V                             ; 2.77e-10 s                 ; 3.24e-10 s                 ; Yes                       ; Yes                       ;
; data_o[3]     ; 2.5 V        ; 0 s                 ; 0 s                 ; 2.32 V                       ; 7.29e-09 V                   ; 2.39 V              ; -0.00339 V          ; 0.206 V                              ; 0.007 V                              ; 2.77e-10 s                  ; 3.24e-10 s                  ; Yes                        ; Yes                        ; 2.32 V                      ; 7.29e-09 V                  ; 2.39 V             ; -0.00339 V         ; 0.206 V                             ; 0.007 V                             ; 2.77e-10 s                 ; 3.24e-10 s                 ; Yes                       ; Yes                       ;
; data_o[4]     ; 2.5 V        ; 0 s                 ; 0 s                 ; 2.32 V                       ; 5.16e-09 V                   ; 2.37 V              ; -0.00861 V          ; 0.168 V                              ; 0.038 V                              ; 6.79e-10 s                  ; 6.49e-10 s                  ; No                         ; Yes                        ; 2.32 V                      ; 5.16e-09 V                  ; 2.37 V             ; -0.00861 V         ; 0.168 V                             ; 0.038 V                             ; 6.79e-10 s                 ; 6.49e-10 s                 ; No                        ; Yes                       ;
; data_o[5]     ; 2.5 V        ; 0 s                 ; 0 s                 ; 2.32 V                       ; 5.16e-09 V                   ; 2.37 V              ; -0.00861 V          ; 0.168 V                              ; 0.038 V                              ; 6.79e-10 s                  ; 6.49e-10 s                  ; No                         ; Yes                        ; 2.32 V                      ; 5.16e-09 V                  ; 2.37 V             ; -0.00861 V         ; 0.168 V                             ; 0.038 V                             ; 6.79e-10 s                 ; 6.49e-10 s                 ; No                        ; Yes                       ;
; data_o[6]     ; 2.5 V        ; 0 s                 ; 0 s                 ; 2.32 V                       ; 5.16e-09 V                   ; 2.37 V              ; -0.00861 V          ; 0.168 V                              ; 0.038 V                              ; 6.79e-10 s                  ; 6.49e-10 s                  ; No                         ; Yes                        ; 2.32 V                      ; 5.16e-09 V                  ; 2.37 V             ; -0.00861 V         ; 0.168 V                             ; 0.038 V                             ; 6.79e-10 s                 ; 6.49e-10 s                 ; No                        ; Yes                       ;
; data_o[7]     ; 2.5 V        ; 0 s                 ; 0 s                 ; 2.32 V                       ; 7.29e-09 V                   ; 2.34 V              ; -0.00668 V          ; 0.218 V                              ; 0.076 V                              ; 1.92e-09 s                  ; 1.81e-09 s                  ; No                         ; Yes                        ; 2.32 V                      ; 7.29e-09 V                  ; 2.34 V             ; -0.00668 V         ; 0.218 V                             ; 0.076 V                             ; 1.92e-09 s                 ; 1.81e-09 s                 ; No                        ; Yes                       ;
; ~ALTERA_NCEO~ ; 2.5 V        ; 0 s                 ; 0 s                 ; 2.32 V                       ; 4.76e-09 V                   ; 2.4 V               ; -0.034 V            ; 0.102 V                              ; 0.065 V                              ; 2.49e-10 s                  ; 3.49e-10 s                  ; Yes                        ; Yes                        ; 2.32 V                      ; 4.76e-09 V                  ; 2.4 V              ; -0.034 V           ; 0.102 V                             ; 0.065 V                             ; 2.49e-10 s                 ; 3.49e-10 s                 ; Yes                       ; Yes                       ;
; ~ALTERA_DCLK~ ; 2.5 V        ; 0 s                 ; 0 s                 ; 2.32 V                       ; 5.94e-09 V                   ; 2.39 V              ; -0.0349 V           ; 0.156 V                              ; 0.09 V                               ; 2.68e-10 s                  ; 2.6e-10 s                   ; Yes                        ; Yes                        ; 2.32 V                      ; 5.94e-09 V                  ; 2.39 V             ; -0.0349 V          ; 0.156 V                             ; 0.09 V                              ; 2.68e-10 s                 ; 2.6e-10 s                  ; Yes                       ; Yes                       ;
+---------------+--------------+---------------------+---------------------+------------------------------+------------------------------+---------------------+---------------------+--------------------------------------+--------------------------------------+-----------------------------+-----------------------------+----------------------------+----------------------------+-----------------------------+-----------------------------+--------------------+--------------------+-------------------------------------+-------------------------------------+----------------------------+----------------------------+---------------------------+---------------------------+


+--------------------------------------------------------------------------------------------------------------------------------------------------------------------------------------------------------------------------------------------------------------------------------------------------------------------------------------------------------------------------------------------------------------------------------------------------------------------------------------------------------------------------------------------------------------------------------------------------------------------------------------------------------------------------------------------+
; Signal Integrity Metrics (Slow 1200mv 85c Model)                                                                                                                                                                                                                                                                                                                                                                                                                                                                                                                                                                                                                                           ;
+---------------+--------------+---------------------+---------------------+------------------------------+------------------------------+---------------------+---------------------+--------------------------------------+--------------------------------------+-----------------------------+-----------------------------+----------------------------+----------------------------+-----------------------------+-----------------------------+--------------------+--------------------+-------------------------------------+-------------------------------------+----------------------------+----------------------------+---------------------------+---------------------------+
; Pin           ; I/O Standard ; Board Delay on Rise ; Board Delay on Fall ; Steady State Voh at FPGA Pin ; Steady State Vol at FPGA Pin ; Voh Max at FPGA Pin ; Vol Min at FPGA Pin ; Ringback Voltage on Rise at FPGA Pin ; Ringback Voltage on Fall at FPGA Pin ; 10-90 Rise Time at FPGA Pin ; 90-10 Fall Time at FPGA Pin ; Monotonic Rise at FPGA Pin ; Monotonic Fall at FPGA Pin ; Steady State Voh at Far-end ; Steady State Vol at Far-end ; Voh Max at Far-end ; Vol Min at Far-end ; Ringback Voltage on Rise at Far-end ; Ringback Voltage on Fall at Far-end ; 10-90 Rise Time at Far-end ; 90-10 Fall Time at Far-end ; Monotonic Rise at Far-end ; Monotonic Fall at Far-end ;
+---------------+--------------+---------------------+---------------------+------------------------------+------------------------------+---------------------+---------------------+--------------------------------------+--------------------------------------+-----------------------------+-----------------------------+----------------------------+----------------------------+-----------------------------+-----------------------------+--------------------+--------------------+-------------------------------------+-------------------------------------+----------------------------+----------------------------+---------------------------+---------------------------+
; data_o[0]     ; 2.5 V        ; 0 s                 ; 0 s                 ; 2.32 V                       ; 8.13e-07 V                   ; 2.36 V              ; -0.00623 V          ; 0.121 V                              ; 0.03 V                               ; 4.4e-10 s                   ; 4.28e-10 s                  ; Yes                        ; Yes                        ; 2.32 V                      ; 8.13e-07 V                  ; 2.36 V             ; -0.00623 V         ; 0.121 V                             ; 0.03 V                              ; 4.4e-10 s                  ; 4.28e-10 s                 ; Yes                       ; Yes                       ;
; data_o[1]     ; 2.5 V        ; 0 s                 ; 0 s                 ; 2.32 V                       ; 8.13e-07 V                   ; 2.36 V              ; -0.00623 V          ; 0.121 V                              ; 0.03 V                               ; 4.4e-10 s                   ; 4.28e-10 s                  ; Yes                        ; Yes                        ; 2.32 V                      ; 8.13e-07 V                  ; 2.36 V             ; -0.00623 V         ; 0.121 V                             ; 0.03 V                              ; 4.4e-10 s                  ; 4.28e-10 s                 ; Yes                       ; Yes                       ;
; data_o[2]     ; 2.5 V        ; 0 s                 ; 0 s                 ; 2.32 V                       ; 1.21e-06 V                   ; 2.37 V              ; -0.00606 V          ; 0.107 V                              ; 0.021 V                              ; 4.26e-10 s                  ; 4.03e-10 s                  ; Yes                        ; Yes                        ; 2.32 V                      ; 1.21e-06 V                  ; 2.37 V             ; -0.00606 V         ; 0.107 V                             ; 0.021 V                             ; 4.26e-10 s                 ; 4.03e-10 s                 ; Yes                       ; Yes                       ;
; data_o[3]     ; 2.5 V        ; 0 s                 ; 0 s                 ; 2.32 V                       ; 1.21e-06 V                   ; 2.37 V              ; -0.00606 V          ; 0.107 V                              ; 0.021 V                              ; 4.26e-10 s                  ; 4.03e-10 s                  ; Yes                        ; Yes                        ; 2.32 V                      ; 1.21e-06 V                  ; 2.37 V             ; -0.00606 V         ; 0.107 V                             ; 0.021 V                             ; 4.26e-10 s                 ; 4.03e-10 s                 ; Yes                       ; Yes                       ;
; data_o[4]     ; 2.5 V        ; 0 s                 ; 0 s                 ; 2.32 V                       ; 8.13e-07 V                   ; 2.35 V              ; -0.00662 V          ; 0.129 V                              ; 0.049 V                              ; 8.55e-10 s                  ; 8.01e-10 s                  ; No                         ; Yes                        ; 2.32 V                      ; 8.13e-07 V                  ; 2.35 V             ; -0.00662 V         ; 0.129 V                             ; 0.049 V                             ; 8.55e-10 s                 ; 8.01e-10 s                 ; No                        ; Yes                       ;
; data_o[5]     ; 2.5 V        ; 0 s                 ; 0 s                 ; 2.32 V                       ; 8.13e-07 V                   ; 2.35 V              ; -0.00662 V          ; 0.129 V                              ; 0.049 V                              ; 8.55e-10 s                  ; 8.01e-10 s                  ; No                         ; Yes                        ; 2.32 V                      ; 8.13e-07 V                  ; 2.35 V             ; -0.00662 V         ; 0.129 V                             ; 0.049 V                             ; 8.55e-10 s                 ; 8.01e-10 s                 ; No                        ; Yes                       ;
; data_o[6]     ; 2.5 V        ; 0 s                 ; 0 s                 ; 2.32 V                       ; 8.13e-07 V                   ; 2.35 V              ; -0.00662 V          ; 0.129 V                              ; 0.049 V                              ; 8.55e-10 s                  ; 8.01e-10 s                  ; No                         ; Yes                        ; 2.32 V                      ; 8.13e-07 V                  ; 2.35 V             ; -0.00662 V         ; 0.129 V                             ; 0.049 V                             ; 8.55e-10 s                 ; 8.01e-10 s                 ; No                        ; Yes                       ;
; data_o[7]     ; 2.5 V        ; 0 s                 ; 0 s                 ; 2.32 V                       ; 1.21e-06 V                   ; 2.33 V              ; -0.00286 V          ; 0.193 V                              ; 0.042 V                              ; 2.32e-09 s                  ; 2.21e-09 s                  ; Yes                        ; Yes                        ; 2.32 V                      ; 1.21e-06 V                  ; 2.33 V             ; -0.00286 V         ; 0.193 V                             ; 0.042 V                             ; 2.32e-09 s                 ; 2.21e-09 s                 ; Yes                       ; Yes                       ;
; ~ALTERA_NCEO~ ; 2.5 V        ; 0 s                 ; 0 s                 ; 2.32 V                       ; 7.93e-07 V                   ; 2.37 V              ; -0.0278 V           ; 0.106 V                              ; 0.115 V                              ; 2.69e-10 s                  ; 4.05e-10 s                  ; Yes                        ; Yes                        ; 2.32 V                      ; 7.93e-07 V                  ; 2.37 V             ; -0.0278 V          ; 0.106 V                             ; 0.115 V                             ; 2.69e-10 s                 ; 4.05e-10 s                 ; Yes                       ; Yes                       ;
; ~ALTERA_DCLK~ ; 2.5 V        ; 0 s                 ; 0 s                 ; 2.32 V                       ; 9.76e-07 V                   ; 2.36 V              ; -0.00496 V          ; 0.088 V                              ; 0.006 V                              ; 4.05e-10 s                  ; 3.35e-10 s                  ; Yes                        ; Yes                        ; 2.32 V                      ; 9.76e-07 V                  ; 2.36 V             ; -0.00496 V         ; 0.088 V                             ; 0.006 V                             ; 4.05e-10 s                 ; 3.35e-10 s                 ; Yes                       ; Yes                       ;
+---------------+--------------+---------------------+---------------------+------------------------------+------------------------------+---------------------+---------------------+--------------------------------------+--------------------------------------+-----------------------------+-----------------------------+----------------------------+----------------------------+-----------------------------+-----------------------------+--------------------+--------------------+-------------------------------------+-------------------------------------+----------------------------+----------------------------+---------------------------+---------------------------+


+--------------------------------------------------------------------------------------------------------------------------------------------------------------------------------------------------------------------------------------------------------------------------------------------------------------------------------------------------------------------------------------------------------------------------------------------------------------------------------------------------------------------------------------------------------------------------------------------------------------------------------------------------------------------------------------------+
; Signal Integrity Metrics (Fast 1200mv 0c Model)                                                                                                                                                                                                                                                                                                                                                                                                                                                                                                                                                                                                                                            ;
+---------------+--------------+---------------------+---------------------+------------------------------+------------------------------+---------------------+---------------------+--------------------------------------+--------------------------------------+-----------------------------+-----------------------------+----------------------------+----------------------------+-----------------------------+-----------------------------+--------------------+--------------------+-------------------------------------+-------------------------------------+----------------------------+----------------------------+---------------------------+---------------------------+
; Pin           ; I/O Standard ; Board Delay on Rise ; Board Delay on Fall ; Steady State Voh at FPGA Pin ; Steady State Vol at FPGA Pin ; Voh Max at FPGA Pin ; Vol Min at FPGA Pin ; Ringback Voltage on Rise at FPGA Pin ; Ringback Voltage on Fall at FPGA Pin ; 10-90 Rise Time at FPGA Pin ; 90-10 Fall Time at FPGA Pin ; Monotonic Rise at FPGA Pin ; Monotonic Fall at FPGA Pin ; Steady State Voh at Far-end ; Steady State Vol at Far-end ; Voh Max at Far-end ; Vol Min at Far-end ; Ringback Voltage on Rise at Far-end ; Ringback Voltage on Fall at Far-end ; 10-90 Rise Time at Far-end ; 90-10 Fall Time at Far-end ; Monotonic Rise at Far-end ; Monotonic Fall at Far-end ;
+---------------+--------------+---------------------+---------------------+------------------------------+------------------------------+---------------------+---------------------+--------------------------------------+--------------------------------------+-----------------------------+-----------------------------+----------------------------+----------------------------+-----------------------------+-----------------------------+--------------------+--------------------+-------------------------------------+-------------------------------------+----------------------------+----------------------------+---------------------------+---------------------------+
; data_o[0]     ; 2.5 V        ; 0 s                 ; 0 s                 ; 2.62 V                       ; 3.16e-08 V                   ; 2.72 V              ; -0.0199 V           ; 0.186 V                              ; 0.027 V                              ; 2.63e-10 s                  ; 2.76e-10 s                  ; Yes                        ; Yes                        ; 2.62 V                      ; 3.16e-08 V                  ; 2.72 V             ; -0.0199 V          ; 0.186 V                             ; 0.027 V                             ; 2.63e-10 s                 ; 2.76e-10 s                 ; Yes                       ; Yes                       ;
; data_o[1]     ; 2.5 V        ; 0 s                 ; 0 s                 ; 2.62 V                       ; 3.16e-08 V                   ; 2.72 V              ; -0.0199 V           ; 0.186 V                              ; 0.027 V                              ; 2.63e-10 s                  ; 2.76e-10 s                  ; Yes                        ; Yes                        ; 2.62 V                      ; 3.16e-08 V                  ; 2.72 V             ; -0.0199 V          ; 0.186 V                             ; 0.027 V                             ; 2.63e-10 s                 ; 2.76e-10 s                 ; Yes                       ; Yes                       ;
; data_o[2]     ; 2.5 V        ; 0 s                 ; 0 s                 ; 2.62 V                       ; 4.66e-08 V                   ; 2.73 V              ; -0.0205 V           ; 0.17 V                               ; 0.027 V                              ; 2.58e-10 s                  ; 2.57e-10 s                  ; Yes                        ; Yes                        ; 2.62 V                      ; 4.66e-08 V                  ; 2.73 V             ; -0.0205 V          ; 0.17 V                              ; 0.027 V                             ; 2.58e-10 s                 ; 2.57e-10 s                 ; Yes                       ; Yes                       ;
; data_o[3]     ; 2.5 V        ; 0 s                 ; 0 s                 ; 2.62 V                       ; 4.66e-08 V                   ; 2.73 V              ; -0.0205 V           ; 0.17 V                               ; 0.027 V                              ; 2.58e-10 s                  ; 2.57e-10 s                  ; Yes                        ; Yes                        ; 2.62 V                      ; 4.66e-08 V                  ; 2.73 V             ; -0.0205 V          ; 0.17 V                              ; 0.027 V                             ; 2.58e-10 s                 ; 2.57e-10 s                 ; Yes                       ; Yes                       ;
; data_o[4]     ; 2.5 V        ; 0 s                 ; 0 s                 ; 2.62 V                       ; 3.16e-08 V                   ; 2.71 V              ; -0.0171 V           ; 0.273 V                              ; 0.065 V                              ; 4.95e-10 s                  ; 5.37e-10 s                  ; No                         ; Yes                        ; 2.62 V                      ; 3.16e-08 V                  ; 2.71 V             ; -0.0171 V          ; 0.273 V                             ; 0.065 V                             ; 4.95e-10 s                 ; 5.37e-10 s                 ; No                        ; Yes                       ;
; data_o[5]     ; 2.5 V        ; 0 s                 ; 0 s                 ; 2.62 V                       ; 3.16e-08 V                   ; 2.71 V              ; -0.0171 V           ; 0.273 V                              ; 0.065 V                              ; 4.95e-10 s                  ; 5.37e-10 s                  ; No                         ; Yes                        ; 2.62 V                      ; 3.16e-08 V                  ; 2.71 V             ; -0.0171 V          ; 0.273 V                             ; 0.065 V                             ; 4.95e-10 s                 ; 5.37e-10 s                 ; No                        ; Yes                       ;
; data_o[6]     ; 2.5 V        ; 0 s                 ; 0 s                 ; 2.62 V                       ; 3.16e-08 V                   ; 2.71 V              ; -0.0171 V           ; 0.273 V                              ; 0.065 V                              ; 4.95e-10 s                  ; 5.37e-10 s                  ; No                         ; Yes                        ; 2.62 V                      ; 3.16e-08 V                  ; 2.71 V             ; -0.0171 V          ; 0.273 V                             ; 0.065 V                             ; 4.95e-10 s                 ; 5.37e-10 s                 ; No                        ; Yes                       ;
; data_o[7]     ; 2.5 V        ; 0 s                 ; 0 s                 ; 2.62 V                       ; 4.66e-08 V                   ; 2.65 V              ; -0.0115 V           ; 0.219 V                              ; 0.115 V                              ; 1.64e-09 s                  ; 1.57e-09 s                  ; No                         ; Yes                        ; 2.62 V                      ; 4.66e-08 V                  ; 2.65 V             ; -0.0115 V          ; 0.219 V                             ; 0.115 V                             ; 1.64e-09 s                 ; 1.57e-09 s                 ; No                        ; Yes                       ;
; ~ALTERA_NCEO~ ; 2.5 V        ; 0 s                 ; 0 s                 ; 2.62 V                       ; 3.06e-08 V                   ; 2.86 V              ; -0.0341 V           ; 0.364 V                              ; 0.046 V                              ; 1.17e-10 s                  ; 2.6e-10 s                   ; No                         ; Yes                        ; 2.62 V                      ; 3.06e-08 V                  ; 2.86 V             ; -0.0341 V          ; 0.364 V                             ; 0.046 V                             ; 1.17e-10 s                 ; 2.6e-10 s                  ; No                        ; Yes                       ;
; ~ALTERA_DCLK~ ; 2.5 V        ; 0 s                 ; 0 s                 ; 2.62 V                       ; 3.81e-08 V                   ; 2.72 V              ; -0.0549 V           ; 0.144 V                              ; 0.088 V                              ; 2.55e-10 s                  ; 2.14e-10 s                  ; Yes                        ; Yes                        ; 2.62 V                      ; 3.81e-08 V                  ; 2.72 V             ; -0.0549 V          ; 0.144 V                             ; 0.088 V                             ; 2.55e-10 s                 ; 2.14e-10 s                 ; Yes                       ; Yes                       ;
+---------------+--------------+---------------------+---------------------+------------------------------+------------------------------+---------------------+---------------------+--------------------------------------+--------------------------------------+-----------------------------+-----------------------------+----------------------------+----------------------------+-----------------------------+-----------------------------+--------------------+--------------------+-------------------------------------+-------------------------------------+----------------------------+----------------------------+---------------------------+---------------------------+


-------------------
; Clock Transfers ;
-------------------
Nothing to report.


---------------
; Report TCCS ;
---------------
No dedicated SERDES Transmitter circuitry present in device or used in design


---------------
; Report RSKM ;
---------------
No dedicated SERDES Receiver circuitry present in device or used in design


+------------------------------------------------+
; Unconstrained Paths                            ;
+---------------------------------+-------+------+
; Property                        ; Setup ; Hold ;
+---------------------------------+-------+------+
; Illegal Clocks                  ; 0     ; 0    ;
; Unconstrained Clocks            ; 0     ; 0    ;
; Unconstrained Input Ports       ; 10    ; 10   ;
; Unconstrained Input Port Paths  ; 24    ; 24   ;
; Unconstrained Output Ports      ; 8     ; 8    ;
; Unconstrained Output Port Paths ; 8     ; 8    ;
+---------------------------------+-------+------+


+------------------------------------+
; TimeQuest Timing Analyzer Messages ;
+------------------------------------+
Info: *******************************************************************
Info: Running Quartus II TimeQuest Timing Analyzer
    Info: Version 10.1 Build 153 11/29/2010 SJ Web Edition
    Info: Processing started: Sun Mar 13 18:56:02 2011
Info: Command: quartus_sta d_trigger -c d_trigger
Info: qsta_default_script.tcl version: #1
Info: High junction temperature operating condition is not set. Assuming a default value of '85'.
Info: Low junction temperature operating condition is not set. Assuming a default value of '0'.
Critical Warning: Synopsys Design Constraints File file not found: 'd_trigger.sdc'. A Synopsys Design Constraints File is required by the TimeQuest Timing Analyzer to get proper timing constraints. Without it, the Compiler will not properly optimize the design.
Info: No user constrained base clocks found in the design. Calling "derive_clocks -period 1.0"
Info: Deriving Clocks
    Info: create_clock -period 1.000 -name clk_i clk_i
Info: No user constrained clock uncertainty found in the design. Calling "derive_clock_uncertainty"
Info: The derive_clock_uncertainty command did not apply clock uncertainty to any clock-to-clock transfers.
Info: Analyzing Slow 1200mV 85C Model
Info: No fmax paths to report
Info: No Setup paths to report
Info: No Hold paths to report
Info: No Recovery paths to report
Info: No Removal paths to report
Critical Warning: Timing requirements not met
Info: Worst-case minimum pulse width slack is -3.000
    Info:     Slack End Point TNS Clock 
    Info: ========= ============= =====================
    Info:    -3.000       -11.000 clk_i 
Info: Analyzing Slow 1200mV 0C Model
Info: Started post-fitting delay annotation
Info: Delay annotation completed successfully
Info: The derive_clock_uncertainty command did not apply clock uncertainty to any clock-to-clock transfers.
Info: No fmax paths to report
Info: No Setup paths to report
Info: No Hold paths to report
Info: No Recovery paths to report
Info: No Removal paths to report
Critical Warning: Timing requirements not met
Info: Worst-case minimum pulse width slack is -3.000
    Info:     Slack End Point TNS Clock 
    Info: ========= ============= =====================
    Info:    -3.000       -11.000 clk_i 
Info: Analyzing Fast 1200mV 0C Model
Info: Started post-fitting delay annotation
Info: Delay annotation completed successfully
Info: The derive_clock_uncertainty command did not apply clock uncertainty to any clock-to-clock transfers.
Info: No Setup paths to report
Info: No Hold paths to report
Info: No Recovery paths to report
Info: No Removal paths to report
Critical Warning: Timing requirements not met
Info: Worst-case minimum pulse width slack is -3.000
    Info:     Slack End Point TNS Clock 
    Info: ========= ============= =====================
    Info:    -3.000       -11.248 clk_i 
Info: Design is not fully constrained for setup requirements
Info: Design is not fully constrained for hold requirements
Info: Quartus II TimeQuest Timing Analyzer was successful. 0 errors, 4 warnings
    Info: Peak virtual memory: 269 megabytes
    Info: Processing ended: Sun Mar 13 18:56:14 2011
    Info: Elapsed time: 00:00:12
    Info: Total CPU time (on all processors): 00:00:05


