Flow report for coder
Tue Aug  9 16:05:03 2011
Quartus II Version 10.1 Build 153 11/29/2010 SJ Web Edition


---------------------
; Table of Contents ;
---------------------
  1. Legal Notice
  2. Flow Summary
  3. Flow Settings
  4. Flow Non-Default Global Settings
  5. Flow Elapsed Time
  6. Flow OS Summary
  7. Flow Log



----------------
; Legal Notice ;
----------------
Copyright (C) 1991-2010 Altera Corporation
Your use of Altera Corporation's design tools, logic functions 
and other software and tools, and its AMPP partner logic 
functions, and any output files from any of the foregoing 
(including device programming or simulation files), and any 
associated documentation or information are expressly subject 
to the terms and conditions of the Altera Program License 
Subscription Agreement, Altera MegaCore Function License 
Agreement, or other applicable license agreement, including, 
without limitation, that your use is for the sole purpose of 
programming logic devices manufactured by Altera and sold by 
Altera or its authorized distributors.  Please refer to the 
applicable agreement for further details.



+-------------------------------------------------------------------------------+
; Flow Summary                                                                  ;
+------------------------------------+------------------------------------------+
; Flow Status                        ; Successful - Tue Aug  9 16:05:03 2011    ;
; Quartus II Version                 ; 10.1 Build 153 11/29/2010 SJ Web Edition ;
; Revision Name                      ; coder                                    ;
; Top-level Entity Name              ; coder                                    ;
; Family                             ; Cyclone IV GX                            ;
; Device                             ; EP4CGX15BF14C6                           ;
; Timing Models                      ; Final                                    ;
; Total logic elements               ; 1,708                                    ;
;     Total combinational functions  ; 1,708                                    ;
;     Dedicated logic registers      ; 0                                        ;
; Total registers                    ; 0                                        ;
; Total pins                         ; 1,035                                    ;
; Total virtual pins                 ; 0                                        ;
; Total memory bits                  ; 0                                        ;
; Embedded Multiplier 9-bit elements ; 0                                        ;
; Total GXB Receiver Channel PCS     ; 0                                        ;
; Total GXB Receiver Channel PMA     ; 0                                        ;
; Total GXB Transmitter Channel PCS  ; 0                                        ;
; Total GXB Transmitter Channel PMA  ; 0                                        ;
; Total PLLs                         ; 0                                        ;
+------------------------------------+------------------------------------------+


+-----------------------------------------+
; Flow Settings                           ;
+-------------------+---------------------+
; Option            ; Setting             ;
+-------------------+---------------------+
; Start date & time ; 08/09/2011 16:03:19 ;
; Main task         ; Compilation         ;
; Revision Name     ; coder               ;
+-------------------+---------------------+


+------------------------------------------------------------------------------------------------------------------------------------------------------+
; Flow Non-Default Global Settings                                                                                                                     ;
+-------------------------------------+---------------------------------------------------------------------+---------------+-------------+------------+
; Assignment Name                     ; Value                                                               ; Default Value ; Entity Name ; Section Id ;
+-------------------------------------+---------------------------------------------------------------------+---------------+-------------+------------+
; COMPILER_SIGNATURE_ID               ; 8796755056041.131289139902051                                       ; --            ; --          ; --         ;
; MAX_CORE_JUNCTION_TEMP              ; 85                                                                  ; --            ; --          ; --         ;
; MIN_CORE_JUNCTION_TEMP              ; 0                                                                   ; --            ; --          ; --         ;
; MISC_FILE                           ; /home/steel1004/For MetroTek/Tasks_1_modification/2/coder/coder.dpf ; --            ; --          ; --         ;
; PARTITION_COLOR                     ; 16764057                                                            ; --            ; --          ; Top        ;
; PARTITION_FITTER_PRESERVATION_LEVEL ; PLACEMENT_AND_ROUTING                                               ; --            ; --          ; Top        ;
; PARTITION_NETLIST_TYPE              ; SOURCE                                                              ; --            ; --          ; Top        ;
+-------------------------------------+---------------------------------------------------------------------+---------------+-------------+------------+


+--------------------------------------------------------------------------------------------------------------------------+
; Flow Elapsed Time                                                                                                        ;
+----------------------+--------------+-------------------------+---------------------+------------------------------------+
; Module Name          ; Elapsed Time ; Average Processors Used ; Peak Virtual Memory ; Total CPU Time (on all processors) ;
+----------------------+--------------+-------------------------+---------------------+------------------------------------+
; Analysis & Synthesis ; 00:01:44     ; 1.0                     ; --                  ; 00:01:32                           ;
; Total                ; 00:01:44     ; --                      ; --                  ; 00:01:32                           ;
+----------------------+--------------+-------------------------+---------------------+------------------------------------+


+----------------------------------------------------------------------------------------+
; Flow OS Summary                                                                        ;
+----------------------+------------------+----------------+------------+----------------+
; Module Name          ; Machine Hostname ; OS Name        ; OS Version ; Processor type ;
+----------------------+------------------+----------------+------------+----------------+
; Analysis & Synthesis ; steel1004-laptop ; Ubuntu 10.04.2 ; 10         ; i686           ;
+----------------------+------------------+----------------+------------+----------------+


------------
; Flow Log ;
------------
quartus_map --read_settings_files=on --write_settings_files=off coder -c coder



